[0.062s] Invoking command in '/home/yunfeibi/Ros_projects/ros2-learning/chapt10/build/learn_executor_cpp': CMAKE_PREFIX_PATH=${CMAKE_PREFIX_PATH}:/home/yunfeibi/Ros_projects/ros2-learning/chapt10/install/learn_qos_py:/home/yunfeibi/Ros_projects/ros2-learning/chapt10/install/learn_message_filter_py:/home/yunfeibi/Ros_projects/ros2-learning/chapt10/install/learn_lifecyclenode_py:/home/yunfeibi/Ros_projects/ros2-learning/chapt10/install/learn_executor_py:/opt/ros/rolling /usr/bin/cmake /home/yunfeibi/Ros_projects/ros2-learning/chapt10/src/learn_executor_cpp -DCMAKE_INSTALL_PREFIX=/home/yunfeibi/Ros_projects/ros2-learning/chapt10/install/learn_executor_cpp
[0.798s] -- The C compiler identification is GNU 9.4.0
[0.798s] -- The CXX compiler identification is GNU 9.4.0
[0.798s] -- Check for working C compiler: /usr/bin/cc
[0.798s] -- Check for working C compiler: /usr/bin/cc -- works
[0.798s] -- Detecting C compiler ABI info
[0.798s] -- Detecting C compiler ABI info - done
[0.798s] -- Detecting C compile features
[0.798s] -- Detecting C compile features - done
[0.798s] -- Check for working CXX compiler: /usr/bin/c++
[0.798s] -- Check for working CXX compiler: /usr/bin/c++ -- works
[0.798s] -- Detecting CXX compiler ABI info
[0.798s] -- Detecting CXX compiler ABI info - done
[0.799s] -- Detecting CXX compile features
[0.799s] -- Detecting CXX compile features - done
[0.799s] -- Found ament_cmake: 1.2.1 (/opt/ros/rolling/share/ament_cmake/cmake)
[0.799s] -- Found Python3: /usr/bin/python3.8 (found version "3.8.10") found components: Interpreter 
[0.799s] -- Found rclcpp: 15.0.0 (/opt/ros/rolling/share/rclcpp/cmake)
[0.799s] -- Using all available rosidl_typesupport_c: rosidl_typesupport_fastrtps_c;rosidl_typesupport_introspection_c
[0.799s] -- Found rosidl_adapter: 3.0.1 (/opt/ros/rolling/share/rosidl_adapter/cmake)
[0.799s] -- Using all available rosidl_typesupport_cpp: rosidl_typesupport_fastrtps_cpp;rosidl_typesupport_introspection_cpp
[0.799s] -- Found rmw_implementation_cmake: 5.1.0 (/opt/ros/rolling/share/rmw_implementation_cmake/cmake)
[0.799s] -- Found rmw_cyclonedds_cpp: 1.1.2 (/opt/ros/rolling/share/rmw_cyclonedds_cpp/cmake)
[0.803s] -- Using RMW implementation 'rmw_cyclonedds_cpp' as default
[0.934s] -- Found example_interfaces: 0.9.2 (/opt/ros/rolling/share/example_interfaces/cmake)
[1.104s] -- Found ament_lint_auto: 0.11.4 (/opt/ros/rolling/share/ament_lint_auto/cmake)
[1.181s] -- Added test 'cppcheck' to perform static code analysis on C / C++ code
[1.182s] -- Configured cppcheck include dirs: 
[1.182s] -- Configured cppcheck exclude dirs and/or files: 
[1.183s] -- Added test 'lint_cmake' to check CMake code style
[1.184s] -- Added test 'uncrustify' to check C / C++ code style
[1.184s] -- Configured uncrustify additional arguments: 
[1.185s] -- Added test 'xmllint' to check XML markup files
[1.194s] -- Configuring done
[1.206s] -- Generating done
[1.216s] -- Build files have been written to: /home/yunfeibi/Ros_projects/ros2-learning/chapt10/build/learn_executor_cpp
[1.227s] Invoked command in '/home/yunfeibi/Ros_projects/ros2-learning/chapt10/build/learn_executor_cpp' returned '0': CMAKE_PREFIX_PATH=${CMAKE_PREFIX_PATH}:/home/yunfeibi/Ros_projects/ros2-learning/chapt10/install/learn_qos_py:/home/yunfeibi/Ros_projects/ros2-learning/chapt10/install/learn_message_filter_py:/home/yunfeibi/Ros_projects/ros2-learning/chapt10/install/learn_lifecyclenode_py:/home/yunfeibi/Ros_projects/ros2-learning/chapt10/install/learn_executor_py:/opt/ros/rolling /usr/bin/cmake /home/yunfeibi/Ros_projects/ros2-learning/chapt10/src/learn_executor_cpp -DCMAKE_INSTALL_PREFIX=/home/yunfeibi/Ros_projects/ros2-learning/chapt10/install/learn_executor_cpp
[1.227s] Invoking command in '/home/yunfeibi/Ros_projects/ros2-learning/chapt10/build/learn_executor_cpp': CMAKE_PREFIX_PATH=${CMAKE_PREFIX_PATH}:/home/yunfeibi/Ros_projects/ros2-learning/chapt10/install/learn_qos_py:/home/yunfeibi/Ros_projects/ros2-learning/chapt10/install/learn_message_filter_py:/home/yunfeibi/Ros_projects/ros2-learning/chapt10/install/learn_lifecyclenode_py:/home/yunfeibi/Ros_projects/ros2-learning/chapt10/install/learn_executor_py:/opt/ros/rolling /usr/bin/cmake --build /home/yunfeibi/Ros_projects/ros2-learning/chapt10/build/learn_executor_cpp -- -j12 -l12
[1.319s] [35m[1mScanning dependencies of target learn_executor[0m
[1.416s] [ 50%] [32mBuilding CXX object CMakeFiles/learn_executor.dir/src/learn_executor.cpp.o[0m
[6.043s] [100%] [32m[1mLinking CXX executable learn_executor[0m
[6.214s] [100%] Built target learn_executor
[6.228s] Invoked command in '/home/yunfeibi/Ros_projects/ros2-learning/chapt10/build/learn_executor_cpp' returned '0': CMAKE_PREFIX_PATH=${CMAKE_PREFIX_PATH}:/home/yunfeibi/Ros_projects/ros2-learning/chapt10/install/learn_qos_py:/home/yunfeibi/Ros_projects/ros2-learning/chapt10/install/learn_message_filter_py:/home/yunfeibi/Ros_projects/ros2-learning/chapt10/install/learn_lifecyclenode_py:/home/yunfeibi/Ros_projects/ros2-learning/chapt10/install/learn_executor_py:/opt/ros/rolling /usr/bin/cmake --build /home/yunfeibi/Ros_projects/ros2-learning/chapt10/build/learn_executor_cpp -- -j12 -l12
[6.229s] Invoking command in '/home/yunfeibi/Ros_projects/ros2-learning/chapt10/build/learn_executor_cpp': CMAKE_PREFIX_PATH=${CMAKE_PREFIX_PATH}:/home/yunfeibi/Ros_projects/ros2-learning/chapt10/install/learn_qos_py:/home/yunfeibi/Ros_projects/ros2-learning/chapt10/install/learn_message_filter_py:/home/yunfeibi/Ros_projects/ros2-learning/chapt10/install/learn_lifecyclenode_py:/home/yunfeibi/Ros_projects/ros2-learning/chapt10/install/learn_executor_py:/opt/ros/rolling /usr/bin/cmake --install /home/yunfeibi/Ros_projects/ros2-learning/chapt10/build/learn_executor_cpp
[6.240s] -- Install configuration: ""
[6.240s] -- Installing: /home/yunfeibi/Ros_projects/ros2-learning/chapt10/install/learn_executor_cpp/lib/learn_executor_cpp/learn_executor
[6.242s] -- Set runtime path of "/home/yunfeibi/Ros_projects/ros2-learning/chapt10/install/learn_executor_cpp/lib/learn_executor_cpp/learn_executor" to ""
[6.242s] -- Installing: /home/yunfeibi/Ros_projects/ros2-learning/chapt10/install/learn_executor_cpp/share/ament_index/resource_index/package_run_dependencies/learn_executor_cpp
[6.242s] -- Installing: /home/yunfeibi/Ros_projects/ros2-learning/chapt10/install/learn_executor_cpp/share/ament_index/resource_index/parent_prefix_path/learn_executor_cpp
[6.243s] -- Installing: /home/yunfeibi/Ros_projects/ros2-learning/chapt10/install/learn_executor_cpp/share/learn_executor_cpp/environment/ament_prefix_path.sh
[6.243s] -- Installing: /home/yunfeibi/Ros_projects/ros2-learning/chapt10/install/learn_executor_cpp/share/learn_executor_cpp/environment/ament_prefix_path.dsv
[6.243s] -- Installing: /home/yunfeibi/Ros_projects/ros2-learning/chapt10/install/learn_executor_cpp/share/learn_executor_cpp/environment/path.sh
[6.243s] -- Installing: /home/yunfeibi/Ros_projects/ros2-learning/chapt10/install/learn_executor_cpp/share/learn_executor_cpp/environment/path.dsv
[6.243s] -- Installing: /home/yunfeibi/Ros_projects/ros2-learning/chapt10/install/learn_executor_cpp/share/learn_executor_cpp/local_setup.bash
[6.243s] -- Installing: /home/yunfeibi/Ros_projects/ros2-learning/chapt10/install/learn_executor_cpp/share/learn_executor_cpp/local_setup.sh
[6.244s] -- Installing: /home/yunfeibi/Ros_projects/ros2-learning/chapt10/install/learn_executor_cpp/share/learn_executor_cpp/local_setup.zsh
[6.244s] -- Installing: /home/yunfeibi/Ros_projects/ros2-learning/chapt10/install/learn_executor_cpp/share/learn_executor_cpp/local_setup.dsv
[6.244s] -- Installing: /home/yunfeibi/Ros_projects/ros2-learning/chapt10/install/learn_executor_cpp/share/learn_executor_cpp/package.dsv
[6.244s] -- Installing: /home/yunfeibi/Ros_projects/ros2-learning/chapt10/install/learn_executor_cpp/share/ament_index/resource_index/packages/learn_executor_cpp
[6.244s] -- Installing: /home/yunfeibi/Ros_projects/ros2-learning/chapt10/install/learn_executor_cpp/share/learn_executor_cpp/cmake/learn_executor_cppConfig.cmake
[6.244s] -- Installing: /home/yunfeibi/Ros_projects/ros2-learning/chapt10/install/learn_executor_cpp/share/learn_executor_cpp/cmake/learn_executor_cppConfig-version.cmake
[6.245s] -- Installing: /home/yunfeibi/Ros_projects/ros2-learning/chapt10/install/learn_executor_cpp/share/learn_executor_cpp/package.xml
[6.247s] Invoked command in '/home/yunfeibi/Ros_projects/ros2-learning/chapt10/build/learn_executor_cpp' returned '0': CMAKE_PREFIX_PATH=${CMAKE_PREFIX_PATH}:/home/yunfeibi/Ros_projects/ros2-learning/chapt10/install/learn_qos_py:/home/yunfeibi/Ros_projects/ros2-learning/chapt10/install/learn_message_filter_py:/home/yunfeibi/Ros_projects/ros2-learning/chapt10/install/learn_lifecyclenode_py:/home/yunfeibi/Ros_projects/ros2-learning/chapt10/install/learn_executor_py:/opt/ros/rolling /usr/bin/cmake --install /home/yunfeibi/Ros_projects/ros2-learning/chapt10/build/learn_executor_cpp
