[0.010s] Invoking command in '/home/yunfeibi/Ros_projects/chapt6_ws/build/fishbot_description': CMAKE_PREFIX_PATH=${CMAKE_PREFIX_PATH}:/opt/ros/foxy /usr/bin/cmake /home/yunfeibi/Ros_projects/chapt6_ws/src/fishbot_description -DCMAKE_INSTALL_PREFIX=/home/yunfeibi/Ros_projects/chapt6_ws/install/fishbot_description
[0.092s] -- The C compiler identification is GNU 9.4.0
[0.155s] -- The CXX compiler identification is GNU 9.4.0
[0.161s] -- Check for working C compiler: /usr/bin/cc
[0.232s] -- Check for working C compiler: /usr/bin/cc -- works
[0.233s] -- Detecting C compiler ABI info
[0.310s] -- Detecting C compiler ABI info - done
[0.322s] -- Detecting C compile features
[0.322s] -- Detecting C compile features - done
[0.324s] -- Check for working CXX compiler: /usr/bin/c++
[0.404s] -- Check for working CXX compiler: /usr/bin/c++ -- works
[0.405s] -- Detecting CXX compiler ABI info
[0.485s] -- Detecting CXX compiler ABI info - done
[0.492s] -- Detecting CXX compile features
[0.493s] -- Detecting CXX compile features - done
[0.497s] -- Found ament_cmake: 0.9.12 (/opt/ros/foxy/share/ament_cmake/cmake)
[0.525s] -- Found PythonInterp: /usr/bin/python3 (found suitable version "3.8.10", minimum required is "3") 
[0.525s] -- Using PYTHON_EXECUTABLE: /usr/bin/python3
[0.676s] -- Found ament_lint_auto: 0.9.8 (/opt/ros/foxy/share/ament_lint_auto/cmake)
[0.742s] -- Added test 'copyright' to check source files copyright and LICENSE
[0.746s] -- Added test 'flake8' to check Python code syntax and style conventions
[0.747s] -- Added test 'lint_cmake' to check CMake code style
[0.747s] -- Added test 'pep257' to check Python code against some of the style conventions in PEP 257
[0.750s] -- Added test 'xmllint' to check XML markup files
[0.752s] -- Configuring done
[0.753s] -- Generating done
[0.754s] -- Build files have been written to: /home/yunfeibi/Ros_projects/chapt6_ws/build/fishbot_description
[0.757s] Invoked command in '/home/yunfeibi/Ros_projects/chapt6_ws/build/fishbot_description' returned '0': CMAKE_PREFIX_PATH=${CMAKE_PREFIX_PATH}:/opt/ros/foxy /usr/bin/cmake /home/yunfeibi/Ros_projects/chapt6_ws/src/fishbot_description -DCMAKE_INSTALL_PREFIX=/home/yunfeibi/Ros_projects/chapt6_ws/install/fishbot_description
[0.760s] Invoking command in '/home/yunfeibi/Ros_projects/chapt6_ws/build/fishbot_description': CMAKE_PREFIX_PATH=${CMAKE_PREFIX_PATH}:/opt/ros/foxy /usr/bin/cmake --build /home/yunfeibi/Ros_projects/chapt6_ws/build/fishbot_description -- -j12 -l12
[0.804s] Invoked command in '/home/yunfeibi/Ros_projects/chapt6_ws/build/fishbot_description' returned '0': CMAKE_PREFIX_PATH=${CMAKE_PREFIX_PATH}:/opt/ros/foxy /usr/bin/cmake --build /home/yunfeibi/Ros_projects/chapt6_ws/build/fishbot_description -- -j12 -l12
[0.816s] Invoking command in '/home/yunfeibi/Ros_projects/chapt6_ws/build/fishbot_description': CMAKE_PREFIX_PATH=${CMAKE_PREFIX_PATH}:/opt/ros/foxy /usr/bin/cmake --install /home/yunfeibi/Ros_projects/chapt6_ws/build/fishbot_description
[0.826s] -- Install configuration: ""
[0.826s] -- Installing: /home/yunfeibi/Ros_projects/chapt6_ws/install/fishbot_description/share/fishbot_description/launch
[0.826s] -- Installing: /home/yunfeibi/Ros_projects/chapt6_ws/install/fishbot_description/share/fishbot_description/launch/__pycache__
[0.826s] -- Installing: /home/yunfeibi/Ros_projects/chapt6_ws/install/fishbot_description/share/fishbot_description/launch/__pycache__/display_robot.launch.cpython-38.pyc
[0.827s] -- Installing: /home/yunfeibi/Ros_projects/chapt6_ws/install/fishbot_description/share/fishbot_description/launch/gazebo_sim.launch.py
[0.827s] -- Installing: /home/yunfeibi/Ros_projects/chapt6_ws/install/fishbot_description/share/fishbot_description/launch/display_robot.launch.py
[0.827s] -- Installing: /home/yunfeibi/Ros_projects/chapt6_ws/install/fishbot_description/share/fishbot_description/urdf
[0.827s] -- Installing: /home/yunfeibi/Ros_projects/chapt6_ws/install/fishbot_description/share/fishbot_description/urdf/first_robot.xacro
[0.827s] -- Installing: /home/yunfeibi/Ros_projects/chapt6_ws/install/fishbot_description/share/fishbot_description/urdf/first_robot.pdf
[0.828s] -- Installing: /home/yunfeibi/Ros_projects/chapt6_ws/install/fishbot_description/share/fishbot_description/urdf/fishbot
[0.828s] -- Installing: /home/yunfeibi/Ros_projects/chapt6_ws/install/fishbot_description/share/fishbot_description/urdf/fishbot/plugins
[0.828s] -- Installing: /home/yunfeibi/Ros_projects/chapt6_ws/install/fishbot_description/share/fishbot_description/urdf/fishbot/plugins/gazebo_control_plugin.xacro
[0.828s] -- Installing: /home/yunfeibi/Ros_projects/chapt6_ws/install/fishbot_description/share/fishbot_description/urdf/fishbot/plugins/gazebo_sensor_plugin.xacro
[0.828s] -- Installing: /home/yunfeibi/Ros_projects/chapt6_ws/install/fishbot_description/share/fishbot_description/urdf/fishbot/actuator
[0.828s] -- Installing: /home/yunfeibi/Ros_projects/chapt6_ws/install/fishbot_description/share/fishbot_description/urdf/fishbot/actuator/wheel.urdf.xacro
[0.829s] -- Installing: /home/yunfeibi/Ros_projects/chapt6_ws/install/fishbot_description/share/fishbot_description/urdf/fishbot/actuator/caster.urdf.xacro
[0.829s] -- Installing: /home/yunfeibi/Ros_projects/chapt6_ws/install/fishbot_description/share/fishbot_description/urdf/fishbot/sensor
[0.829s] -- Installing: /home/yunfeibi/Ros_projects/chapt6_ws/install/fishbot_description/share/fishbot_description/urdf/fishbot/sensor/imu.urdf.xacro
[0.829s] -- Installing: /home/yunfeibi/Ros_projects/chapt6_ws/install/fishbot_description/share/fishbot_description/urdf/fishbot/sensor/laser.urdf.xacro
[0.829s] -- Installing: /home/yunfeibi/Ros_projects/chapt6_ws/install/fishbot_description/share/fishbot_description/urdf/fishbot/sensor/camera.urdf.xacro
[0.829s] -- Installing: /home/yunfeibi/Ros_projects/chapt6_ws/install/fishbot_description/share/fishbot_description/urdf/fishbot/common_inertia.xacro
[0.829s] -- Installing: /home/yunfeibi/Ros_projects/chapt6_ws/install/fishbot_description/share/fishbot_description/urdf/fishbot/base.urdf.xacro
[0.829s] -- Installing: /home/yunfeibi/Ros_projects/chapt6_ws/install/fishbot_description/share/fishbot_description/urdf/fishbot/fishbot.urdf.xacro
[0.830s] -- Installing: /home/yunfeibi/Ros_projects/chapt6_ws/install/fishbot_description/share/fishbot_description/urdf/first_robot.gv
[0.830s] -- Installing: /home/yunfeibi/Ros_projects/chapt6_ws/install/fishbot_description/share/fishbot_description/urdf/first_robot.urdf
[0.830s] -- Installing: /home/yunfeibi/Ros_projects/chapt6_ws/install/fishbot_description/share/fishbot_description/config
[0.830s] -- Installing: /home/yunfeibi/Ros_projects/chapt6_ws/install/fishbot_description/share/fishbot_description/config/display_robot_model.rviz
[0.830s] -- Installing: /home/yunfeibi/Ros_projects/chapt6_ws/install/fishbot_description/share/fishbot_description/world
[0.830s] -- Installing: /home/yunfeibi/Ros_projects/chapt6_ws/install/fishbot_description/share/fishbot_description/world/room
[0.830s] -- Installing: /home/yunfeibi/Ros_projects/chapt6_ws/install/fishbot_description/share/fishbot_description/world/room/model.sdf
[0.830s] -- Installing: /home/yunfeibi/Ros_projects/chapt6_ws/install/fishbot_description/share/fishbot_description/world/room/model.config
[0.830s] -- Installing: /home/yunfeibi/Ros_projects/chapt6_ws/install/fishbot_description/share/fishbot_description/world/custom_room.world
[0.831s] -- Installing: /home/yunfeibi/Ros_projects/chapt6_ws/install/fishbot_description/share/ament_index/resource_index/package_run_dependencies/fishbot_description
[0.831s] -- Installing: /home/yunfeibi/Ros_projects/chapt6_ws/install/fishbot_description/share/ament_index/resource_index/parent_prefix_path/fishbot_description
[0.831s] -- Installing: /home/yunfeibi/Ros_projects/chapt6_ws/install/fishbot_description/share/fishbot_description/environment/ament_prefix_path.sh
[0.831s] -- Installing: /home/yunfeibi/Ros_projects/chapt6_ws/install/fishbot_description/share/fishbot_description/environment/ament_prefix_path.dsv
[0.831s] -- Installing: /home/yunfeibi/Ros_projects/chapt6_ws/install/fishbot_description/share/fishbot_description/environment/path.sh
[0.831s] -- Installing: /home/yunfeibi/Ros_projects/chapt6_ws/install/fishbot_description/share/fishbot_description/environment/path.dsv
[0.831s] -- Installing: /home/yunfeibi/Ros_projects/chapt6_ws/install/fishbot_description/share/fishbot_description/local_setup.bash
[0.832s] -- Installing: /home/yunfeibi/Ros_projects/chapt6_ws/install/fishbot_description/share/fishbot_description/local_setup.sh
[0.832s] -- Installing: /home/yunfeibi/Ros_projects/chapt6_ws/install/fishbot_description/share/fishbot_description/local_setup.zsh
[0.832s] -- Installing: /home/yunfeibi/Ros_projects/chapt6_ws/install/fishbot_description/share/fishbot_description/local_setup.dsv
[0.832s] -- Installing: /home/yunfeibi/Ros_projects/chapt6_ws/install/fishbot_description/share/fishbot_description/package.dsv
[0.832s] -- Installing: /home/yunfeibi/Ros_projects/chapt6_ws/install/fishbot_description/share/ament_index/resource_index/packages/fishbot_description
[0.832s] -- Installing: /home/yunfeibi/Ros_projects/chapt6_ws/install/fishbot_description/share/fishbot_description/cmake/fishbot_descriptionConfig.cmake
[0.832s] -- Installing: /home/yunfeibi/Ros_projects/chapt6_ws/install/fishbot_description/share/fishbot_description/cmake/fishbot_descriptionConfig-version.cmake
[0.833s] -- Installing: /home/yunfeibi/Ros_projects/chapt6_ws/install/fishbot_description/share/fishbot_description/package.xml
[0.834s] Invoked command in '/home/yunfeibi/Ros_projects/chapt6_ws/build/fishbot_description' returned '0': CMAKE_PREFIX_PATH=${CMAKE_PREFIX_PATH}:/opt/ros/foxy /usr/bin/cmake --install /home/yunfeibi/Ros_projects/chapt6_ws/build/fishbot_description
