/home/yunfeibi/Ros_projects/ros2-learning/chapt2/chapt2_ws/src_python/install/demo_python_pkg/lib/python3.8/site-packages/demo_python_pkg/learn_thread.py
/home/yunfeibi/Ros_projects/ros2-learning/chapt2/chapt2_ws/src_python/install/demo_python_pkg/lib/python3.8/site-packages/demo_python_pkg/writer_node.py
/home/yunfeibi/Ros_projects/ros2-learning/chapt2/chapt2_ws/src_python/install/demo_python_pkg/lib/python3.8/site-packages/demo_python_pkg/python_node.py
/home/yunfeibi/Ros_projects/ros2-learning/chapt2/chapt2_ws/src_python/install/demo_python_pkg/lib/python3.8/site-packages/demo_python_pkg/__init__.py
/home/yunfeibi/Ros_projects/ros2-learning/chapt2/chapt2_ws/src_python/install/demo_python_pkg/lib/python3.8/site-packages/demo_python_pkg/person_node.py
/home/yunfeibi/Ros_projects/ros2-learning/chapt2/chapt2_ws/src_python/install/demo_python_pkg/lib/python3.8/site-packages/demo_python_pkg/__pycache__/learn_thread.cpython-38.pyc
/home/yunfeibi/Ros_projects/ros2-learning/chapt2/chapt2_ws/src_python/install/demo_python_pkg/lib/python3.8/site-packages/demo_python_pkg/__pycache__/writer_node.cpython-38.pyc
/home/yunfeibi/Ros_projects/ros2-learning/chapt2/chapt2_ws/src_python/install/demo_python_pkg/lib/python3.8/site-packages/demo_python_pkg/__pycache__/python_node.cpython-38.pyc
/home/yunfeibi/Ros_projects/ros2-learning/chapt2/chapt2_ws/src_python/install/demo_python_pkg/lib/python3.8/site-packages/demo_python_pkg/__pycache__/__init__.cpython-38.pyc
/home/yunfeibi/Ros_projects/ros2-learning/chapt2/chapt2_ws/src_python/install/demo_python_pkg/lib/python3.8/site-packages/demo_python_pkg/__pycache__/person_node.cpython-38.pyc
/home/yunfeibi/Ros_projects/ros2-learning/chapt2/chapt2_ws/src_python/install/demo_python_pkg/share/ament_index/resource_index/packages/demo_python_pkg
/home/yunfeibi/Ros_projects/ros2-learning/chapt2/chapt2_ws/src_python/install/demo_python_pkg/share/demo_python_pkg/package.xml
/home/yunfeibi/Ros_projects/ros2-learning/chapt2/chapt2_ws/src_python/install/demo_python_pkg/lib/python3.8/site-packages/demo_python_pkg-0.0.0-py3.8.egg-info/dependency_links.txt
/home/yunfeibi/Ros_projects/ros2-learning/chapt2/chapt2_ws/src_python/install/demo_python_pkg/lib/python3.8/site-packages/demo_python_pkg-0.0.0-py3.8.egg-info/zip-safe
/home/yunfeibi/Ros_projects/ros2-learning/chapt2/chapt2_ws/src_python/install/demo_python_pkg/lib/python3.8/site-packages/demo_python_pkg-0.0.0-py3.8.egg-info/entry_points.txt
/home/yunfeibi/Ros_projects/ros2-learning/chapt2/chapt2_ws/src_python/install/demo_python_pkg/lib/python3.8/site-packages/demo_python_pkg-0.0.0-py3.8.egg-info/requires.txt
/home/yunfeibi/Ros_projects/ros2-learning/chapt2/chapt2_ws/src_python/install/demo_python_pkg/lib/python3.8/site-packages/demo_python_pkg-0.0.0-py3.8.egg-info/PKG-INFO
/home/yunfeibi/Ros_projects/ros2-learning/chapt2/chapt2_ws/src_python/install/demo_python_pkg/lib/python3.8/site-packages/demo_python_pkg-0.0.0-py3.8.egg-info/top_level.txt
/home/yunfeibi/Ros_projects/ros2-learning/chapt2/chapt2_ws/src_python/install/demo_python_pkg/lib/python3.8/site-packages/demo_python_pkg-0.0.0-py3.8.egg-info/SOURCES.txt
/home/yunfeibi/Ros_projects/ros2-learning/chapt2/chapt2_ws/src_python/install/demo_python_pkg/lib/demo_python_pkg/learn_thread
/home/yunfeibi/Ros_projects/ros2-learning/chapt2/chapt2_ws/src_python/install/demo_python_pkg/lib/demo_python_pkg/person_node
/home/yunfeibi/Ros_projects/ros2-learning/chapt2/chapt2_ws/src_python/install/demo_python_pkg/lib/demo_python_pkg/python_node
/home/yunfeibi/Ros_projects/ros2-learning/chapt2/chapt2_ws/src_python/install/demo_python_pkg/lib/demo_python_pkg/writer_node
