[0.453s] Invoking command in '/home/yunfeibi/Ros_projects/ros2-learning/chapt2/chapt2_ws/src/demo_python_pkg': PYTHONPATH=/home/yunfeibi/Ros_projects/ros2-learning/chapt2/chapt2_ws/src/build/demo_python_pkg/prefix_override:/usr/lib/python3/dist-packages/colcon_core/task/python/colcon_distutils_commands:/home/yunfeibi/Ros_projects/ros2-learning/chapt2/chapt2_ws/src/install/demo_python_pkg/lib/python3.8/site-packages:${PYTHONPATH} /usr/bin/python3 -W ignore:setup.py install is deprecated -W ignore:easy_install command is deprecated setup.py egg_info --egg-base ../build/demo_python_pkg build --build-base /home/yunfeibi/Ros_projects/ros2-learning/chapt2/chapt2_ws/src/build/demo_python_pkg/build install --record /home/yunfeibi/Ros_projects/ros2-learning/chapt2/chapt2_ws/src/build/demo_python_pkg/install.log --install-scripts $base/lib/demo_python_pkg --single-version-externally-managed install_data
[0.591s] running egg_info
[0.592s] creating ../build/demo_python_pkg/demo_python_pkg.egg-info
[0.592s] writing ../build/demo_python_pkg/demo_python_pkg.egg-info/PKG-INFO
[0.592s] writing dependency_links to ../build/demo_python_pkg/demo_python_pkg.egg-info/dependency_links.txt
[0.592s] writing entry points to ../build/demo_python_pkg/demo_python_pkg.egg-info/entry_points.txt
[0.592s] writing requirements to ../build/demo_python_pkg/demo_python_pkg.egg-info/requires.txt
[0.592s] writing top-level names to ../build/demo_python_pkg/demo_python_pkg.egg-info/top_level.txt
[0.593s] writing manifest file '../build/demo_python_pkg/demo_python_pkg.egg-info/SOURCES.txt'
[0.616s] reading manifest file '../build/demo_python_pkg/demo_python_pkg.egg-info/SOURCES.txt'
[0.616s] writing manifest file '../build/demo_python_pkg/demo_python_pkg.egg-info/SOURCES.txt'
[0.616s] running build
[0.617s] running build_py
[0.617s] creating /home/yunfeibi/Ros_projects/ros2-learning/chapt2/chapt2_ws/src/build/demo_python_pkg/build
[0.617s] creating /home/yunfeibi/Ros_projects/ros2-learning/chapt2/chapt2_ws/src/build/demo_python_pkg/build/lib
[0.617s] creating /home/yunfeibi/Ros_projects/ros2-learning/chapt2/chapt2_ws/src/build/demo_python_pkg/build/lib/demo_python_pkg
[0.617s] copying demo_python_pkg/python_node.py -> /home/yunfeibi/Ros_projects/ros2-learning/chapt2/chapt2_ws/src/build/demo_python_pkg/build/lib/demo_python_pkg
[0.617s] copying demo_python_pkg/__init__.py -> /home/yunfeibi/Ros_projects/ros2-learning/chapt2/chapt2_ws/src/build/demo_python_pkg/build/lib/demo_python_pkg
[0.617s] running install
[0.618s] running install_lib
[0.618s] creating /home/yunfeibi/Ros_projects/ros2-learning/chapt2/chapt2_ws/src/install/demo_python_pkg/lib/python3.8/site-packages/demo_python_pkg
[0.618s] copying /home/yunfeibi/Ros_projects/ros2-learning/chapt2/chapt2_ws/src/build/demo_python_pkg/build/lib/demo_python_pkg/python_node.py -> /home/yunfeibi/Ros_projects/ros2-learning/chapt2/chapt2_ws/src/install/demo_python_pkg/lib/python3.8/site-packages/demo_python_pkg
[0.619s] copying /home/yunfeibi/Ros_projects/ros2-learning/chapt2/chapt2_ws/src/build/demo_python_pkg/build/lib/demo_python_pkg/__init__.py -> /home/yunfeibi/Ros_projects/ros2-learning/chapt2/chapt2_ws/src/install/demo_python_pkg/lib/python3.8/site-packages/demo_python_pkg
[0.619s] byte-compiling /home/yunfeibi/Ros_projects/ros2-learning/chapt2/chapt2_ws/src/install/demo_python_pkg/lib/python3.8/site-packages/demo_python_pkg/python_node.py to python_node.cpython-38.pyc
[0.620s] byte-compiling /home/yunfeibi/Ros_projects/ros2-learning/chapt2/chapt2_ws/src/install/demo_python_pkg/lib/python3.8/site-packages/demo_python_pkg/__init__.py to __init__.cpython-38.pyc
[0.620s] running install_data
[0.620s] creating /home/yunfeibi/Ros_projects/ros2-learning/chapt2/chapt2_ws/src/install/demo_python_pkg/share/ament_index
[0.620s] creating /home/yunfeibi/Ros_projects/ros2-learning/chapt2/chapt2_ws/src/install/demo_python_pkg/share/ament_index/resource_index
[0.621s] creating /home/yunfeibi/Ros_projects/ros2-learning/chapt2/chapt2_ws/src/install/demo_python_pkg/share/ament_index/resource_index/packages
[0.621s] copying resource/demo_python_pkg -> /home/yunfeibi/Ros_projects/ros2-learning/chapt2/chapt2_ws/src/install/demo_python_pkg/share/ament_index/resource_index/packages
[0.621s] copying package.xml -> /home/yunfeibi/Ros_projects/ros2-learning/chapt2/chapt2_ws/src/install/demo_python_pkg/share/demo_python_pkg
[0.621s] running install_egg_info
[0.622s] Copying ../build/demo_python_pkg/demo_python_pkg.egg-info to /home/yunfeibi/Ros_projects/ros2-learning/chapt2/chapt2_ws/src/install/demo_python_pkg/lib/python3.8/site-packages/demo_python_pkg-0.0.0-py3.8.egg-info
[0.623s] running install_scripts
[0.635s] Installing python_node script to /home/yunfeibi/Ros_projects/ros2-learning/chapt2/chapt2_ws/src/install/demo_python_pkg/lib/demo_python_pkg
[0.635s] writing list of installed files to '/home/yunfeibi/Ros_projects/ros2-learning/chapt2/chapt2_ws/src/build/demo_python_pkg/install.log'
[0.648s] Invoked command in '/home/yunfeibi/Ros_projects/ros2-learning/chapt2/chapt2_ws/src/demo_python_pkg' returned '0': PYTHONPATH=/home/yunfeibi/Ros_projects/ros2-learning/chapt2/chapt2_ws/src/build/demo_python_pkg/prefix_override:/usr/lib/python3/dist-packages/colcon_core/task/python/colcon_distutils_commands:/home/yunfeibi/Ros_projects/ros2-learning/chapt2/chapt2_ws/src/install/demo_python_pkg/lib/python3.8/site-packages:${PYTHONPATH} /usr/bin/python3 -W ignore:setup.py install is deprecated -W ignore:easy_install command is deprecated setup.py egg_info --egg-base ../build/demo_python_pkg build --build-base /home/yunfeibi/Ros_projects/ros2-learning/chapt2/chapt2_ws/src/build/demo_python_pkg/build install --record /home/yunfeibi/Ros_projects/ros2-learning/chapt2/chapt2_ws/src/build/demo_python_pkg/install.log --install-scripts $base/lib/demo_python_pkg --single-version-externally-managed install_data
