[0.015s] Invoking command in '/home/yunfeibi/Ros_projects/ros2-learning/chapt2/chapt2_ws/src/build/demo_cpp_pkg': CMAKE_PREFIX_PATH=/opt/ros/foxy /usr/bin/cmake /home/yunfeibi/Ros_projects/ros2-learning/chapt2/chapt2_ws/src/demo_cpp_pkg -DCMAKE_INSTALL_PREFIX=/home/yunfeibi/Ros_projects/ros2-learning/chapt2/chapt2_ws/src/install/demo_cpp_pkg
[0.070s] -- The C compiler identification is GNU 9.4.0
[0.118s] -- The CXX compiler identification is GNU 9.4.0
[0.122s] -- Check for working C compiler: /usr/bin/cc
[0.189s] -- Check for working C compiler: /usr/bin/cc -- works
[0.189s] -- Detecting C compiler ABI info
[0.255s] -- Detecting C compiler ABI info - done
[0.269s] -- Detecting C compile features
[0.269s] -- Detecting C compile features - done
[0.272s] -- Check for working CXX compiler: /usr/bin/c++
[0.347s] -- Check for working CXX compiler: /usr/bin/c++ -- works
[0.348s] -- Detecting CXX compiler ABI info
[0.420s] -- Detecting CXX compiler ABI info - done
[0.431s] -- Detecting CXX compile features
[0.432s] -- Detecting CXX compile features - done
[0.435s] -- Found ament_cmake: 0.9.12 (/opt/ros/foxy/share/ament_cmake/cmake)
[0.454s] -- Found PythonInterp: /usr/bin/python3 (found suitable version "3.8.10", minimum required is "3") 
[0.457s] -- Using PYTHON_EXECUTABLE: /usr/bin/python3
[0.593s] -- Found ament_lint_auto: 0.9.8 (/opt/ros/foxy/share/ament_lint_auto/cmake)
[0.654s] -- Added test 'copyright' to check source files copyright and LICENSE
[0.656s] -- Added test 'lint_cmake' to check CMake code style
[0.658s] -- Added test 'xmllint' to check XML markup files
[0.660s] -- Configuring done
[0.663s] -- Generating done
[0.664s] -- Build files have been written to: /home/yunfeibi/Ros_projects/ros2-learning/chapt2/chapt2_ws/src/build/demo_cpp_pkg
[0.667s] Invoked command in '/home/yunfeibi/Ros_projects/ros2-learning/chapt2/chapt2_ws/src/build/demo_cpp_pkg' returned '0': CMAKE_PREFIX_PATH=/opt/ros/foxy /usr/bin/cmake /home/yunfeibi/Ros_projects/ros2-learning/chapt2/chapt2_ws/src/demo_cpp_pkg -DCMAKE_INSTALL_PREFIX=/home/yunfeibi/Ros_projects/ros2-learning/chapt2/chapt2_ws/src/install/demo_cpp_pkg
[0.669s] Invoking command in '/home/yunfeibi/Ros_projects/ros2-learning/chapt2/chapt2_ws/src/build/demo_cpp_pkg': CMAKE_PREFIX_PATH=/opt/ros/foxy /usr/bin/cmake --build /home/yunfeibi/Ros_projects/ros2-learning/chapt2/chapt2_ws/src/build/demo_cpp_pkg -- -j12 -l12
[0.712s] Invoked command in '/home/yunfeibi/Ros_projects/ros2-learning/chapt2/chapt2_ws/src/build/demo_cpp_pkg' returned '0': CMAKE_PREFIX_PATH=/opt/ros/foxy /usr/bin/cmake --build /home/yunfeibi/Ros_projects/ros2-learning/chapt2/chapt2_ws/src/build/demo_cpp_pkg -- -j12 -l12
[0.723s] Invoking command in '/home/yunfeibi/Ros_projects/ros2-learning/chapt2/chapt2_ws/src/build/demo_cpp_pkg': CMAKE_PREFIX_PATH=/opt/ros/foxy /usr/bin/cmake --install /home/yunfeibi/Ros_projects/ros2-learning/chapt2/chapt2_ws/src/build/demo_cpp_pkg
[0.729s] -- Install configuration: ""
[0.729s] -- Installing: /home/yunfeibi/Ros_projects/ros2-learning/chapt2/chapt2_ws/src/install/demo_cpp_pkg/share/ament_index/resource_index/package_run_dependencies/demo_cpp_pkg
[0.730s] -- Installing: /home/yunfeibi/Ros_projects/ros2-learning/chapt2/chapt2_ws/src/install/demo_cpp_pkg/share/ament_index/resource_index/parent_prefix_path/demo_cpp_pkg
[0.730s] -- Installing: /home/yunfeibi/Ros_projects/ros2-learning/chapt2/chapt2_ws/src/install/demo_cpp_pkg/share/demo_cpp_pkg/environment/ament_prefix_path.sh
[0.730s] -- Installing: /home/yunfeibi/Ros_projects/ros2-learning/chapt2/chapt2_ws/src/install/demo_cpp_pkg/share/demo_cpp_pkg/environment/ament_prefix_path.dsv
[0.730s] -- Installing: /home/yunfeibi/Ros_projects/ros2-learning/chapt2/chapt2_ws/src/install/demo_cpp_pkg/share/demo_cpp_pkg/environment/path.sh
[0.730s] -- Installing: /home/yunfeibi/Ros_projects/ros2-learning/chapt2/chapt2_ws/src/install/demo_cpp_pkg/share/demo_cpp_pkg/environment/path.dsv
[0.730s] -- Installing: /home/yunfeibi/Ros_projects/ros2-learning/chapt2/chapt2_ws/src/install/demo_cpp_pkg/share/demo_cpp_pkg/local_setup.bash
[0.730s] -- Installing: /home/yunfeibi/Ros_projects/ros2-learning/chapt2/chapt2_ws/src/install/demo_cpp_pkg/share/demo_cpp_pkg/local_setup.sh
[0.730s] -- Installing: /home/yunfeibi/Ros_projects/ros2-learning/chapt2/chapt2_ws/src/install/demo_cpp_pkg/share/demo_cpp_pkg/local_setup.zsh
[0.731s] -- Installing: /home/yunfeibi/Ros_projects/ros2-learning/chapt2/chapt2_ws/src/install/demo_cpp_pkg/share/demo_cpp_pkg/local_setup.dsv
[0.731s] -- Installing: /home/yunfeibi/Ros_projects/ros2-learning/chapt2/chapt2_ws/src/install/demo_cpp_pkg/share/demo_cpp_pkg/package.dsv
[0.731s] -- Installing: /home/yunfeibi/Ros_projects/ros2-learning/chapt2/chapt2_ws/src/install/demo_cpp_pkg/share/ament_index/resource_index/packages/demo_cpp_pkg
[0.731s] -- Installing: /home/yunfeibi/Ros_projects/ros2-learning/chapt2/chapt2_ws/src/install/demo_cpp_pkg/share/demo_cpp_pkg/cmake/demo_cpp_pkgConfig.cmake
[0.731s] -- Installing: /home/yunfeibi/Ros_projects/ros2-learning/chapt2/chapt2_ws/src/install/demo_cpp_pkg/share/demo_cpp_pkg/cmake/demo_cpp_pkgConfig-version.cmake
[0.731s] -- Installing: /home/yunfeibi/Ros_projects/ros2-learning/chapt2/chapt2_ws/src/install/demo_cpp_pkg/share/demo_cpp_pkg/package.xml
[0.733s] Invoked command in '/home/yunfeibi/Ros_projects/ros2-learning/chapt2/chapt2_ws/src/build/demo_cpp_pkg' returned '0': CMAKE_PREFIX_PATH=/opt/ros/foxy /usr/bin/cmake --install /home/yunfeibi/Ros_projects/ros2-learning/chapt2/chapt2_ws/src/build/demo_cpp_pkg
