[0.010s] Invoking command in '/home/yunfeibi/Ros_projects/ros2-learning/chapt4/build/demo_cpp_service': CMAKE_PREFIX_PATH=/home/yunfeibi/Ros_projects/ros2-learning/chapt4/install/chapt4_interfaces:/home/yunfeibi/Ros_projects/ros2-learning/chapt4/install/demo_cpp_service:/opt/ros/foxy CONDA_PROMPT_MODIFIER=(yxros) LD_LIBRARY_PATH=/home/yunfeibi/Ros_projects/ros2-learning/chapt4/install/chapt4_interfaces/lib:/home/yunfeibi/dev/grpc_install/lib:/opt/ros/foxy/opt/yaml_cpp_vendor/lib:/opt/ros/foxy/opt/rviz_ogre_vendor/lib:/opt/ros/foxy/lib/x86_64-linux-gnu:/opt/ros/foxy/lib:/home/yunfeibi/dev/grpc_install/lib PYTHONPATH=/home/yunfeibi/Ros_projects/ros2-learning/chapt4/install/chapt4_interfaces/lib/python3.8/site-packages:/home/yunfeibi/Ros_projects/ros2-learning/chapt4/install/demo_python_service/lib/python3.8/site-packages:/opt/ros/foxy/lib/python3.8/site-packages /usr/bin/cmake /home/yunfeibi/Ros_projects/ros2-learning/chapt4/demo_cpp_service -DCMAKE_INSTALL_PREFIX=/home/yunfeibi/Ros_projects/ros2-learning/chapt4/install/demo_cpp_service
[0.067s] -- The C compiler identification is GNU 9.4.0
[0.123s] -- The CXX compiler identification is GNU 9.4.0
[0.128s] -- Check for working C compiler: /usr/bin/cc
[0.205s] -- Check for working C compiler: /usr/bin/cc -- works
[0.205s] -- Detecting C compiler ABI info
[0.277s] -- Detecting C compiler ABI info - done
[0.288s] -- Detecting C compile features
[0.288s] -- Detecting C compile features - done
[0.290s] -- Check for working CXX compiler: /usr/bin/c++
[0.368s] -- Check for working CXX compiler: /usr/bin/c++ -- works
[0.368s] -- Detecting CXX compiler ABI info
[0.450s] -- Detecting CXX compiler ABI info - done
[0.459s] -- Detecting CXX compile features
[0.459s] -- Detecting CXX compile features - done
[0.461s] -- Found ament_cmake: 0.9.12 (/opt/ros/foxy/share/ament_cmake/cmake)
[0.477s] -- Found PythonInterp: /home/yunfeibi/miniconda3/envs/yxros/bin/python3 (found suitable version "3.8.20", minimum required is "3") 
[0.477s] -- Using PYTHON_EXECUTABLE: /home/yunfeibi/miniconda3/envs/yxros/bin/python3
[0.579s] -- Found chapt4_interfaces: 0.0.0 (/home/yunfeibi/Ros_projects/ros2-learning/chapt4/install/chapt4_interfaces/share/chapt4_interfaces/cmake)
[0.604s] -- Using all available rosidl_typesupport_c: rosidl_typesupport_fastrtps_c;rosidl_typesupport_introspection_c
[0.608s] -- Found rosidl_adapter: 1.3.1 (/opt/ros/foxy/share/rosidl_adapter/cmake)
[0.714s] -- Found OpenSSL: /usr/lib/x86_64-linux-gnu/libcrypto.so (found version "1.1.1f")  
[0.744s] -- Found FastRTPS: /opt/ros/foxy/include  
[0.810s] -- Using all available rosidl_typesupport_cpp: rosidl_typesupport_fastrtps_cpp;rosidl_typesupport_introspection_cpp
[1.011s] -- Found rclcpp: 2.4.3 (/opt/ros/foxy/share/rclcpp/cmake)
[1.041s] -- Found rmw_implementation_cmake: 1.0.4 (/opt/ros/foxy/share/rmw_implementation_cmake/cmake)
[1.043s] -- Using RMW implementation 'rmw_fastrtps_cpp' as default
[1.043s] -- Looking for pthread.h
[1.119s] -- Looking for pthread.h - found
[1.119s] -- Performing Test CMAKE_HAVE_LIBC_PTHREAD
[1.202s] -- Performing Test CMAKE_HAVE_LIBC_PTHREAD - Failed
[1.202s] -- Looking for pthread_create in pthreads
[1.270s] -- Looking for pthread_create in pthreads - not found
[1.270s] -- Looking for pthread_create in pthread
[1.344s] -- Looking for pthread_create in pthread - found
[1.345s] -- Found Threads: TRUE  
[1.445s] -- Found turtlesim: 1.2.6 (/opt/ros/foxy/share/turtlesim/cmake)
[1.520s] -- Found ament_lint_auto: 0.9.8 (/opt/ros/foxy/share/ament_lint_auto/cmake)
[1.589s] -- Added test 'cppcheck' to perform static code analysis on C / C++ code
[1.589s] -- Configured cppcheck include dirs: 
[1.589s] -- Configured cppcheck exclude dirs and/or files: 
[1.590s] -- Added test 'flake8' to check Python code syntax and style conventions
[1.590s] -- Added test 'lint_cmake' to check CMake code style
[1.590s] -- Added test 'pep257' to check Python code against some of the style conventions in PEP 257
[1.591s] -- Added test 'uncrustify' to check C / C++ code style
[1.591s] -- Configured uncrustify additional arguments: 
[1.592s] -- Added test 'xmllint' to check XML markup files
[1.595s] -- Configuring done
[1.606s] -- Generating done
[1.611s] -- Build files have been written to: /home/yunfeibi/Ros_projects/ros2-learning/chapt4/build/demo_cpp_service
[1.618s] Invoked command in '/home/yunfeibi/Ros_projects/ros2-learning/chapt4/build/demo_cpp_service' returned '0': CMAKE_PREFIX_PATH=/home/yunfeibi/Ros_projects/ros2-learning/chapt4/install/chapt4_interfaces:/home/yunfeibi/Ros_projects/ros2-learning/chapt4/install/demo_cpp_service:/opt/ros/foxy CONDA_PROMPT_MODIFIER=(yxros) LD_LIBRARY_PATH=/home/yunfeibi/Ros_projects/ros2-learning/chapt4/install/chapt4_interfaces/lib:/home/yunfeibi/dev/grpc_install/lib:/opt/ros/foxy/opt/yaml_cpp_vendor/lib:/opt/ros/foxy/opt/rviz_ogre_vendor/lib:/opt/ros/foxy/lib/x86_64-linux-gnu:/opt/ros/foxy/lib:/home/yunfeibi/dev/grpc_install/lib PYTHONPATH=/home/yunfeibi/Ros_projects/ros2-learning/chapt4/install/chapt4_interfaces/lib/python3.8/site-packages:/home/yunfeibi/Ros_projects/ros2-learning/chapt4/install/demo_python_service/lib/python3.8/site-packages:/opt/ros/foxy/lib/python3.8/site-packages /usr/bin/cmake /home/yunfeibi/Ros_projects/ros2-learning/chapt4/demo_cpp_service -DCMAKE_INSTALL_PREFIX=/home/yunfeibi/Ros_projects/ros2-learning/chapt4/install/demo_cpp_service
[1.620s] Invoking command in '/home/yunfeibi/Ros_projects/ros2-learning/chapt4/build/demo_cpp_service': CMAKE_PREFIX_PATH=/home/yunfeibi/Ros_projects/ros2-learning/chapt4/install/chapt4_interfaces:/home/yunfeibi/Ros_projects/ros2-learning/chapt4/install/demo_cpp_service:/opt/ros/foxy CONDA_PROMPT_MODIFIER=(yxros) LD_LIBRARY_PATH=/home/yunfeibi/Ros_projects/ros2-learning/chapt4/install/chapt4_interfaces/lib:/home/yunfeibi/dev/grpc_install/lib:/opt/ros/foxy/opt/yaml_cpp_vendor/lib:/opt/ros/foxy/opt/rviz_ogre_vendor/lib:/opt/ros/foxy/lib/x86_64-linux-gnu:/opt/ros/foxy/lib:/home/yunfeibi/dev/grpc_install/lib PYTHONPATH=/home/yunfeibi/Ros_projects/ros2-learning/chapt4/install/chapt4_interfaces/lib/python3.8/site-packages:/home/yunfeibi/Ros_projects/ros2-learning/chapt4/install/demo_python_service/lib/python3.8/site-packages:/opt/ros/foxy/lib/python3.8/site-packages /usr/bin/cmake --build /home/yunfeibi/Ros_projects/ros2-learning/chapt4/build/demo_cpp_service -- -j12 -l12
[1.666s] [35m[1mScanning dependencies of target patrol_client[0m
[1.666s] [35m[1mScanning dependencies of target turtle_control[0m
[1.702s] [ 50%] [32mBuilding CXX object CMakeFiles/patrol_client.dir/src/patrol_client.cpp.o[0m
[1.702s] [ 50%] [32mBuilding CXX object CMakeFiles/turtle_control.dir/src/turtle_control.cpp.o[0m
[3.997s] [ 75%] [32m[1mLinking CXX executable patrol_client[0m
[4.127s] [ 75%] Built target patrol_client
[5.391s] [100%] [32m[1mLinking CXX executable turtle_control[0m
[5.585s] [100%] Built target turtle_control
[5.596s] Invoked command in '/home/yunfeibi/Ros_projects/ros2-learning/chapt4/build/demo_cpp_service' returned '0': CMAKE_PREFIX_PATH=/home/yunfeibi/Ros_projects/ros2-learning/chapt4/install/chapt4_interfaces:/home/yunfeibi/Ros_projects/ros2-learning/chapt4/install/demo_cpp_service:/opt/ros/foxy CONDA_PROMPT_MODIFIER=(yxros) LD_LIBRARY_PATH=/home/yunfeibi/Ros_projects/ros2-learning/chapt4/install/chapt4_interfaces/lib:/home/yunfeibi/dev/grpc_install/lib:/opt/ros/foxy/opt/yaml_cpp_vendor/lib:/opt/ros/foxy/opt/rviz_ogre_vendor/lib:/opt/ros/foxy/lib/x86_64-linux-gnu:/opt/ros/foxy/lib:/home/yunfeibi/dev/grpc_install/lib PYTHONPATH=/home/yunfeibi/Ros_projects/ros2-learning/chapt4/install/chapt4_interfaces/lib/python3.8/site-packages:/home/yunfeibi/Ros_projects/ros2-learning/chapt4/install/demo_python_service/lib/python3.8/site-packages:/opt/ros/foxy/lib/python3.8/site-packages /usr/bin/cmake --build /home/yunfeibi/Ros_projects/ros2-learning/chapt4/build/demo_cpp_service -- -j12 -l12
[5.598s] Invoking command in '/home/yunfeibi/Ros_projects/ros2-learning/chapt4/build/demo_cpp_service': CMAKE_PREFIX_PATH=/home/yunfeibi/Ros_projects/ros2-learning/chapt4/install/chapt4_interfaces:/home/yunfeibi/Ros_projects/ros2-learning/chapt4/install/demo_cpp_service:/opt/ros/foxy CONDA_PROMPT_MODIFIER=(yxros) LD_LIBRARY_PATH=/home/yunfeibi/Ros_projects/ros2-learning/chapt4/install/chapt4_interfaces/lib:/home/yunfeibi/dev/grpc_install/lib:/opt/ros/foxy/opt/yaml_cpp_vendor/lib:/opt/ros/foxy/opt/rviz_ogre_vendor/lib:/opt/ros/foxy/lib/x86_64-linux-gnu:/opt/ros/foxy/lib:/home/yunfeibi/dev/grpc_install/lib PYTHONPATH=/home/yunfeibi/Ros_projects/ros2-learning/chapt4/install/chapt4_interfaces/lib/python3.8/site-packages:/home/yunfeibi/Ros_projects/ros2-learning/chapt4/install/demo_python_service/lib/python3.8/site-packages:/opt/ros/foxy/lib/python3.8/site-packages /usr/bin/cmake --install /home/yunfeibi/Ros_projects/ros2-learning/chapt4/build/demo_cpp_service
[5.608s] -- Install configuration: ""
[5.608s] -- Installing: /home/yunfeibi/Ros_projects/ros2-learning/chapt4/install/demo_cpp_service/lib/demo_cpp_service/turtle_control
[5.610s] -- Set runtime path of "/home/yunfeibi/Ros_projects/ros2-learning/chapt4/install/demo_cpp_service/lib/demo_cpp_service/turtle_control" to ""
[5.610s] -- Installing: /home/yunfeibi/Ros_projects/ros2-learning/chapt4/install/demo_cpp_service/lib/demo_cpp_service/patrol_client
[5.611s] -- Set runtime path of "/home/yunfeibi/Ros_projects/ros2-learning/chapt4/install/demo_cpp_service/lib/demo_cpp_service/patrol_client" to ""
[5.611s] -- Installing: /home/yunfeibi/Ros_projects/ros2-learning/chapt4/install/demo_cpp_service/share/demo_cpp_service/launch
[5.611s] -- Installing: /home/yunfeibi/Ros_projects/ros2-learning/chapt4/install/demo_cpp_service/share/demo_cpp_service/launch/demo.launch.py
[5.611s] -- Installing: /home/yunfeibi/Ros_projects/ros2-learning/chapt4/install/demo_cpp_service/share/demo_cpp_service/launch/actioins.launch.py
[5.612s] -- Installing: /home/yunfeibi/Ros_projects/ros2-learning/chapt4/install/demo_cpp_service/share/ament_index/resource_index/package_run_dependencies/demo_cpp_service
[5.612s] -- Installing: /home/yunfeibi/Ros_projects/ros2-learning/chapt4/install/demo_cpp_service/share/ament_index/resource_index/parent_prefix_path/demo_cpp_service
[5.612s] -- Installing: /home/yunfeibi/Ros_projects/ros2-learning/chapt4/install/demo_cpp_service/share/demo_cpp_service/environment/ament_prefix_path.sh
[5.612s] -- Installing: /home/yunfeibi/Ros_projects/ros2-learning/chapt4/install/demo_cpp_service/share/demo_cpp_service/environment/ament_prefix_path.dsv
[5.612s] -- Installing: /home/yunfeibi/Ros_projects/ros2-learning/chapt4/install/demo_cpp_service/share/demo_cpp_service/environment/path.sh
[5.612s] -- Installing: /home/yunfeibi/Ros_projects/ros2-learning/chapt4/install/demo_cpp_service/share/demo_cpp_service/environment/path.dsv
[5.612s] -- Installing: /home/yunfeibi/Ros_projects/ros2-learning/chapt4/install/demo_cpp_service/share/demo_cpp_service/local_setup.bash
[5.613s] -- Installing: /home/yunfeibi/Ros_projects/ros2-learning/chapt4/install/demo_cpp_service/share/demo_cpp_service/local_setup.sh
[5.613s] -- Installing: /home/yunfeibi/Ros_projects/ros2-learning/chapt4/install/demo_cpp_service/share/demo_cpp_service/local_setup.zsh
[5.613s] -- Installing: /home/yunfeibi/Ros_projects/ros2-learning/chapt4/install/demo_cpp_service/share/demo_cpp_service/local_setup.dsv
[5.613s] -- Installing: /home/yunfeibi/Ros_projects/ros2-learning/chapt4/install/demo_cpp_service/share/demo_cpp_service/package.dsv
[5.613s] -- Installing: /home/yunfeibi/Ros_projects/ros2-learning/chapt4/install/demo_cpp_service/share/ament_index/resource_index/packages/demo_cpp_service
[5.613s] -- Installing: /home/yunfeibi/Ros_projects/ros2-learning/chapt4/install/demo_cpp_service/share/demo_cpp_service/cmake/demo_cpp_serviceConfig.cmake
[5.613s] -- Installing: /home/yunfeibi/Ros_projects/ros2-learning/chapt4/install/demo_cpp_service/share/demo_cpp_service/cmake/demo_cpp_serviceConfig-version.cmake
[5.613s] -- Installing: /home/yunfeibi/Ros_projects/ros2-learning/chapt4/install/demo_cpp_service/share/demo_cpp_service/package.xml
[5.615s] Invoked command in '/home/yunfeibi/Ros_projects/ros2-learning/chapt4/build/demo_cpp_service' returned '0': CMAKE_PREFIX_PATH=/home/yunfeibi/Ros_projects/ros2-learning/chapt4/install/chapt4_interfaces:/home/yunfeibi/Ros_projects/ros2-learning/chapt4/install/demo_cpp_service:/opt/ros/foxy CONDA_PROMPT_MODIFIER=(yxros) LD_LIBRARY_PATH=/home/yunfeibi/Ros_projects/ros2-learning/chapt4/install/chapt4_interfaces/lib:/home/yunfeibi/dev/grpc_install/lib:/opt/ros/foxy/opt/yaml_cpp_vendor/lib:/opt/ros/foxy/opt/rviz_ogre_vendor/lib:/opt/ros/foxy/lib/x86_64-linux-gnu:/opt/ros/foxy/lib:/home/yunfeibi/dev/grpc_install/lib PYTHONPATH=/home/yunfeibi/Ros_projects/ros2-learning/chapt4/install/chapt4_interfaces/lib/python3.8/site-packages:/home/yunfeibi/Ros_projects/ros2-learning/chapt4/install/demo_python_service/lib/python3.8/site-packages:/opt/ros/foxy/lib/python3.8/site-packages /usr/bin/cmake --install /home/yunfeibi/Ros_projects/ros2-learning/chapt4/build/demo_cpp_service
