[0.121s] DEBUG:colcon:Command line arguments: ['/usr/bin/colcon', 'build']
[0.122s] DEBUG:colcon:Parsed command line arguments: Namespace(allow_overriding=[], ament_cmake_args=None, base_paths=['.'], build_base='build', catkin_cmake_args=None, catkin_skip_building_tests=False, cmake_args=None, cmake_clean_cache=False, cmake_clean_first=False, cmake_force_configure=False, cmake_target=None, cmake_target_skip_unavailable=False, continue_on_error=False, event_handlers=None, executor='parallel', ignore_user_meta=False, install_base='install', log_base=None, log_level=None, main=<bound method BuildVerb.main of <colcon_core.verb.build.BuildVerb object at 0x7feb037bb160>>, merge_install=False, metas=['./colcon.meta'], packages_above=None, packages_above_and_dependencies=None, packages_above_depth=None, packages_end=None, packages_ignore=None, packages_ignore_regex=None, packages_select=None, packages_select_build_failed=False, packages_select_by_dep=None, packages_select_regex=None, packages_select_test_failures=False, packages_skip=None, packages_skip_build_finished=False, packages_skip_by_dep=None, packages_skip_regex=None, packages_skip_test_passed=False, packages_skip_up_to=None, packages_start=None, packages_up_to=None, packages_up_to_regex=None, parallel_workers=12, paths=None, symlink_install=False, test_result_base=None, verb_extension=<colcon_core.verb.build.BuildVerb object at 0x7feb037bb160>, verb_name='build', verb_parser=<colcon_defaults.argument_parser.defaults.DefaultArgumentsDecorator object at 0x7feb037065e0>)
[0.220s] Level 1:colcon.colcon_core.package_discovery:discover_packages(colcon_meta) check parameters
[0.221s] Level 1:colcon.colcon_core.package_discovery:discover_packages(recursive) check parameters
[0.221s] Level 1:colcon.colcon_core.package_discovery:discover_packages(ignore) check parameters
[0.221s] Level 1:colcon.colcon_core.package_discovery:discover_packages(path) check parameters
[0.221s] Level 1:colcon.colcon_core.package_discovery:discover_packages(colcon_meta) discover
[0.221s] Level 1:colcon.colcon_core.package_discovery:discover_packages(recursive) discover
[0.221s] INFO:colcon.colcon_core.package_discovery:Crawling recursively for packages in '/home/yunfeibi/Ros_projects/ros2-learning/chapt3/topic_practice_ws/src'
[0.221s] Level 1:colcon.colcon_core.package_identification:_identify(.) by extensions ['ignore', 'ignore_ament_install']
[0.221s] Level 1:colcon.colcon_core.package_identification:_identify(.) by extension 'ignore'
[0.221s] Level 1:colcon.colcon_core.package_identification:_identify(.) by extension 'ignore_ament_install'
[0.221s] Level 1:colcon.colcon_core.package_identification:_identify(.) by extensions ['colcon_pkg']
[0.221s] Level 1:colcon.colcon_core.package_identification:_identify(.) by extension 'colcon_pkg'
[0.221s] Level 1:colcon.colcon_core.package_identification:_identify(.) by extensions ['colcon_meta']
[0.221s] Level 1:colcon.colcon_core.package_identification:_identify(.) by extension 'colcon_meta'
[0.221s] Level 1:colcon.colcon_core.package_identification:_identify(.) by extensions ['ros']
[0.221s] Level 1:colcon.colcon_core.package_identification:_identify(.) by extension 'ros'
[0.228s] Level 1:colcon.colcon_core.package_identification:_identify(.) by extensions ['cmake', 'python']
[0.228s] Level 1:colcon.colcon_core.package_identification:_identify(.) by extension 'cmake'
[0.228s] Level 1:colcon.colcon_core.package_identification:_identify(.) by extension 'python'
[0.228s] Level 1:colcon.colcon_core.package_identification:_identify(.) by extensions ['python_setup_py']
[0.228s] Level 1:colcon.colcon_core.package_identification:_identify(.) by extension 'python_setup_py'
[0.228s] Level 1:colcon.colcon_core.package_identification:_identify(build) by extensions ['ignore', 'ignore_ament_install']
[0.229s] Level 1:colcon.colcon_core.package_identification:_identify(build) by extension 'ignore'
[0.229s] Level 1:colcon.colcon_core.package_identification:_identify(build) ignored
[0.229s] Level 1:colcon.colcon_core.package_identification:_identify(install) by extensions ['ignore', 'ignore_ament_install']
[0.229s] Level 1:colcon.colcon_core.package_identification:_identify(install) by extension 'ignore'
[0.229s] Level 1:colcon.colcon_core.package_identification:_identify(install) ignored
[0.229s] Level 1:colcon.colcon_core.package_identification:_identify(log) by extensions ['ignore', 'ignore_ament_install']
[0.229s] Level 1:colcon.colcon_core.package_identification:_identify(log) by extension 'ignore'
[0.229s] Level 1:colcon.colcon_core.package_identification:_identify(log) ignored
[0.229s] Level 1:colcon.colcon_core.package_identification:_identify(status_display) by extensions ['ignore', 'ignore_ament_install']
[0.229s] Level 1:colcon.colcon_core.package_identification:_identify(status_display) by extension 'ignore'
[0.229s] Level 1:colcon.colcon_core.package_identification:_identify(status_display) by extension 'ignore_ament_install'
[0.229s] Level 1:colcon.colcon_core.package_identification:_identify(status_display) by extensions ['colcon_pkg']
[0.229s] Level 1:colcon.colcon_core.package_identification:_identify(status_display) by extension 'colcon_pkg'
[0.229s] Level 1:colcon.colcon_core.package_identification:_identify(status_display) by extensions ['colcon_meta']
[0.229s] Level 1:colcon.colcon_core.package_identification:_identify(status_display) by extension 'colcon_meta'
[0.229s] Level 1:colcon.colcon_core.package_identification:_identify(status_display) by extensions ['ros']
[0.229s] Level 1:colcon.colcon_core.package_identification:_identify(status_display) by extension 'ros'
[0.231s] DEBUG:colcon.colcon_core.package_identification:Package 'status_display' with type 'ros.ament_cmake' and name 'status_display'
[0.231s] Level 1:colcon.colcon_core.package_identification:_identify(status_interfaces) by extensions ['ignore', 'ignore_ament_install']
[0.231s] Level 1:colcon.colcon_core.package_identification:_identify(status_interfaces) by extension 'ignore'
[0.231s] Level 1:colcon.colcon_core.package_identification:_identify(status_interfaces) by extension 'ignore_ament_install'
[0.231s] Level 1:colcon.colcon_core.package_identification:_identify(status_interfaces) by extensions ['colcon_pkg']
[0.231s] Level 1:colcon.colcon_core.package_identification:_identify(status_interfaces) by extension 'colcon_pkg'
[0.231s] Level 1:colcon.colcon_core.package_identification:_identify(status_interfaces) by extensions ['colcon_meta']
[0.231s] Level 1:colcon.colcon_core.package_identification:_identify(status_interfaces) by extension 'colcon_meta'
[0.231s] Level 1:colcon.colcon_core.package_identification:_identify(status_interfaces) by extensions ['ros']
[0.231s] Level 1:colcon.colcon_core.package_identification:_identify(status_interfaces) by extension 'ros'
[0.232s] DEBUG:colcon.colcon_core.package_identification:Package 'status_interfaces' with type 'ros.ament_cmake' and name 'status_interfaces'
[0.232s] Level 1:colcon.colcon_core.package_identification:_identify(status_publisher) by extensions ['ignore', 'ignore_ament_install']
[0.232s] Level 1:colcon.colcon_core.package_identification:_identify(status_publisher) by extension 'ignore'
[0.232s] Level 1:colcon.colcon_core.package_identification:_identify(status_publisher) by extension 'ignore_ament_install'
[0.232s] Level 1:colcon.colcon_core.package_identification:_identify(status_publisher) by extensions ['colcon_pkg']
[0.232s] Level 1:colcon.colcon_core.package_identification:_identify(status_publisher) by extension 'colcon_pkg'
[0.232s] Level 1:colcon.colcon_core.package_identification:_identify(status_publisher) by extensions ['colcon_meta']
[0.232s] Level 1:colcon.colcon_core.package_identification:_identify(status_publisher) by extension 'colcon_meta'
[0.232s] Level 1:colcon.colcon_core.package_identification:_identify(status_publisher) by extensions ['ros']
[0.232s] Level 1:colcon.colcon_core.package_identification:_identify(status_publisher) by extension 'ros'
[0.232s] DEBUG:colcon.colcon_core.package_identification:Package 'status_publisher' with type 'ros.ament_python' and name 'status_publisher'
[0.232s] Level 1:colcon.colcon_core.package_discovery:discover_packages(recursive) using defaults
[0.232s] Level 1:colcon.colcon_core.package_discovery:discover_packages(ignore) discover
[0.232s] Level 1:colcon.colcon_core.package_discovery:discover_packages(ignore) using defaults
[0.232s] Level 1:colcon.colcon_core.package_discovery:discover_packages(path) discover
[0.232s] Level 1:colcon.colcon_core.package_discovery:discover_packages(path) using defaults
[0.243s] Level 1:colcon.colcon_core.package_discovery:discover_packages(prefix_path) check parameters
[0.243s] Level 1:colcon.colcon_core.package_discovery:discover_packages(prefix_path) discover
[0.243s] WARNING:colcon.colcon_ros.prefix_path.ament:The path '/home/yunfeibi/Ros_projects/ros2-learning/chapt3/topic_practice_ws/src/install/status_publisher' in the environment variable AMENT_PREFIX_PATH doesn't exist
[0.243s] WARNING:colcon.colcon_ros.prefix_path.ament:The path '/home/yunfeibi/Ros_projects/ros2-learning/chapt3/topic_practice_ws/src/install/status_display' in the environment variable AMENT_PREFIX_PATH doesn't exist
[0.243s] WARNING:colcon.colcon_ros.prefix_path.ament:The path '/home/yunfeibi/Ros_projects/ros2-learning/chapt3/topic_practice_ws/src/install/status_interfaces' in the environment variable AMENT_PREFIX_PATH doesn't exist
[0.244s] WARNING:colcon.colcon_ros.prefix_path.catkin:The path '/home/yunfeibi/Ros_projects/ros2-learning/chapt3/topic_practice_ws/src/install/status_display' in the environment variable CMAKE_PREFIX_PATH doesn't exist
[0.244s] WARNING:colcon.colcon_ros.prefix_path.catkin:The path '/home/yunfeibi/Ros_projects/ros2-learning/chapt3/topic_practice_ws/src/install/status_interfaces' in the environment variable CMAKE_PREFIX_PATH doesn't exist
[0.244s] DEBUG:colcon.colcon_installed_package_information.package_discovery:Found 0 installed packages in /home/yunfeibi/Ros_projects/ros2-learning/chapt3/topic_practice_ws/src/install
[0.245s] DEBUG:colcon.colcon_installed_package_information.package_discovery:Found 263 installed packages in /opt/ros/foxy
[0.246s] Level 1:colcon.colcon_core.package_discovery:discover_packages(prefix_path) using defaults
[0.295s] Level 5:colcon.colcon_core.verb:set package 'status_interfaces' build argument 'cmake_args' from command line to 'None'
[0.295s] Level 5:colcon.colcon_core.verb:set package 'status_interfaces' build argument 'cmake_target' from command line to 'None'
[0.295s] Level 5:colcon.colcon_core.verb:set package 'status_interfaces' build argument 'cmake_target_skip_unavailable' from command line to 'False'
[0.295s] Level 5:colcon.colcon_core.verb:set package 'status_interfaces' build argument 'cmake_clean_cache' from command line to 'False'
[0.295s] Level 5:colcon.colcon_core.verb:set package 'status_interfaces' build argument 'cmake_clean_first' from command line to 'False'
[0.295s] Level 5:colcon.colcon_core.verb:set package 'status_interfaces' build argument 'cmake_force_configure' from command line to 'False'
[0.295s] Level 5:colcon.colcon_core.verb:set package 'status_interfaces' build argument 'ament_cmake_args' from command line to 'None'
[0.295s] Level 5:colcon.colcon_core.verb:set package 'status_interfaces' build argument 'catkin_cmake_args' from command line to 'None'
[0.295s] Level 5:colcon.colcon_core.verb:set package 'status_interfaces' build argument 'catkin_skip_building_tests' from command line to 'False'
[0.295s] DEBUG:colcon.colcon_core.verb:Building package 'status_interfaces' with the following arguments: {'ament_cmake_args': None, 'build_base': '/home/yunfeibi/Ros_projects/ros2-learning/chapt3/topic_practice_ws/src/build/status_interfaces', 'catkin_cmake_args': None, 'catkin_skip_building_tests': False, 'cmake_args': None, 'cmake_clean_cache': False, 'cmake_clean_first': False, 'cmake_force_configure': False, 'cmake_target': None, 'cmake_target_skip_unavailable': False, 'install_base': '/home/yunfeibi/Ros_projects/ros2-learning/chapt3/topic_practice_ws/src/install/status_interfaces', 'merge_install': False, 'path': '/home/yunfeibi/Ros_projects/ros2-learning/chapt3/topic_practice_ws/src/status_interfaces', 'symlink_install': False, 'test_result_base': None}
[0.295s] Level 5:colcon.colcon_core.verb:set package 'status_display' build argument 'cmake_args' from command line to 'None'
[0.295s] Level 5:colcon.colcon_core.verb:set package 'status_display' build argument 'cmake_target' from command line to 'None'
[0.295s] Level 5:colcon.colcon_core.verb:set package 'status_display' build argument 'cmake_target_skip_unavailable' from command line to 'False'
[0.295s] Level 5:colcon.colcon_core.verb:set package 'status_display' build argument 'cmake_clean_cache' from command line to 'False'
[0.295s] Level 5:colcon.colcon_core.verb:set package 'status_display' build argument 'cmake_clean_first' from command line to 'False'
[0.295s] Level 5:colcon.colcon_core.verb:set package 'status_display' build argument 'cmake_force_configure' from command line to 'False'
[0.295s] Level 5:colcon.colcon_core.verb:set package 'status_display' build argument 'ament_cmake_args' from command line to 'None'
[0.295s] Level 5:colcon.colcon_core.verb:set package 'status_display' build argument 'catkin_cmake_args' from command line to 'None'
[0.295s] Level 5:colcon.colcon_core.verb:set package 'status_display' build argument 'catkin_skip_building_tests' from command line to 'False'
[0.295s] DEBUG:colcon.colcon_core.verb:Building package 'status_display' with the following arguments: {'ament_cmake_args': None, 'build_base': '/home/yunfeibi/Ros_projects/ros2-learning/chapt3/topic_practice_ws/src/build/status_display', 'catkin_cmake_args': None, 'catkin_skip_building_tests': False, 'cmake_args': None, 'cmake_clean_cache': False, 'cmake_clean_first': False, 'cmake_force_configure': False, 'cmake_target': None, 'cmake_target_skip_unavailable': False, 'install_base': '/home/yunfeibi/Ros_projects/ros2-learning/chapt3/topic_practice_ws/src/install/status_display', 'merge_install': False, 'path': '/home/yunfeibi/Ros_projects/ros2-learning/chapt3/topic_practice_ws/src/status_display', 'symlink_install': False, 'test_result_base': None}
[0.296s] Level 5:colcon.colcon_core.verb:set package 'status_publisher' build argument 'cmake_args' from command line to 'None'
[0.296s] Level 5:colcon.colcon_core.verb:set package 'status_publisher' build argument 'cmake_target' from command line to 'None'
[0.296s] Level 5:colcon.colcon_core.verb:set package 'status_publisher' build argument 'cmake_target_skip_unavailable' from command line to 'False'
[0.296s] Level 5:colcon.colcon_core.verb:set package 'status_publisher' build argument 'cmake_clean_cache' from command line to 'False'
[0.296s] Level 5:colcon.colcon_core.verb:set package 'status_publisher' build argument 'cmake_clean_first' from command line to 'False'
[0.296s] Level 5:colcon.colcon_core.verb:set package 'status_publisher' build argument 'cmake_force_configure' from command line to 'False'
[0.296s] Level 5:colcon.colcon_core.verb:set package 'status_publisher' build argument 'ament_cmake_args' from command line to 'None'
[0.296s] Level 5:colcon.colcon_core.verb:set package 'status_publisher' build argument 'catkin_cmake_args' from command line to 'None'
[0.296s] Level 5:colcon.colcon_core.verb:set package 'status_publisher' build argument 'catkin_skip_building_tests' from command line to 'False'
[0.296s] DEBUG:colcon.colcon_core.verb:Building package 'status_publisher' with the following arguments: {'ament_cmake_args': None, 'build_base': '/home/yunfeibi/Ros_projects/ros2-learning/chapt3/topic_practice_ws/src/build/status_publisher', 'catkin_cmake_args': None, 'catkin_skip_building_tests': False, 'cmake_args': None, 'cmake_clean_cache': False, 'cmake_clean_first': False, 'cmake_force_configure': False, 'cmake_target': None, 'cmake_target_skip_unavailable': False, 'install_base': '/home/yunfeibi/Ros_projects/ros2-learning/chapt3/topic_practice_ws/src/install/status_publisher', 'merge_install': False, 'path': '/home/yunfeibi/Ros_projects/ros2-learning/chapt3/topic_practice_ws/src/status_publisher', 'symlink_install': False, 'test_result_base': None}
[0.296s] INFO:colcon.colcon_core.executor:Executing jobs using 'parallel' executor
[0.296s] DEBUG:colcon.colcon_parallel_executor.executor.parallel:run_until_complete
[0.297s] INFO:colcon.colcon_ros.task.ament_cmake.build:Building ROS package in '/home/yunfeibi/Ros_projects/ros2-learning/chapt3/topic_practice_ws/src/status_interfaces' with build type 'ament_cmake'
[0.297s] INFO:colcon.colcon_cmake.task.cmake.build:Building CMake package in '/home/yunfeibi/Ros_projects/ros2-learning/chapt3/topic_practice_ws/src/status_interfaces'
[0.298s] INFO:colcon.colcon_core.plugin_system:Skipping extension 'colcon_core.shell.bat': Not used on non-Windows systems
[0.298s] INFO:colcon.colcon_core.shell:Skip shell extension 'powershell' for command environment: Not usable outside of PowerShell
[0.298s] DEBUG:colcon.colcon_core.shell:Skip shell extension 'dsv' for command environment
[0.308s] DEBUG:colcon.colcon_core.event_handler.log_command:Invoking command in '/home/yunfeibi/Ros_projects/ros2-learning/chapt3/topic_practice_ws/src/build/status_interfaces': CMAKE_PREFIX_PATH=${CMAKE_PREFIX_PATH}:/home/yunfeibi/Ros_projects/ros2-learning/chapt3/topic_practice_ws/src/install/status_publisher:/opt/ros/foxy /usr/bin/cmake /home/yunfeibi/Ros_projects/ros2-learning/chapt3/topic_practice_ws/src/status_interfaces -DCMAKE_INSTALL_PREFIX=/home/yunfeibi/Ros_projects/ros2-learning/chapt3/topic_practice_ws/src/install/status_interfaces
[1.558s] DEBUG:colcon.colcon_core.event_handler.log_command:Invoked command in '/home/yunfeibi/Ros_projects/ros2-learning/chapt3/topic_practice_ws/src/build/status_interfaces' returned '0': CMAKE_PREFIX_PATH=${CMAKE_PREFIX_PATH}:/home/yunfeibi/Ros_projects/ros2-learning/chapt3/topic_practice_ws/src/install/status_publisher:/opt/ros/foxy /usr/bin/cmake /home/yunfeibi/Ros_projects/ros2-learning/chapt3/topic_practice_ws/src/status_interfaces -DCMAKE_INSTALL_PREFIX=/home/yunfeibi/Ros_projects/ros2-learning/chapt3/topic_practice_ws/src/install/status_interfaces
[1.561s] DEBUG:colcon.colcon_core.event_handler.log_command:Invoking command in '/home/yunfeibi/Ros_projects/ros2-learning/chapt3/topic_practice_ws/src/build/status_interfaces': CMAKE_PREFIX_PATH=${CMAKE_PREFIX_PATH}:/home/yunfeibi/Ros_projects/ros2-learning/chapt3/topic_practice_ws/src/install/status_publisher:/opt/ros/foxy /usr/bin/cmake --build /home/yunfeibi/Ros_projects/ros2-learning/chapt3/topic_practice_ws/src/build/status_interfaces -- -j12 -l12
[3.643s] DEBUG:colcon.colcon_core.event_handler.log_command:Invoked command in '/home/yunfeibi/Ros_projects/ros2-learning/chapt3/topic_practice_ws/src/build/status_interfaces' returned '0': CMAKE_PREFIX_PATH=${CMAKE_PREFIX_PATH}:/home/yunfeibi/Ros_projects/ros2-learning/chapt3/topic_practice_ws/src/install/status_publisher:/opt/ros/foxy /usr/bin/cmake --build /home/yunfeibi/Ros_projects/ros2-learning/chapt3/topic_practice_ws/src/build/status_interfaces -- -j12 -l12
[3.655s] DEBUG:colcon.colcon_core.event_handler.log_command:Invoking command in '/home/yunfeibi/Ros_projects/ros2-learning/chapt3/topic_practice_ws/src/build/status_interfaces': CMAKE_PREFIX_PATH=${CMAKE_PREFIX_PATH}:/home/yunfeibi/Ros_projects/ros2-learning/chapt3/topic_practice_ws/src/install/status_publisher:/opt/ros/foxy /usr/bin/cmake --install /home/yunfeibi/Ros_projects/ros2-learning/chapt3/topic_practice_ws/src/build/status_interfaces
[3.706s] Level 1:colcon.colcon_core.environment:create_environment_scripts_only(status_interfaces)
[3.707s] DEBUG:colcon.colcon_core.event_handler.log_command:Invoked command in '/home/yunfeibi/Ros_projects/ros2-learning/chapt3/topic_practice_ws/src/build/status_interfaces' returned '0': CMAKE_PREFIX_PATH=${CMAKE_PREFIX_PATH}:/home/yunfeibi/Ros_projects/ros2-learning/chapt3/topic_practice_ws/src/install/status_publisher:/opt/ros/foxy /usr/bin/cmake --install /home/yunfeibi/Ros_projects/ros2-learning/chapt3/topic_practice_ws/src/build/status_interfaces
[3.709s] Level 1:colcon.colcon_core.environment:checking '/home/yunfeibi/Ros_projects/ros2-learning/chapt3/topic_practice_ws/src/install/status_interfaces' for CMake module files
[3.709s] Level 1:colcon.colcon_core.environment:checking '/home/yunfeibi/Ros_projects/ros2-learning/chapt3/topic_practice_ws/src/install/status_interfaces' for CMake config files
[3.710s] Level 1:colcon.colcon_core.shell:create_environment_hook('status_interfaces', 'cmake_prefix_path')
[3.710s] INFO:colcon.colcon_core.shell:Creating environment hook '/home/yunfeibi/Ros_projects/ros2-learning/chapt3/topic_practice_ws/src/install/status_interfaces/share/status_interfaces/hook/cmake_prefix_path.ps1'
[3.710s] INFO:colcon.colcon_core.shell:Creating environment descriptor '/home/yunfeibi/Ros_projects/ros2-learning/chapt3/topic_practice_ws/src/install/status_interfaces/share/status_interfaces/hook/cmake_prefix_path.dsv'
[3.711s] INFO:colcon.colcon_core.shell:Creating environment hook '/home/yunfeibi/Ros_projects/ros2-learning/chapt3/topic_practice_ws/src/install/status_interfaces/share/status_interfaces/hook/cmake_prefix_path.sh'
[3.711s] Level 1:colcon.colcon_core.environment:checking '/home/yunfeibi/Ros_projects/ros2-learning/chapt3/topic_practice_ws/src/install/status_interfaces/lib'
[3.712s] Level 1:colcon.colcon_core.shell:create_environment_hook('status_interfaces', 'ld_library_path_lib')
[3.712s] INFO:colcon.colcon_core.shell:Creating environment hook '/home/yunfeibi/Ros_projects/ros2-learning/chapt3/topic_practice_ws/src/install/status_interfaces/share/status_interfaces/hook/ld_library_path_lib.ps1'
[3.712s] INFO:colcon.colcon_core.shell:Creating environment descriptor '/home/yunfeibi/Ros_projects/ros2-learning/chapt3/topic_practice_ws/src/install/status_interfaces/share/status_interfaces/hook/ld_library_path_lib.dsv'
[3.712s] INFO:colcon.colcon_core.shell:Creating environment hook '/home/yunfeibi/Ros_projects/ros2-learning/chapt3/topic_practice_ws/src/install/status_interfaces/share/status_interfaces/hook/ld_library_path_lib.sh'
[3.713s] Level 1:colcon.colcon_core.environment:checking '/home/yunfeibi/Ros_projects/ros2-learning/chapt3/topic_practice_ws/src/install/status_interfaces/bin'
[3.713s] Level 1:colcon.colcon_core.environment:checking '/home/yunfeibi/Ros_projects/ros2-learning/chapt3/topic_practice_ws/src/install/status_interfaces/lib/pkgconfig/status_interfaces.pc'
[3.713s] Level 1:colcon.colcon_core.environment:checking '/home/yunfeibi/Ros_projects/ros2-learning/chapt3/topic_practice_ws/src/install/status_interfaces/lib/python3.8/site-packages'
[3.713s] Level 1:colcon.colcon_core.shell:create_environment_hook('status_interfaces', 'pythonpath')
[3.713s] INFO:colcon.colcon_core.shell:Creating environment hook '/home/yunfeibi/Ros_projects/ros2-learning/chapt3/topic_practice_ws/src/install/status_interfaces/share/status_interfaces/hook/pythonpath.ps1'
[3.713s] INFO:colcon.colcon_core.shell:Creating environment descriptor '/home/yunfeibi/Ros_projects/ros2-learning/chapt3/topic_practice_ws/src/install/status_interfaces/share/status_interfaces/hook/pythonpath.dsv'
[3.713s] INFO:colcon.colcon_core.shell:Creating environment hook '/home/yunfeibi/Ros_projects/ros2-learning/chapt3/topic_practice_ws/src/install/status_interfaces/share/status_interfaces/hook/pythonpath.sh'
[3.714s] Level 1:colcon.colcon_core.environment:checking '/home/yunfeibi/Ros_projects/ros2-learning/chapt3/topic_practice_ws/src/install/status_interfaces/bin'
[3.714s] INFO:colcon.colcon_core.shell:Creating package script '/home/yunfeibi/Ros_projects/ros2-learning/chapt3/topic_practice_ws/src/install/status_interfaces/share/status_interfaces/package.ps1'
[3.715s] INFO:colcon.colcon_core.shell:Creating package descriptor '/home/yunfeibi/Ros_projects/ros2-learning/chapt3/topic_practice_ws/src/install/status_interfaces/share/status_interfaces/package.dsv'
[3.715s] INFO:colcon.colcon_core.shell:Creating package script '/home/yunfeibi/Ros_projects/ros2-learning/chapt3/topic_practice_ws/src/install/status_interfaces/share/status_interfaces/package.sh'
[3.716s] INFO:colcon.colcon_core.shell:Creating package script '/home/yunfeibi/Ros_projects/ros2-learning/chapt3/topic_practice_ws/src/install/status_interfaces/share/status_interfaces/package.bash'
[3.716s] INFO:colcon.colcon_core.shell:Creating package script '/home/yunfeibi/Ros_projects/ros2-learning/chapt3/topic_practice_ws/src/install/status_interfaces/share/status_interfaces/package.zsh'
[3.717s] Level 1:colcon.colcon_core.environment:create_file_with_runtime_dependencies(/home/yunfeibi/Ros_projects/ros2-learning/chapt3/topic_practice_ws/src/install/status_interfaces/share/colcon-core/packages/status_interfaces)
[3.717s] Level 1:colcon.colcon_core.environment:create_environment_scripts_only(status_interfaces)
[3.717s] Level 1:colcon.colcon_core.environment:checking '/home/yunfeibi/Ros_projects/ros2-learning/chapt3/topic_practice_ws/src/install/status_interfaces' for CMake module files
[3.718s] Level 1:colcon.colcon_core.environment:checking '/home/yunfeibi/Ros_projects/ros2-learning/chapt3/topic_practice_ws/src/install/status_interfaces' for CMake config files
[3.718s] Level 1:colcon.colcon_core.shell:create_environment_hook('status_interfaces', 'cmake_prefix_path')
[3.718s] INFO:colcon.colcon_core.shell:Creating environment hook '/home/yunfeibi/Ros_projects/ros2-learning/chapt3/topic_practice_ws/src/install/status_interfaces/share/status_interfaces/hook/cmake_prefix_path.ps1'
[3.718s] INFO:colcon.colcon_core.shell:Creating environment descriptor '/home/yunfeibi/Ros_projects/ros2-learning/chapt3/topic_practice_ws/src/install/status_interfaces/share/status_interfaces/hook/cmake_prefix_path.dsv'
[3.718s] INFO:colcon.colcon_core.shell:Creating environment hook '/home/yunfeibi/Ros_projects/ros2-learning/chapt3/topic_practice_ws/src/install/status_interfaces/share/status_interfaces/hook/cmake_prefix_path.sh'
[3.719s] Level 1:colcon.colcon_core.environment:checking '/home/yunfeibi/Ros_projects/ros2-learning/chapt3/topic_practice_ws/src/install/status_interfaces/lib'
[3.719s] Level 1:colcon.colcon_core.shell:create_environment_hook('status_interfaces', 'ld_library_path_lib')
[3.719s] INFO:colcon.colcon_core.shell:Creating environment hook '/home/yunfeibi/Ros_projects/ros2-learning/chapt3/topic_practice_ws/src/install/status_interfaces/share/status_interfaces/hook/ld_library_path_lib.ps1'
[3.719s] INFO:colcon.colcon_core.shell:Creating environment descriptor '/home/yunfeibi/Ros_projects/ros2-learning/chapt3/topic_practice_ws/src/install/status_interfaces/share/status_interfaces/hook/ld_library_path_lib.dsv'
[3.719s] INFO:colcon.colcon_core.shell:Creating environment hook '/home/yunfeibi/Ros_projects/ros2-learning/chapt3/topic_practice_ws/src/install/status_interfaces/share/status_interfaces/hook/ld_library_path_lib.sh'
[3.720s] Level 1:colcon.colcon_core.environment:checking '/home/yunfeibi/Ros_projects/ros2-learning/chapt3/topic_practice_ws/src/install/status_interfaces/bin'
[3.720s] Level 1:colcon.colcon_core.environment:checking '/home/yunfeibi/Ros_projects/ros2-learning/chapt3/topic_practice_ws/src/install/status_interfaces/lib/pkgconfig/status_interfaces.pc'
[3.720s] Level 1:colcon.colcon_core.environment:checking '/home/yunfeibi/Ros_projects/ros2-learning/chapt3/topic_practice_ws/src/install/status_interfaces/lib/python3.8/site-packages'
[3.720s] Level 1:colcon.colcon_core.shell:create_environment_hook('status_interfaces', 'pythonpath')
[3.720s] INFO:colcon.colcon_core.shell:Creating environment hook '/home/yunfeibi/Ros_projects/ros2-learning/chapt3/topic_practice_ws/src/install/status_interfaces/share/status_interfaces/hook/pythonpath.ps1'
[3.720s] INFO:colcon.colcon_core.shell:Creating environment descriptor '/home/yunfeibi/Ros_projects/ros2-learning/chapt3/topic_practice_ws/src/install/status_interfaces/share/status_interfaces/hook/pythonpath.dsv'
[3.720s] INFO:colcon.colcon_core.shell:Creating environment hook '/home/yunfeibi/Ros_projects/ros2-learning/chapt3/topic_practice_ws/src/install/status_interfaces/share/status_interfaces/hook/pythonpath.sh'
[3.721s] Level 1:colcon.colcon_core.environment:checking '/home/yunfeibi/Ros_projects/ros2-learning/chapt3/topic_practice_ws/src/install/status_interfaces/bin'
[3.721s] INFO:colcon.colcon_core.shell:Creating package script '/home/yunfeibi/Ros_projects/ros2-learning/chapt3/topic_practice_ws/src/install/status_interfaces/share/status_interfaces/package.ps1'
[3.721s] INFO:colcon.colcon_core.shell:Creating package descriptor '/home/yunfeibi/Ros_projects/ros2-learning/chapt3/topic_practice_ws/src/install/status_interfaces/share/status_interfaces/package.dsv'
[3.722s] INFO:colcon.colcon_core.shell:Creating package script '/home/yunfeibi/Ros_projects/ros2-learning/chapt3/topic_practice_ws/src/install/status_interfaces/share/status_interfaces/package.sh'
[3.722s] INFO:colcon.colcon_core.shell:Creating package script '/home/yunfeibi/Ros_projects/ros2-learning/chapt3/topic_practice_ws/src/install/status_interfaces/share/status_interfaces/package.bash'
[3.722s] INFO:colcon.colcon_core.shell:Creating package script '/home/yunfeibi/Ros_projects/ros2-learning/chapt3/topic_practice_ws/src/install/status_interfaces/share/status_interfaces/package.zsh'
[3.722s] Level 1:colcon.colcon_core.environment:create_file_with_runtime_dependencies(/home/yunfeibi/Ros_projects/ros2-learning/chapt3/topic_practice_ws/src/install/status_interfaces/share/colcon-core/packages/status_interfaces)
[3.723s] INFO:colcon.colcon_ros.task.ament_cmake.build:Building ROS package in '/home/yunfeibi/Ros_projects/ros2-learning/chapt3/topic_practice_ws/src/status_display' with build type 'ament_cmake'
[3.723s] INFO:colcon.colcon_cmake.task.cmake.build:Building CMake package in '/home/yunfeibi/Ros_projects/ros2-learning/chapt3/topic_practice_ws/src/status_display'
[3.723s] INFO:colcon.colcon_core.shell:Skip shell extension 'powershell' for command environment: Not usable outside of PowerShell
[3.723s] DEBUG:colcon.colcon_core.shell:Skip shell extension 'dsv' for command environment
[3.727s] INFO:colcon.colcon_ros.task.ament_python.build:Building ROS package in '/home/yunfeibi/Ros_projects/ros2-learning/chapt3/topic_practice_ws/src/status_publisher' with build type 'ament_python'
[3.727s] Level 1:colcon.colcon_core.shell:create_environment_hook('status_publisher', 'ament_prefix_path')
[3.727s] INFO:colcon.colcon_core.shell:Creating environment hook '/home/yunfeibi/Ros_projects/ros2-learning/chapt3/topic_practice_ws/src/install/status_publisher/share/status_publisher/hook/ament_prefix_path.ps1'
[3.728s] INFO:colcon.colcon_core.shell:Creating environment descriptor '/home/yunfeibi/Ros_projects/ros2-learning/chapt3/topic_practice_ws/src/install/status_publisher/share/status_publisher/hook/ament_prefix_path.dsv'
[3.728s] INFO:colcon.colcon_core.shell:Creating environment hook '/home/yunfeibi/Ros_projects/ros2-learning/chapt3/topic_practice_ws/src/install/status_publisher/share/status_publisher/hook/ament_prefix_path.sh'
[3.728s] INFO:colcon.colcon_core.shell:Skip shell extension 'powershell' for command environment: Not usable outside of PowerShell
[3.729s] DEBUG:colcon.colcon_core.shell:Skip shell extension 'dsv' for command environment
[3.737s] DEBUG:colcon.colcon_core.event_handler.log_command:Invoking command in '/home/yunfeibi/Ros_projects/ros2-learning/chapt3/topic_practice_ws/src/build/status_display': CMAKE_PREFIX_PATH=/home/yunfeibi/Ros_projects/ros2-learning/chapt3/topic_practice_ws/src/install/status_interfaces:/home/yunfeibi/Ros_projects/ros2-learning/chapt3/topic_practice_ws/src/install/status_display:/home/yunfeibi/Ros_projects/ros2-learning/chapt3/topic_practice_ws/src/install/status_publisher:/opt/ros/foxy LD_LIBRARY_PATH=/home/yunfeibi/Ros_projects/ros2-learning/chapt3/topic_practice_ws/src/install/status_interfaces/lib:/home/yunfeibi/dev/grpc_install/lib:/opt/ros/foxy/opt/yaml_cpp_vendor/lib:/opt/ros/foxy/opt/rviz_ogre_vendor/lib:/opt/ros/foxy/lib/x86_64-linux-gnu:/opt/ros/foxy/lib:/home/yunfeibi/dev/grpc_install/lib PYTHONPATH=/home/yunfeibi/Ros_projects/ros2-learning/chapt3/topic_practice_ws/src/install/status_interfaces/lib/python3.8/site-packages:/home/yunfeibi/Ros_projects/ros2-learning/chapt3/topic_practice_ws/src/install/status_publisher/lib/python3.8/site-packages:/opt/ros/foxy/lib/python3.8/site-packages /usr/bin/cmake /home/yunfeibi/Ros_projects/ros2-learning/chapt3/topic_practice_ws/src/status_display -DCMAKE_INSTALL_PREFIX=/home/yunfeibi/Ros_projects/ros2-learning/chapt3/topic_practice_ws/src/install/status_display
[3.884s] INFO:colcon.colcon_core.task.python.build:Building Python package in '/home/yunfeibi/Ros_projects/ros2-learning/chapt3/topic_practice_ws/src/status_publisher'
[3.885s] INFO:colcon.colcon_core.shell:Skip shell extension 'powershell' for command environment: Not usable outside of PowerShell
[3.885s] DEBUG:colcon.colcon_core.shell:Skip shell extension 'dsv' for command environment
[4.179s] DEBUG:colcon.colcon_core.event_handler.log_command:Invoking command in '/home/yunfeibi/Ros_projects/ros2-learning/chapt3/topic_practice_ws/src/status_publisher': CMAKE_PREFIX_PATH=/home/yunfeibi/Ros_projects/ros2-learning/chapt3/topic_practice_ws/src/install/status_interfaces:/home/yunfeibi/Ros_projects/ros2-learning/chapt3/topic_practice_ws/src/install/status_display LD_LIBRARY_PATH=/home/yunfeibi/Ros_projects/ros2-learning/chapt3/topic_practice_ws/src/install/status_interfaces/lib:/home/yunfeibi/dev/grpc_install/lib:/opt/ros/foxy/opt/yaml_cpp_vendor/lib:/opt/ros/foxy/opt/rviz_ogre_vendor/lib:/opt/ros/foxy/lib/x86_64-linux-gnu:/opt/ros/foxy/lib:/home/yunfeibi/dev/grpc_install/lib PYTHONPATH=/home/yunfeibi/Ros_projects/ros2-learning/chapt3/topic_practice_ws/src/build/status_publisher/prefix_override:/usr/lib/python3/dist-packages/colcon_core/task/python/colcon_distutils_commands:/home/yunfeibi/Ros_projects/ros2-learning/chapt3/topic_practice_ws/src/install/status_publisher/lib/python3.8/site-packages:/home/yunfeibi/Ros_projects/ros2-learning/chapt3/topic_practice_ws/src/install/status_interfaces/lib/python3.8/site-packages:/home/yunfeibi/Ros_projects/ros2-learning/chapt3/topic_practice_ws/src/install/status_publisher/lib/python3.8/site-packages:/opt/ros/foxy/lib/python3.8/site-packages /usr/bin/python3 -W ignore:setup.py install is deprecated -W ignore:easy_install command is deprecated setup.py egg_info --egg-base ../build/status_publisher build --build-base /home/yunfeibi/Ros_projects/ros2-learning/chapt3/topic_practice_ws/src/build/status_publisher/build install --record /home/yunfeibi/Ros_projects/ros2-learning/chapt3/topic_practice_ws/src/build/status_publisher/install.log --install-scripts $base/lib/status_publisher --single-version-externally-managed install_data
[4.377s] Level 1:colcon.colcon_core.environment:checking '/home/yunfeibi/Ros_projects/ros2-learning/chapt3/topic_practice_ws/src/install/status_publisher' for CMake module files
[4.377s] DEBUG:colcon.colcon_core.event_handler.log_command:Invoked command in '/home/yunfeibi/Ros_projects/ros2-learning/chapt3/topic_practice_ws/src/status_publisher' returned '0': CMAKE_PREFIX_PATH=/home/yunfeibi/Ros_projects/ros2-learning/chapt3/topic_practice_ws/src/install/status_interfaces:/home/yunfeibi/Ros_projects/ros2-learning/chapt3/topic_practice_ws/src/install/status_display LD_LIBRARY_PATH=/home/yunfeibi/Ros_projects/ros2-learning/chapt3/topic_practice_ws/src/install/status_interfaces/lib:/home/yunfeibi/dev/grpc_install/lib:/opt/ros/foxy/opt/yaml_cpp_vendor/lib:/opt/ros/foxy/opt/rviz_ogre_vendor/lib:/opt/ros/foxy/lib/x86_64-linux-gnu:/opt/ros/foxy/lib:/home/yunfeibi/dev/grpc_install/lib PYTHONPATH=/home/yunfeibi/Ros_projects/ros2-learning/chapt3/topic_practice_ws/src/build/status_publisher/prefix_override:/usr/lib/python3/dist-packages/colcon_core/task/python/colcon_distutils_commands:/home/yunfeibi/Ros_projects/ros2-learning/chapt3/topic_practice_ws/src/install/status_publisher/lib/python3.8/site-packages:/home/yunfeibi/Ros_projects/ros2-learning/chapt3/topic_practice_ws/src/install/status_interfaces/lib/python3.8/site-packages:/home/yunfeibi/Ros_projects/ros2-learning/chapt3/topic_practice_ws/src/install/status_publisher/lib/python3.8/site-packages:/opt/ros/foxy/lib/python3.8/site-packages /usr/bin/python3 -W ignore:setup.py install is deprecated -W ignore:easy_install command is deprecated setup.py egg_info --egg-base ../build/status_publisher build --build-base /home/yunfeibi/Ros_projects/ros2-learning/chapt3/topic_practice_ws/src/build/status_publisher/build install --record /home/yunfeibi/Ros_projects/ros2-learning/chapt3/topic_practice_ws/src/build/status_publisher/install.log --install-scripts $base/lib/status_publisher --single-version-externally-managed install_data
[4.377s] Level 1:colcon.colcon_core.environment:checking '/home/yunfeibi/Ros_projects/ros2-learning/chapt3/topic_practice_ws/src/install/status_publisher' for CMake config files
[4.378s] Level 1:colcon.colcon_core.environment:checking '/home/yunfeibi/Ros_projects/ros2-learning/chapt3/topic_practice_ws/src/install/status_publisher/lib'
[4.378s] Level 1:colcon.colcon_core.environment:checking '/home/yunfeibi/Ros_projects/ros2-learning/chapt3/topic_practice_ws/src/install/status_publisher/bin'
[4.378s] Level 1:colcon.colcon_core.environment:checking '/home/yunfeibi/Ros_projects/ros2-learning/chapt3/topic_practice_ws/src/install/status_publisher/lib/pkgconfig/status_publisher.pc'
[4.378s] Level 1:colcon.colcon_core.environment:checking '/home/yunfeibi/Ros_projects/ros2-learning/chapt3/topic_practice_ws/src/install/status_publisher/lib/python3.8/site-packages'
[4.378s] Level 1:colcon.colcon_core.shell:create_environment_hook('status_publisher', 'pythonpath')
[4.379s] INFO:colcon.colcon_core.shell:Creating environment hook '/home/yunfeibi/Ros_projects/ros2-learning/chapt3/topic_practice_ws/src/install/status_publisher/share/status_publisher/hook/pythonpath.ps1'
[4.379s] INFO:colcon.colcon_core.shell:Creating environment descriptor '/home/yunfeibi/Ros_projects/ros2-learning/chapt3/topic_practice_ws/src/install/status_publisher/share/status_publisher/hook/pythonpath.dsv'
[4.379s] INFO:colcon.colcon_core.shell:Creating environment hook '/home/yunfeibi/Ros_projects/ros2-learning/chapt3/topic_practice_ws/src/install/status_publisher/share/status_publisher/hook/pythonpath.sh'
[4.380s] Level 1:colcon.colcon_core.environment:checking '/home/yunfeibi/Ros_projects/ros2-learning/chapt3/topic_practice_ws/src/install/status_publisher/bin'
[4.380s] Level 1:colcon.colcon_core.environment:create_environment_scripts_only(status_publisher)
[4.380s] INFO:colcon.colcon_core.shell:Creating package script '/home/yunfeibi/Ros_projects/ros2-learning/chapt3/topic_practice_ws/src/install/status_publisher/share/status_publisher/package.ps1'
[4.381s] INFO:colcon.colcon_core.shell:Creating package descriptor '/home/yunfeibi/Ros_projects/ros2-learning/chapt3/topic_practice_ws/src/install/status_publisher/share/status_publisher/package.dsv'
[4.381s] INFO:colcon.colcon_core.shell:Creating package script '/home/yunfeibi/Ros_projects/ros2-learning/chapt3/topic_practice_ws/src/install/status_publisher/share/status_publisher/package.sh'
[4.381s] INFO:colcon.colcon_core.shell:Creating package script '/home/yunfeibi/Ros_projects/ros2-learning/chapt3/topic_practice_ws/src/install/status_publisher/share/status_publisher/package.bash'
[4.382s] INFO:colcon.colcon_core.shell:Creating package script '/home/yunfeibi/Ros_projects/ros2-learning/chapt3/topic_practice_ws/src/install/status_publisher/share/status_publisher/package.zsh'
[4.382s] Level 1:colcon.colcon_core.environment:create_file_with_runtime_dependencies(/home/yunfeibi/Ros_projects/ros2-learning/chapt3/topic_practice_ws/src/install/status_publisher/share/colcon-core/packages/status_publisher)
[5.091s] DEBUG:colcon.colcon_core.event_handler.log_command:Invoked command in '/home/yunfeibi/Ros_projects/ros2-learning/chapt3/topic_practice_ws/src/build/status_display' returned '0': CMAKE_PREFIX_PATH=/home/yunfeibi/Ros_projects/ros2-learning/chapt3/topic_practice_ws/src/install/status_interfaces:/home/yunfeibi/Ros_projects/ros2-learning/chapt3/topic_practice_ws/src/install/status_display:/home/yunfeibi/Ros_projects/ros2-learning/chapt3/topic_practice_ws/src/install/status_publisher:/opt/ros/foxy LD_LIBRARY_PATH=/home/yunfeibi/Ros_projects/ros2-learning/chapt3/topic_practice_ws/src/install/status_interfaces/lib:/home/yunfeibi/dev/grpc_install/lib:/opt/ros/foxy/opt/yaml_cpp_vendor/lib:/opt/ros/foxy/opt/rviz_ogre_vendor/lib:/opt/ros/foxy/lib/x86_64-linux-gnu:/opt/ros/foxy/lib:/home/yunfeibi/dev/grpc_install/lib PYTHONPATH=/home/yunfeibi/Ros_projects/ros2-learning/chapt3/topic_practice_ws/src/install/status_interfaces/lib/python3.8/site-packages:/home/yunfeibi/Ros_projects/ros2-learning/chapt3/topic_practice_ws/src/install/status_publisher/lib/python3.8/site-packages:/opt/ros/foxy/lib/python3.8/site-packages /usr/bin/cmake /home/yunfeibi/Ros_projects/ros2-learning/chapt3/topic_practice_ws/src/status_display -DCMAKE_INSTALL_PREFIX=/home/yunfeibi/Ros_projects/ros2-learning/chapt3/topic_practice_ws/src/install/status_display
[5.093s] DEBUG:colcon.colcon_core.event_handler.log_command:Invoking command in '/home/yunfeibi/Ros_projects/ros2-learning/chapt3/topic_practice_ws/src/build/status_display': CMAKE_PREFIX_PATH=/home/yunfeibi/Ros_projects/ros2-learning/chapt3/topic_practice_ws/src/install/status_interfaces:/home/yunfeibi/Ros_projects/ros2-learning/chapt3/topic_practice_ws/src/install/status_display:/home/yunfeibi/Ros_projects/ros2-learning/chapt3/topic_practice_ws/src/install/status_publisher:/opt/ros/foxy LD_LIBRARY_PATH=/home/yunfeibi/Ros_projects/ros2-learning/chapt3/topic_practice_ws/src/install/status_interfaces/lib:/home/yunfeibi/dev/grpc_install/lib:/opt/ros/foxy/opt/yaml_cpp_vendor/lib:/opt/ros/foxy/opt/rviz_ogre_vendor/lib:/opt/ros/foxy/lib/x86_64-linux-gnu:/opt/ros/foxy/lib:/home/yunfeibi/dev/grpc_install/lib PYTHONPATH=/home/yunfeibi/Ros_projects/ros2-learning/chapt3/topic_practice_ws/src/install/status_interfaces/lib/python3.8/site-packages:/home/yunfeibi/Ros_projects/ros2-learning/chapt3/topic_practice_ws/src/install/status_publisher/lib/python3.8/site-packages:/opt/ros/foxy/lib/python3.8/site-packages /usr/bin/cmake --build /home/yunfeibi/Ros_projects/ros2-learning/chapt3/topic_practice_ws/src/build/status_display -- -j12 -l12
[9.063s] DEBUG:colcon.colcon_core.event_handler.log_command:Invoked command in '/home/yunfeibi/Ros_projects/ros2-learning/chapt3/topic_practice_ws/src/build/status_display' returned '0': CMAKE_PREFIX_PATH=/home/yunfeibi/Ros_projects/ros2-learning/chapt3/topic_practice_ws/src/install/status_interfaces:/home/yunfeibi/Ros_projects/ros2-learning/chapt3/topic_practice_ws/src/install/status_display:/home/yunfeibi/Ros_projects/ros2-learning/chapt3/topic_practice_ws/src/install/status_publisher:/opt/ros/foxy LD_LIBRARY_PATH=/home/yunfeibi/Ros_projects/ros2-learning/chapt3/topic_practice_ws/src/install/status_interfaces/lib:/home/yunfeibi/dev/grpc_install/lib:/opt/ros/foxy/opt/yaml_cpp_vendor/lib:/opt/ros/foxy/opt/rviz_ogre_vendor/lib:/opt/ros/foxy/lib/x86_64-linux-gnu:/opt/ros/foxy/lib:/home/yunfeibi/dev/grpc_install/lib PYTHONPATH=/home/yunfeibi/Ros_projects/ros2-learning/chapt3/topic_practice_ws/src/install/status_interfaces/lib/python3.8/site-packages:/home/yunfeibi/Ros_projects/ros2-learning/chapt3/topic_practice_ws/src/install/status_publisher/lib/python3.8/site-packages:/opt/ros/foxy/lib/python3.8/site-packages /usr/bin/cmake --build /home/yunfeibi/Ros_projects/ros2-learning/chapt3/topic_practice_ws/src/build/status_display -- -j12 -l12
[9.066s] DEBUG:colcon.colcon_core.event_handler.log_command:Invoking command in '/home/yunfeibi/Ros_projects/ros2-learning/chapt3/topic_practice_ws/src/build/status_display': CMAKE_PREFIX_PATH=/home/yunfeibi/Ros_projects/ros2-learning/chapt3/topic_practice_ws/src/install/status_interfaces:/home/yunfeibi/Ros_projects/ros2-learning/chapt3/topic_practice_ws/src/install/status_display:/home/yunfeibi/Ros_projects/ros2-learning/chapt3/topic_practice_ws/src/install/status_publisher:/opt/ros/foxy LD_LIBRARY_PATH=/home/yunfeibi/Ros_projects/ros2-learning/chapt3/topic_practice_ws/src/install/status_interfaces/lib:/home/yunfeibi/dev/grpc_install/lib:/opt/ros/foxy/opt/yaml_cpp_vendor/lib:/opt/ros/foxy/opt/rviz_ogre_vendor/lib:/opt/ros/foxy/lib/x86_64-linux-gnu:/opt/ros/foxy/lib:/home/yunfeibi/dev/grpc_install/lib PYTHONPATH=/home/yunfeibi/Ros_projects/ros2-learning/chapt3/topic_practice_ws/src/install/status_interfaces/lib/python3.8/site-packages:/home/yunfeibi/Ros_projects/ros2-learning/chapt3/topic_practice_ws/src/install/status_publisher/lib/python3.8/site-packages:/opt/ros/foxy/lib/python3.8/site-packages /usr/bin/cmake --install /home/yunfeibi/Ros_projects/ros2-learning/chapt3/topic_practice_ws/src/build/status_display
[9.080s] Level 1:colcon.colcon_core.environment:create_environment_scripts_only(status_display)
[9.081s] Level 1:colcon.colcon_core.environment:checking '/home/yunfeibi/Ros_projects/ros2-learning/chapt3/topic_practice_ws/src/install/status_display' for CMake module files
[9.081s] DEBUG:colcon.colcon_core.event_handler.log_command:Invoked command in '/home/yunfeibi/Ros_projects/ros2-learning/chapt3/topic_practice_ws/src/build/status_display' returned '0': CMAKE_PREFIX_PATH=/home/yunfeibi/Ros_projects/ros2-learning/chapt3/topic_practice_ws/src/install/status_interfaces:/home/yunfeibi/Ros_projects/ros2-learning/chapt3/topic_practice_ws/src/install/status_display:/home/yunfeibi/Ros_projects/ros2-learning/chapt3/topic_practice_ws/src/install/status_publisher:/opt/ros/foxy LD_LIBRARY_PATH=/home/yunfeibi/Ros_projects/ros2-learning/chapt3/topic_practice_ws/src/install/status_interfaces/lib:/home/yunfeibi/dev/grpc_install/lib:/opt/ros/foxy/opt/yaml_cpp_vendor/lib:/opt/ros/foxy/opt/rviz_ogre_vendor/lib:/opt/ros/foxy/lib/x86_64-linux-gnu:/opt/ros/foxy/lib:/home/yunfeibi/dev/grpc_install/lib PYTHONPATH=/home/yunfeibi/Ros_projects/ros2-learning/chapt3/topic_practice_ws/src/install/status_interfaces/lib/python3.8/site-packages:/home/yunfeibi/Ros_projects/ros2-learning/chapt3/topic_practice_ws/src/install/status_publisher/lib/python3.8/site-packages:/opt/ros/foxy/lib/python3.8/site-packages /usr/bin/cmake --install /home/yunfeibi/Ros_projects/ros2-learning/chapt3/topic_practice_ws/src/build/status_display
[9.081s] Level 1:colcon.colcon_core.environment:checking '/home/yunfeibi/Ros_projects/ros2-learning/chapt3/topic_practice_ws/src/install/status_display' for CMake config files
[9.082s] Level 1:colcon.colcon_core.shell:create_environment_hook('status_display', 'cmake_prefix_path')
[9.082s] INFO:colcon.colcon_core.shell:Creating environment hook '/home/yunfeibi/Ros_projects/ros2-learning/chapt3/topic_practice_ws/src/install/status_display/share/status_display/hook/cmake_prefix_path.ps1'
[9.082s] INFO:colcon.colcon_core.shell:Creating environment descriptor '/home/yunfeibi/Ros_projects/ros2-learning/chapt3/topic_practice_ws/src/install/status_display/share/status_display/hook/cmake_prefix_path.dsv'
[9.083s] INFO:colcon.colcon_core.shell:Creating environment hook '/home/yunfeibi/Ros_projects/ros2-learning/chapt3/topic_practice_ws/src/install/status_display/share/status_display/hook/cmake_prefix_path.sh'
[9.083s] Level 1:colcon.colcon_core.environment:checking '/home/yunfeibi/Ros_projects/ros2-learning/chapt3/topic_practice_ws/src/install/status_display/lib'
[9.083s] Level 1:colcon.colcon_core.environment:checking '/home/yunfeibi/Ros_projects/ros2-learning/chapt3/topic_practice_ws/src/install/status_display/bin'
[9.083s] Level 1:colcon.colcon_core.environment:checking '/home/yunfeibi/Ros_projects/ros2-learning/chapt3/topic_practice_ws/src/install/status_display/lib/pkgconfig/status_display.pc'
[9.084s] Level 1:colcon.colcon_core.environment:checking '/home/yunfeibi/Ros_projects/ros2-learning/chapt3/topic_practice_ws/src/install/status_display/lib/python3.8/site-packages'
[9.084s] Level 1:colcon.colcon_core.environment:checking '/home/yunfeibi/Ros_projects/ros2-learning/chapt3/topic_practice_ws/src/install/status_display/bin'
[9.084s] INFO:colcon.colcon_core.shell:Creating package script '/home/yunfeibi/Ros_projects/ros2-learning/chapt3/topic_practice_ws/src/install/status_display/share/status_display/package.ps1'
[9.084s] INFO:colcon.colcon_core.shell:Creating package descriptor '/home/yunfeibi/Ros_projects/ros2-learning/chapt3/topic_practice_ws/src/install/status_display/share/status_display/package.dsv'
[9.085s] INFO:colcon.colcon_core.shell:Creating package script '/home/yunfeibi/Ros_projects/ros2-learning/chapt3/topic_practice_ws/src/install/status_display/share/status_display/package.sh'
[9.085s] INFO:colcon.colcon_core.shell:Creating package script '/home/yunfeibi/Ros_projects/ros2-learning/chapt3/topic_practice_ws/src/install/status_display/share/status_display/package.bash'
[9.086s] INFO:colcon.colcon_core.shell:Creating package script '/home/yunfeibi/Ros_projects/ros2-learning/chapt3/topic_practice_ws/src/install/status_display/share/status_display/package.zsh'
[9.086s] Level 1:colcon.colcon_core.environment:create_file_with_runtime_dependencies(/home/yunfeibi/Ros_projects/ros2-learning/chapt3/topic_practice_ws/src/install/status_display/share/colcon-core/packages/status_display)
[9.087s] Level 1:colcon.colcon_core.environment:create_environment_scripts_only(status_display)
[9.087s] Level 1:colcon.colcon_core.environment:checking '/home/yunfeibi/Ros_projects/ros2-learning/chapt3/topic_practice_ws/src/install/status_display' for CMake module files
[9.087s] Level 1:colcon.colcon_core.environment:checking '/home/yunfeibi/Ros_projects/ros2-learning/chapt3/topic_practice_ws/src/install/status_display' for CMake config files
[9.088s] Level 1:colcon.colcon_core.shell:create_environment_hook('status_display', 'cmake_prefix_path')
[9.088s] INFO:colcon.colcon_core.shell:Creating environment hook '/home/yunfeibi/Ros_projects/ros2-learning/chapt3/topic_practice_ws/src/install/status_display/share/status_display/hook/cmake_prefix_path.ps1'
[9.088s] INFO:colcon.colcon_core.shell:Creating environment descriptor '/home/yunfeibi/Ros_projects/ros2-learning/chapt3/topic_practice_ws/src/install/status_display/share/status_display/hook/cmake_prefix_path.dsv'
[9.089s] INFO:colcon.colcon_core.shell:Creating environment hook '/home/yunfeibi/Ros_projects/ros2-learning/chapt3/topic_practice_ws/src/install/status_display/share/status_display/hook/cmake_prefix_path.sh'
[9.089s] Level 1:colcon.colcon_core.environment:checking '/home/yunfeibi/Ros_projects/ros2-learning/chapt3/topic_practice_ws/src/install/status_display/lib'
[9.090s] Level 1:colcon.colcon_core.environment:checking '/home/yunfeibi/Ros_projects/ros2-learning/chapt3/topic_practice_ws/src/install/status_display/bin'
[9.090s] Level 1:colcon.colcon_core.environment:checking '/home/yunfeibi/Ros_projects/ros2-learning/chapt3/topic_practice_ws/src/install/status_display/lib/pkgconfig/status_display.pc'
[9.090s] Level 1:colcon.colcon_core.environment:checking '/home/yunfeibi/Ros_projects/ros2-learning/chapt3/topic_practice_ws/src/install/status_display/lib/python3.8/site-packages'
[9.090s] Level 1:colcon.colcon_core.environment:checking '/home/yunfeibi/Ros_projects/ros2-learning/chapt3/topic_practice_ws/src/install/status_display/bin'
[9.090s] INFO:colcon.colcon_core.shell:Creating package script '/home/yunfeibi/Ros_projects/ros2-learning/chapt3/topic_practice_ws/src/install/status_display/share/status_display/package.ps1'
[9.091s] INFO:colcon.colcon_core.shell:Creating package descriptor '/home/yunfeibi/Ros_projects/ros2-learning/chapt3/topic_practice_ws/src/install/status_display/share/status_display/package.dsv'
[9.092s] INFO:colcon.colcon_core.shell:Creating package script '/home/yunfeibi/Ros_projects/ros2-learning/chapt3/topic_practice_ws/src/install/status_display/share/status_display/package.sh'
[9.092s] INFO:colcon.colcon_core.shell:Creating package script '/home/yunfeibi/Ros_projects/ros2-learning/chapt3/topic_practice_ws/src/install/status_display/share/status_display/package.bash'
[9.092s] INFO:colcon.colcon_core.shell:Creating package script '/home/yunfeibi/Ros_projects/ros2-learning/chapt3/topic_practice_ws/src/install/status_display/share/status_display/package.zsh'
[9.093s] Level 1:colcon.colcon_core.environment:create_file_with_runtime_dependencies(/home/yunfeibi/Ros_projects/ros2-learning/chapt3/topic_practice_ws/src/install/status_display/share/colcon-core/packages/status_display)
[9.093s] DEBUG:colcon.colcon_parallel_executor.executor.parallel:closing loop
[9.093s] DEBUG:colcon.colcon_parallel_executor.executor.parallel:loop closed
[9.093s] DEBUG:colcon.colcon_parallel_executor.executor.parallel:run_until_complete finished with '0'
[9.093s] DEBUG:colcon.colcon_core.event_reactor:joining thread
[9.098s] INFO:colcon.colcon_core.plugin_system:Skipping extension 'colcon_notification.desktop_notification.terminal_notifier': Not used on non-Darwin systems
[9.098s] INFO:colcon.colcon_core.plugin_system:Skipping extension 'colcon_notification.desktop_notification.win32': Not used on non-Windows systems
[9.098s] INFO:colcon.colcon_notification.desktop_notification:Sending desktop notification using 'notify2'
[9.113s] DEBUG:colcon.colcon_core.event_reactor:joined thread
[9.113s] INFO:colcon.colcon_core.shell:Creating prefix script '/home/yunfeibi/Ros_projects/ros2-learning/chapt3/topic_practice_ws/src/install/local_setup.ps1'
[9.114s] INFO:colcon.colcon_core.shell:Creating prefix util module '/home/yunfeibi/Ros_projects/ros2-learning/chapt3/topic_practice_ws/src/install/_local_setup_util_ps1.py'
[9.115s] INFO:colcon.colcon_core.shell:Creating prefix chain script '/home/yunfeibi/Ros_projects/ros2-learning/chapt3/topic_practice_ws/src/install/setup.ps1'
[9.116s] INFO:colcon.colcon_core.shell:Creating prefix script '/home/yunfeibi/Ros_projects/ros2-learning/chapt3/topic_practice_ws/src/install/local_setup.sh'
[9.116s] INFO:colcon.colcon_core.shell:Creating prefix util module '/home/yunfeibi/Ros_projects/ros2-learning/chapt3/topic_practice_ws/src/install/_local_setup_util_sh.py'
[9.116s] INFO:colcon.colcon_core.shell:Creating prefix chain script '/home/yunfeibi/Ros_projects/ros2-learning/chapt3/topic_practice_ws/src/install/setup.sh'
[9.117s] INFO:colcon.colcon_core.shell:Creating prefix script '/home/yunfeibi/Ros_projects/ros2-learning/chapt3/topic_practice_ws/src/install/local_setup.bash'
[9.118s] INFO:colcon.colcon_core.shell:Creating prefix chain script '/home/yunfeibi/Ros_projects/ros2-learning/chapt3/topic_practice_ws/src/install/setup.bash'
[9.119s] INFO:colcon.colcon_core.shell:Creating prefix script '/home/yunfeibi/Ros_projects/ros2-learning/chapt3/topic_practice_ws/src/install/local_setup.zsh'
[9.119s] INFO:colcon.colcon_core.shell:Creating prefix chain script '/home/yunfeibi/Ros_projects/ros2-learning/chapt3/topic_practice_ws/src/install/setup.zsh'
