[1.224s] Invoking command in '/home/yunfeibi/Ros_projects/ros2-learning/chapt10/src/learn_lifecyclenode_py': PYTHONPATH=/home/yunfeibi/Ros_projects/ros2-learning/chapt10/build/learn_lifecyclenode_py/prefix_override:/usr/lib/python3/dist-packages/colcon_core/task/python/colcon_distutils_commands:/home/yunfeibi/Ros_projects/ros2-learning/chapt10/install/learn_lifecyclenode_py/lib/python3.8/site-packages:${PYTHONPATH} /usr/bin/python3 -W ignore:setup.py install is deprecated -W ignore:easy_install command is deprecated setup.py egg_info --egg-base ../../build/learn_lifecyclenode_py build --build-base /home/yunfeibi/Ros_projects/ros2-learning/chapt10/build/learn_lifecyclenode_py/build install --record /home/yunfeibi/Ros_projects/ros2-learning/chapt10/build/learn_lifecyclenode_py/install.log --single-version-externally-managed install_data
[1.542s] running egg_info
[1.543s] creating ../../build/learn_lifecyclenode_py/learn_lifecyclenode_py.egg-info
[1.543s] writing ../../build/learn_lifecyclenode_py/learn_lifecyclenode_py.egg-info/PKG-INFO
[1.543s] writing dependency_links to ../../build/learn_lifecyclenode_py/learn_lifecyclenode_py.egg-info/dependency_links.txt
[1.545s] writing entry points to ../../build/learn_lifecyclenode_py/learn_lifecyclenode_py.egg-info/entry_points.txt
[1.545s] writing requirements to ../../build/learn_lifecyclenode_py/learn_lifecyclenode_py.egg-info/requires.txt
[1.546s] writing top-level names to ../../build/learn_lifecyclenode_py/learn_lifecyclenode_py.egg-info/top_level.txt
[1.546s] writing manifest file '../../build/learn_lifecyclenode_py/learn_lifecyclenode_py.egg-info/SOURCES.txt'
[1.581s] reading manifest file '../../build/learn_lifecyclenode_py/learn_lifecyclenode_py.egg-info/SOURCES.txt'
[1.581s] writing manifest file '../../build/learn_lifecyclenode_py/learn_lifecyclenode_py.egg-info/SOURCES.txt'
[1.582s] running build
[1.582s] running build_py
[1.582s] creating /home/yunfeibi/Ros_projects/ros2-learning/chapt10/build/learn_lifecyclenode_py/build
[1.582s] creating /home/yunfeibi/Ros_projects/ros2-learning/chapt10/build/learn_lifecyclenode_py/build/lib
[1.582s] creating /home/yunfeibi/Ros_projects/ros2-learning/chapt10/build/learn_lifecyclenode_py/build/lib/learn_lifecyclenode_py
[1.582s] copying learn_lifecyclenode_py/learn_lifecyclenode.py -> /home/yunfeibi/Ros_projects/ros2-learning/chapt10/build/learn_lifecyclenode_py/build/lib/learn_lifecyclenode_py
[1.582s] copying learn_lifecyclenode_py/__init__.py -> /home/yunfeibi/Ros_projects/ros2-learning/chapt10/build/learn_lifecyclenode_py/build/lib/learn_lifecyclenode_py
[1.582s] running install
[1.583s] running install_lib
[1.584s] creating /home/yunfeibi/Ros_projects/ros2-learning/chapt10/install/learn_lifecyclenode_py/lib/python3.8/site-packages/learn_lifecyclenode_py
[1.585s] copying /home/yunfeibi/Ros_projects/ros2-learning/chapt10/build/learn_lifecyclenode_py/build/lib/learn_lifecyclenode_py/learn_lifecyclenode.py -> /home/yunfeibi/Ros_projects/ros2-learning/chapt10/install/learn_lifecyclenode_py/lib/python3.8/site-packages/learn_lifecyclenode_py
[1.585s] copying /home/yunfeibi/Ros_projects/ros2-learning/chapt10/build/learn_lifecyclenode_py/build/lib/learn_lifecyclenode_py/__init__.py -> /home/yunfeibi/Ros_projects/ros2-learning/chapt10/install/learn_lifecyclenode_py/lib/python3.8/site-packages/learn_lifecyclenode_py
[1.585s] byte-compiling /home/yunfeibi/Ros_projects/ros2-learning/chapt10/install/learn_lifecyclenode_py/lib/python3.8/site-packages/learn_lifecyclenode_py/learn_lifecyclenode.py to learn_lifecyclenode.cpython-38.pyc
[1.587s] byte-compiling /home/yunfeibi/Ros_projects/ros2-learning/chapt10/install/learn_lifecyclenode_py/lib/python3.8/site-packages/learn_lifecyclenode_py/__init__.py to __init__.cpython-38.pyc
[1.587s] running install_data
[1.587s] creating /home/yunfeibi/Ros_projects/ros2-learning/chapt10/install/learn_lifecyclenode_py/share/ament_index
[1.587s] creating /home/yunfeibi/Ros_projects/ros2-learning/chapt10/install/learn_lifecyclenode_py/share/ament_index/resource_index
[1.588s] creating /home/yunfeibi/Ros_projects/ros2-learning/chapt10/install/learn_lifecyclenode_py/share/ament_index/resource_index/packages
[1.588s] copying resource/learn_lifecyclenode_py -> /home/yunfeibi/Ros_projects/ros2-learning/chapt10/install/learn_lifecyclenode_py/share/ament_index/resource_index/packages
[1.588s] copying package.xml -> /home/yunfeibi/Ros_projects/ros2-learning/chapt10/install/learn_lifecyclenode_py/share/learn_lifecyclenode_py
[1.588s] running install_egg_info
[1.590s] Copying ../../build/learn_lifecyclenode_py/learn_lifecyclenode_py.egg-info to /home/yunfeibi/Ros_projects/ros2-learning/chapt10/install/learn_lifecyclenode_py/lib/python3.8/site-packages/learn_lifecyclenode_py-0.0.0-py3.8.egg-info
[1.591s] running install_scripts
[1.610s] Installing lifecyclenode script to /home/yunfeibi/Ros_projects/ros2-learning/chapt10/install/learn_lifecyclenode_py/lib/learn_lifecyclenode_py
[1.611s] writing list of installed files to '/home/yunfeibi/Ros_projects/ros2-learning/chapt10/build/learn_lifecyclenode_py/install.log'
[1.639s] Invoked command in '/home/yunfeibi/Ros_projects/ros2-learning/chapt10/src/learn_lifecyclenode_py' returned '0': PYTHONPATH=/home/yunfeibi/Ros_projects/ros2-learning/chapt10/build/learn_lifecyclenode_py/prefix_override:/usr/lib/python3/dist-packages/colcon_core/task/python/colcon_distutils_commands:/home/yunfeibi/Ros_projects/ros2-learning/chapt10/install/learn_lifecyclenode_py/lib/python3.8/site-packages:${PYTHONPATH} /usr/bin/python3 -W ignore:setup.py install is deprecated -W ignore:easy_install command is deprecated setup.py egg_info --egg-base ../../build/learn_lifecyclenode_py build --build-base /home/yunfeibi/Ros_projects/ros2-learning/chapt10/build/learn_lifecyclenode_py/build install --record /home/yunfeibi/Ros_projects/ros2-learning/chapt10/build/learn_lifecyclenode_py/install.log --single-version-externally-managed install_data
