[0.424s] Invoking command in '/home/yunfeibi/Ros_projects/ros2-learning/chapt2/chapt2_ws/src_python/demo_python_pkg': PYTHONPATH=/home/yunfeibi/Ros_projects/ros2-learning/chapt2/chapt2_ws/src_python/build/demo_python_pkg/prefix_override:/usr/lib/python3/dist-packages/colcon_core/task/python/colcon_distutils_commands:/home/yunfeibi/Ros_projects/ros2-learning/chapt2/chapt2_ws/src_python/install/demo_python_pkg/lib/python3.8/site-packages:${PYTHONPATH} /usr/bin/python3 -W ignore:setup.py install is deprecated -W ignore:easy_install command is deprecated setup.py egg_info --egg-base ../build/demo_python_pkg build --build-base /home/yunfeibi/Ros_projects/ros2-learning/chapt2/chapt2_ws/src_python/build/demo_python_pkg/build install --record /home/yunfeibi/Ros_projects/ros2-learning/chapt2/chapt2_ws/src_python/build/demo_python_pkg/install.log --install-scripts $base/lib/demo_python_pkg --single-version-externally-managed install_data
[0.574s] running egg_info
[0.574s] writing ../build/demo_python_pkg/demo_python_pkg.egg-info/PKG-INFO
[0.574s] writing dependency_links to ../build/demo_python_pkg/demo_python_pkg.egg-info/dependency_links.txt
[0.574s] writing entry points to ../build/demo_python_pkg/demo_python_pkg.egg-info/entry_points.txt
[0.574s] writing requirements to ../build/demo_python_pkg/demo_python_pkg.egg-info/requires.txt
[0.574s] writing top-level names to ../build/demo_python_pkg/demo_python_pkg.egg-info/top_level.txt
[0.596s] reading manifest file '../build/demo_python_pkg/demo_python_pkg.egg-info/SOURCES.txt'
[0.596s] writing manifest file '../build/demo_python_pkg/demo_python_pkg.egg-info/SOURCES.txt'
[0.596s] running build
[0.597s] running build_py
[0.597s] running install
[0.597s] running install_lib
[0.598s] running install_data
[0.598s] running install_egg_info
[0.599s] removing '/home/yunfeibi/Ros_projects/ros2-learning/chapt2/chapt2_ws/src_python/install/demo_python_pkg/lib/python3.8/site-packages/demo_python_pkg-0.0.0-py3.8.egg-info' (and everything under it)
[0.599s] Copying ../build/demo_python_pkg/demo_python_pkg.egg-info to /home/yunfeibi/Ros_projects/ros2-learning/chapt2/chapt2_ws/src_python/install/demo_python_pkg/lib/python3.8/site-packages/demo_python_pkg-0.0.0-py3.8.egg-info
[0.600s] running install_scripts
[0.611s] Installing python_node script to /home/yunfeibi/Ros_projects/ros2-learning/chapt2/chapt2_ws/src_python/install/demo_python_pkg/lib/demo_python_pkg
[0.611s] writing list of installed files to '/home/yunfeibi/Ros_projects/ros2-learning/chapt2/chapt2_ws/src_python/build/demo_python_pkg/install.log'
[0.623s] Invoked command in '/home/yunfeibi/Ros_projects/ros2-learning/chapt2/chapt2_ws/src_python/demo_python_pkg' returned '0': PYTHONPATH=/home/yunfeibi/Ros_projects/ros2-learning/chapt2/chapt2_ws/src_python/build/demo_python_pkg/prefix_override:/usr/lib/python3/dist-packages/colcon_core/task/python/colcon_distutils_commands:/home/yunfeibi/Ros_projects/ros2-learning/chapt2/chapt2_ws/src_python/install/demo_python_pkg/lib/python3.8/site-packages:${PYTHONPATH} /usr/bin/python3 -W ignore:setup.py install is deprecated -W ignore:easy_install command is deprecated setup.py egg_info --egg-base ../build/demo_python_pkg build --build-base /home/yunfeibi/Ros_projects/ros2-learning/chapt2/chapt2_ws/src_python/build/demo_python_pkg/build install --record /home/yunfeibi/Ros_projects/ros2-learning/chapt2/chapt2_ws/src_python/build/demo_python_pkg/install.log --install-scripts $base/lib/demo_python_pkg --single-version-externally-managed install_data
