running egg_info
creating ../../build/learn_qos_py/learn_qos_py.egg-info
writing ../../build/learn_qos_py/learn_qos_py.egg-info/PKG-INFO
writing dependency_links to ../../build/learn_qos_py/learn_qos_py.egg-info/dependency_links.txt
writing entry points to ../../build/learn_qos_py/learn_qos_py.egg-info/entry_points.txt
writing requirements to ../../build/learn_qos_py/learn_qos_py.egg-info/requires.txt
writing top-level names to ../../build/learn_qos_py/learn_qos_py.egg-info/top_level.txt
writing manifest file '../../build/learn_qos_py/learn_qos_py.egg-info/SOURCES.txt'
reading manifest file '../../build/learn_qos_py/learn_qos_py.egg-info/SOURCES.txt'
writing manifest file '../../build/learn_qos_py/learn_qos_py.egg-info/SOURCES.txt'
running build
running build_py
creating /home/yunfeibi/Ros_projects/ros2-learning/chapt10/build/learn_qos_py/build
creating /home/yunfeibi/Ros_projects/ros2-learning/chapt10/build/learn_qos_py/build/lib
creating /home/yunfeibi/Ros_projects/ros2-learning/chapt10/build/learn_qos_py/build/lib/learn_qos_py
copying learn_qos_py/reliability_test.py -> /home/yunfeibi/Ros_projects/ros2-learning/chapt10/build/learn_qos_py/build/lib/learn_qos_py
copying learn_qos_py/__init__.py -> /home/yunfeibi/Ros_projects/ros2-learning/chapt10/build/learn_qos_py/build/lib/learn_qos_py
running install
running install_lib
creating /home/yunfeibi/Ros_projects/ros2-learning/chapt10/install/learn_qos_py/lib/python3.8/site-packages/learn_qos_py
copying /home/yunfeibi/Ros_projects/ros2-learning/chapt10/build/learn_qos_py/build/lib/learn_qos_py/reliability_test.py -> /home/yunfeibi/Ros_projects/ros2-learning/chapt10/install/learn_qos_py/lib/python3.8/site-packages/learn_qos_py
copying /home/yunfeibi/Ros_projects/ros2-learning/chapt10/build/learn_qos_py/build/lib/learn_qos_py/__init__.py -> /home/yunfeibi/Ros_projects/ros2-learning/chapt10/install/learn_qos_py/lib/python3.8/site-packages/learn_qos_py
byte-compiling /home/yunfeibi/Ros_projects/ros2-learning/chapt10/install/learn_qos_py/lib/python3.8/site-packages/learn_qos_py/reliability_test.py to reliability_test.cpython-38.pyc
byte-compiling /home/yunfeibi/Ros_projects/ros2-learning/chapt10/install/learn_qos_py/lib/python3.8/site-packages/learn_qos_py/__init__.py to __init__.cpython-38.pyc
running install_data
creating /home/yunfeibi/Ros_projects/ros2-learning/chapt10/install/learn_qos_py/share/ament_index
creating /home/yunfeibi/Ros_projects/ros2-learning/chapt10/install/learn_qos_py/share/ament_index/resource_index
creating /home/yunfeibi/Ros_projects/ros2-learning/chapt10/install/learn_qos_py/share/ament_index/resource_index/packages
copying resource/learn_qos_py -> /home/yunfeibi/Ros_projects/ros2-learning/chapt10/install/learn_qos_py/share/ament_index/resource_index/packages
copying package.xml -> /home/yunfeibi/Ros_projects/ros2-learning/chapt10/install/learn_qos_py/share/learn_qos_py
running install_egg_info
Copying ../../build/learn_qos_py/learn_qos_py.egg-info to /home/yunfeibi/Ros_projects/ros2-learning/chapt10/install/learn_qos_py/lib/python3.8/site-packages/learn_qos_py-0.0.0-py3.8.egg-info
running install_scripts
Installing reliability_test script to /home/yunfeibi/Ros_projects/ros2-learning/chapt10/install/learn_qos_py/lib/learn_qos_py
writing list of installed files to '/home/yunfeibi/Ros_projects/ros2-learning/chapt10/build/learn_qos_py/install.log'
