-- The C compiler identification is GNU 9.4.0
-- The CXX compiler identification is GNU 9.4.0
-- Check for working C compiler: /usr/bin/cc
-- Check for working C compiler: /usr/bin/cc -- works
-- Detecting C compiler ABI info
-- Detecting C compiler ABI info - done
-- Detecting C compile features
-- Detecting C compile features - done
-- Check for working CXX compiler: /usr/bin/c++
-- Check for working CXX compiler: /usr/bin/c++ -- works
-- Detecting CXX compiler ABI info
-- Detecting CXX compiler ABI info - done
-- Detecting CXX compile features
-- Detecting CXX compile features - done
-- Found ament_cmake: 1.2.1 (/opt/ros/rolling/share/ament_cmake/cmake)
-- Found Python3: /usr/bin/python3.8 (found version "3.8.10") found components: Interpreter 
-- Found rclcpp: 15.0.0 (/opt/ros/rolling/share/rclcpp/cmake)
-- Using all available rosidl_typesupport_c: rosidl_typesupport_fastrtps_c;rosidl_typesupport_introspection_c
-- Found rosidl_adapter: 3.0.1 (/opt/ros/rolling/share/rosidl_adapter/cmake)
-- Using all available rosidl_typesupport_cpp: rosidl_typesupport_fastrtps_cpp;rosidl_typesupport_introspection_cpp
-- Found rmw_implementation_cmake: 5.1.0 (/opt/ros/rolling/share/rmw_implementation_cmake/cmake)
-- Found rmw_cyclonedds_cpp: 1.1.2 (/opt/ros/rolling/share/rmw_cyclonedds_cpp/cmake)
-- Using RMW implementation 'rmw_cyclonedds_cpp' as default
-- Found tf2: 0.21.0 (/opt/ros/rolling/share/tf2/cmake)
-- Found tf2_ros: 0.21.0 (/opt/ros/rolling/share/tf2_ros/cmake)
-- Found tf2_geometry_msgs: 0.21.0 (/opt/ros/rolling/share/tf2_geometry_msgs/cmake)
-- Found eigen3_cmake_module: 0.1.1 (/opt/ros/rolling/share/eigen3_cmake_module/cmake)
-- Found Eigen3: TRUE (found version "3.3.7") 
-- Found ament_lint_auto: 0.11.4 (/opt/ros/rolling/share/ament_lint_auto/cmake)
-- Added test 'cppcheck' to perform static code analysis on C / C++ code
-- Configured cppcheck include dirs: 
-- Configured cppcheck exclude dirs and/or files: 
-- Added test 'lint_cmake' to check CMake code style
-- Added test 'uncrustify' to check C / C++ code style
-- Configured uncrustify additional arguments: 
-- Added test 'xmllint' to check XML markup files
-- Configuring done
-- Generating done
-- Build files have been written to: /home/yunfeibi/Ros_projects/ros2-learning/chapt5/build/demo_cpp_tf
[35m[1mScanning dependencies of target dynamic_tf_broadcaster[0m
[35m[1mScanning dependencies of target tf_listener[0m
[35m[1mScanning dependencies of target static_tf_broadcaster[0m
[ 16%] [32mBuilding CXX object CMakeFiles/static_tf_broadcaster.dir/src/static_tf_broadcaster.cpp.o[0m
[ 33%] [32mBuilding CXX object CMakeFiles/dynamic_tf_broadcaster.dir/src/dynamic_tf_broadcaster.cpp.o[0m
[ 50%] [32mBuilding CXX object CMakeFiles/tf_listener.dir/src/tf_listener.cpp.o[0m
[ 66%] [32m[1mLinking CXX executable static_tf_broadcaster[0m
[ 83%] [32m[1mLinking CXX executable dynamic_tf_broadcaster[0m
[ 83%] Built target static_tf_broadcaster
[ 83%] Built target dynamic_tf_broadcaster
[100%] [32m[1mLinking CXX executable tf_listener[0m
[100%] Built target tf_listener
-- Install configuration: ""
-- Installing: /home/yunfeibi/Ros_projects/ros2-learning/chapt5/install/demo_cpp_tf/lib/demo_cpp_tf/tf_listener
-- Set runtime path of "/home/yunfeibi/Ros_projects/ros2-learning/chapt5/install/demo_cpp_tf/lib/demo_cpp_tf/tf_listener" to ""
-- Installing: /home/yunfeibi/Ros_projects/ros2-learning/chapt5/install/demo_cpp_tf/lib/demo_cpp_tf/static_tf_broadcaster
-- Set runtime path of "/home/yunfeibi/Ros_projects/ros2-learning/chapt5/install/demo_cpp_tf/lib/demo_cpp_tf/static_tf_broadcaster" to ""
-- Installing: /home/yunfeibi/Ros_projects/ros2-learning/chapt5/install/demo_cpp_tf/lib/demo_cpp_tf/dynamic_tf_broadcaster
-- Set runtime path of "/home/yunfeibi/Ros_projects/ros2-learning/chapt5/install/demo_cpp_tf/lib/demo_cpp_tf/dynamic_tf_broadcaster" to ""
-- Installing: /home/yunfeibi/Ros_projects/ros2-learning/chapt5/install/demo_cpp_tf/share/ament_index/resource_index/package_run_dependencies/demo_cpp_tf
-- Installing: /home/yunfeibi/Ros_projects/ros2-learning/chapt5/install/demo_cpp_tf/share/ament_index/resource_index/parent_prefix_path/demo_cpp_tf
-- Installing: /home/yunfeibi/Ros_projects/ros2-learning/chapt5/install/demo_cpp_tf/share/demo_cpp_tf/environment/ament_prefix_path.sh
-- Installing: /home/yunfeibi/Ros_projects/ros2-learning/chapt5/install/demo_cpp_tf/share/demo_cpp_tf/environment/ament_prefix_path.dsv
-- Installing: /home/yunfeibi/Ros_projects/ros2-learning/chapt5/install/demo_cpp_tf/share/demo_cpp_tf/environment/path.sh
-- Installing: /home/yunfeibi/Ros_projects/ros2-learning/chapt5/install/demo_cpp_tf/share/demo_cpp_tf/environment/path.dsv
-- Installing: /home/yunfeibi/Ros_projects/ros2-learning/chapt5/install/demo_cpp_tf/share/demo_cpp_tf/local_setup.bash
-- Installing: /home/yunfeibi/Ros_projects/ros2-learning/chapt5/install/demo_cpp_tf/share/demo_cpp_tf/local_setup.sh
-- Installing: /home/yunfeibi/Ros_projects/ros2-learning/chapt5/install/demo_cpp_tf/share/demo_cpp_tf/local_setup.zsh
-- Installing: /home/yunfeibi/Ros_projects/ros2-learning/chapt5/install/demo_cpp_tf/share/demo_cpp_tf/local_setup.dsv
-- Installing: /home/yunfeibi/Ros_projects/ros2-learning/chapt5/install/demo_cpp_tf/share/demo_cpp_tf/package.dsv
-- Installing: /home/yunfeibi/Ros_projects/ros2-learning/chapt5/install/demo_cpp_tf/share/ament_index/resource_index/packages/demo_cpp_tf
-- Installing: /home/yunfeibi/Ros_projects/ros2-learning/chapt5/install/demo_cpp_tf/share/demo_cpp_tf/cmake/demo_cpp_tfConfig.cmake
-- Installing: /home/yunfeibi/Ros_projects/ros2-learning/chapt5/install/demo_cpp_tf/share/demo_cpp_tf/cmake/demo_cpp_tfConfig-version.cmake
-- Installing: /home/yunfeibi/Ros_projects/ros2-learning/chapt5/install/demo_cpp_tf/share/demo_cpp_tf/package.xml
