[0.013s] Invoking command in '/home/yunfeibi/Ros_projects/ros2-learning/chapt5/build/demo_cpp_tf': CMAKE_PREFIX_PATH=/opt/ros/rolling /usr/bin/cmake /home/yunfeibi/Ros_projects/ros2-learning/chapt5/demo_cpp_tf -DCMAKE_INSTALL_PREFIX=/home/yunfeibi/Ros_projects/ros2-learning/chapt5/install/demo_cpp_tf
[0.063s] -- The C compiler identification is GNU 9.4.0
[0.111s] -- The CXX compiler identification is GNU 9.4.0
[0.114s] -- Check for working C compiler: /usr/bin/cc
[0.181s] -- Check for working C compiler: /usr/bin/cc -- works
[0.181s] -- Detecting C compiler ABI info
[0.253s] -- Detecting C compiler ABI info - done
[0.264s] -- Detecting C compile features
[0.265s] -- Detecting C compile features - done
[0.267s] -- Check for working CXX compiler: /usr/bin/c++
[0.335s] -- Check for working CXX compiler: /usr/bin/c++ -- works
[0.336s] -- Detecting CXX compiler ABI info
[0.407s] -- Detecting CXX compiler ABI info - done
[0.415s] -- Detecting CXX compile features
[0.415s] -- Detecting CXX compile features - done
[0.417s] -- Found ament_cmake: 1.2.1 (/opt/ros/rolling/share/ament_cmake/cmake)
[0.526s] -- Found Python3: /usr/bin/python3.8 (found version "3.8.10") found components: Interpreter 
[0.586s] -- Found rclcpp: 15.0.0 (/opt/ros/rolling/share/rclcpp/cmake)
[0.622s] -- Using all available rosidl_typesupport_c: rosidl_typesupport_fastrtps_c;rosidl_typesupport_introspection_c
[0.626s] -- Found rosidl_adapter: 3.0.1 (/opt/ros/rolling/share/rosidl_adapter/cmake)
[0.655s] -- Using all available rosidl_typesupport_cpp: rosidl_typesupport_fastrtps_cpp;rosidl_typesupport_introspection_cpp
[0.700s] -- Found rmw_implementation_cmake: 5.1.0 (/opt/ros/rolling/share/rmw_implementation_cmake/cmake)
[0.702s] -- Found rmw_cyclonedds_cpp: 1.1.2 (/opt/ros/rolling/share/rmw_cyclonedds_cpp/cmake)
[0.716s] -- Using RMW implementation 'rmw_cyclonedds_cpp' as default
[0.828s] -- Found tf2: 0.21.0 (/opt/ros/rolling/share/tf2/cmake)
[0.870s] -- Found tf2_ros: 0.21.0 (/opt/ros/rolling/share/tf2_ros/cmake)
[1.153s] -- Found tf2_geometry_msgs: 0.21.0 (/opt/ros/rolling/share/tf2_geometry_msgs/cmake)
[1.159s] -- Found eigen3_cmake_module: 0.1.1 (/opt/ros/rolling/share/eigen3_cmake_module/cmake)
[1.161s] -- Found Eigen3: TRUE (found version "3.3.7") 
[1.169s] -- Found ament_lint_auto: 0.11.4 (/opt/ros/rolling/share/ament_lint_auto/cmake)
[1.226s] -- Added test 'cppcheck' to perform static code analysis on C / C++ code
[1.226s] -- Configured cppcheck include dirs: 
[1.226s] -- Configured cppcheck exclude dirs and/or files: 
[1.227s] -- Added test 'lint_cmake' to check CMake code style
[1.227s] -- Added test 'uncrustify' to check C / C++ code style
[1.227s] -- Configured uncrustify additional arguments: 
[1.228s] -- Added test 'xmllint' to check XML markup files
[1.231s] -- Configuring done
[1.248s] -- Generating done
[1.255s] -- Build files have been written to: /home/yunfeibi/Ros_projects/ros2-learning/chapt5/build/demo_cpp_tf
[1.261s] Invoked command in '/home/yunfeibi/Ros_projects/ros2-learning/chapt5/build/demo_cpp_tf' returned '0': CMAKE_PREFIX_PATH=/opt/ros/rolling /usr/bin/cmake /home/yunfeibi/Ros_projects/ros2-learning/chapt5/demo_cpp_tf -DCMAKE_INSTALL_PREFIX=/home/yunfeibi/Ros_projects/ros2-learning/chapt5/install/demo_cpp_tf
[1.264s] Invoking command in '/home/yunfeibi/Ros_projects/ros2-learning/chapt5/build/demo_cpp_tf': CMAKE_PREFIX_PATH=/opt/ros/rolling /usr/bin/cmake --build /home/yunfeibi/Ros_projects/ros2-learning/chapt5/build/demo_cpp_tf -- -j12 -l12
[1.308s] [35m[1mScanning dependencies of target dynamic_tf_broadcaster[0m
[1.308s] [35m[1mScanning dependencies of target tf_listener[0m
[1.309s] [35m[1mScanning dependencies of target static_tf_broadcaster[0m
[1.356s] [ 16%] [32mBuilding CXX object CMakeFiles/static_tf_broadcaster.dir/src/static_tf_broadcaster.cpp.o[0m
[1.357s] [ 33%] [32mBuilding CXX object CMakeFiles/dynamic_tf_broadcaster.dir/src/dynamic_tf_broadcaster.cpp.o[0m
[1.358s] [ 50%] [32mBuilding CXX object CMakeFiles/tf_listener.dir/src/tf_listener.cpp.o[0m
[4.297s] [ 66%] [32m[1mLinking CXX executable static_tf_broadcaster[0m
[4.402s] [ 83%] [32m[1mLinking CXX executable dynamic_tf_broadcaster[0m
[4.452s] [ 83%] Built target static_tf_broadcaster
[4.556s] [ 83%] Built target dynamic_tf_broadcaster
[7.483s] [100%] [32m[1mLinking CXX executable tf_listener[0m
[7.760s] [100%] Built target tf_listener
[7.773s] Invoked command in '/home/yunfeibi/Ros_projects/ros2-learning/chapt5/build/demo_cpp_tf' returned '0': CMAKE_PREFIX_PATH=/opt/ros/rolling /usr/bin/cmake --build /home/yunfeibi/Ros_projects/ros2-learning/chapt5/build/demo_cpp_tf -- -j12 -l12
[7.787s] Invoking command in '/home/yunfeibi/Ros_projects/ros2-learning/chapt5/build/demo_cpp_tf': CMAKE_PREFIX_PATH=/opt/ros/rolling /usr/bin/cmake --install /home/yunfeibi/Ros_projects/ros2-learning/chapt5/build/demo_cpp_tf
[7.793s] -- Install configuration: ""
[7.793s] -- Installing: /home/yunfeibi/Ros_projects/ros2-learning/chapt5/install/demo_cpp_tf/lib/demo_cpp_tf/tf_listener
[7.797s] -- Set runtime path of "/home/yunfeibi/Ros_projects/ros2-learning/chapt5/install/demo_cpp_tf/lib/demo_cpp_tf/tf_listener" to ""
[7.797s] -- Installing: /home/yunfeibi/Ros_projects/ros2-learning/chapt5/install/demo_cpp_tf/lib/demo_cpp_tf/static_tf_broadcaster
[7.798s] -- Set runtime path of "/home/yunfeibi/Ros_projects/ros2-learning/chapt5/install/demo_cpp_tf/lib/demo_cpp_tf/static_tf_broadcaster" to ""
[7.798s] -- Installing: /home/yunfeibi/Ros_projects/ros2-learning/chapt5/install/demo_cpp_tf/lib/demo_cpp_tf/dynamic_tf_broadcaster
[7.799s] -- Set runtime path of "/home/yunfeibi/Ros_projects/ros2-learning/chapt5/install/demo_cpp_tf/lib/demo_cpp_tf/dynamic_tf_broadcaster" to ""
[7.800s] -- Installing: /home/yunfeibi/Ros_projects/ros2-learning/chapt5/install/demo_cpp_tf/share/ament_index/resource_index/package_run_dependencies/demo_cpp_tf
[7.800s] -- Installing: /home/yunfeibi/Ros_projects/ros2-learning/chapt5/install/demo_cpp_tf/share/ament_index/resource_index/parent_prefix_path/demo_cpp_tf
[7.800s] -- Installing: /home/yunfeibi/Ros_projects/ros2-learning/chapt5/install/demo_cpp_tf/share/demo_cpp_tf/environment/ament_prefix_path.sh
[7.800s] -- Installing: /home/yunfeibi/Ros_projects/ros2-learning/chapt5/install/demo_cpp_tf/share/demo_cpp_tf/environment/ament_prefix_path.dsv
[7.800s] -- Installing: /home/yunfeibi/Ros_projects/ros2-learning/chapt5/install/demo_cpp_tf/share/demo_cpp_tf/environment/path.sh
[7.800s] -- Installing: /home/yunfeibi/Ros_projects/ros2-learning/chapt5/install/demo_cpp_tf/share/demo_cpp_tf/environment/path.dsv
[7.800s] -- Installing: /home/yunfeibi/Ros_projects/ros2-learning/chapt5/install/demo_cpp_tf/share/demo_cpp_tf/local_setup.bash
[7.801s] -- Installing: /home/yunfeibi/Ros_projects/ros2-learning/chapt5/install/demo_cpp_tf/share/demo_cpp_tf/local_setup.sh
[7.801s] -- Installing: /home/yunfeibi/Ros_projects/ros2-learning/chapt5/install/demo_cpp_tf/share/demo_cpp_tf/local_setup.zsh
[7.801s] -- Installing: /home/yunfeibi/Ros_projects/ros2-learning/chapt5/install/demo_cpp_tf/share/demo_cpp_tf/local_setup.dsv
[7.801s] -- Installing: /home/yunfeibi/Ros_projects/ros2-learning/chapt5/install/demo_cpp_tf/share/demo_cpp_tf/package.dsv
[7.801s] -- Installing: /home/yunfeibi/Ros_projects/ros2-learning/chapt5/install/demo_cpp_tf/share/ament_index/resource_index/packages/demo_cpp_tf
[7.801s] -- Installing: /home/yunfeibi/Ros_projects/ros2-learning/chapt5/install/demo_cpp_tf/share/demo_cpp_tf/cmake/demo_cpp_tfConfig.cmake
[7.801s] -- Installing: /home/yunfeibi/Ros_projects/ros2-learning/chapt5/install/demo_cpp_tf/share/demo_cpp_tf/cmake/demo_cpp_tfConfig-version.cmake
[7.801s] -- Installing: /home/yunfeibi/Ros_projects/ros2-learning/chapt5/install/demo_cpp_tf/share/demo_cpp_tf/package.xml
[7.803s] Invoked command in '/home/yunfeibi/Ros_projects/ros2-learning/chapt5/build/demo_cpp_tf' returned '0': CMAKE_PREFIX_PATH=/opt/ros/rolling /usr/bin/cmake --install /home/yunfeibi/Ros_projects/ros2-learning/chapt5/build/demo_cpp_tf
