[0.452s] Invoking command in '/home/yunfeibi/Ros_projects/ros2-learning/chapt3/topic_practice_ws/src/status_publisher': CMAKE_PREFIX_PATH=/home/yunfeibi/Ros_projects/ros2-learning/chapt3/topic_practice_ws/src/install/status_interfaces:/home/yunfeibi/Ros_projects/ros2-learning/chapt3/topic_practice_ws/src/install/status_display LD_LIBRARY_PATH=/home/yunfeibi/Ros_projects/ros2-learning/chapt3/topic_practice_ws/src/install/status_interfaces/lib:/home/yunfeibi/dev/grpc_install/lib:/opt/ros/foxy/opt/yaml_cpp_vendor/lib:/opt/ros/foxy/opt/rviz_ogre_vendor/lib:/opt/ros/foxy/lib/x86_64-linux-gnu:/opt/ros/foxy/lib:/home/yunfeibi/dev/grpc_install/lib PYTHONPATH=/home/yunfeibi/Ros_projects/ros2-learning/chapt3/topic_practice_ws/src/build/status_publisher/prefix_override:/usr/lib/python3/dist-packages/colcon_core/task/python/colcon_distutils_commands:/home/yunfeibi/Ros_projects/ros2-learning/chapt3/topic_practice_ws/src/install/status_publisher/lib/python3.8/site-packages:/home/yunfeibi/Ros_projects/ros2-learning/chapt3/topic_practice_ws/src/install/status_interfaces/lib/python3.8/site-packages:/home/yunfeibi/Ros_projects/ros2-learning/chapt3/topic_practice_ws/src/install/status_publisher/lib/python3.8/site-packages:/opt/ros/foxy/lib/python3.8/site-packages /usr/bin/python3 -W ignore:setup.py install is deprecated -W ignore:easy_install command is deprecated setup.py egg_info --egg-base ../build/status_publisher build --build-base /home/yunfeibi/Ros_projects/ros2-learning/chapt3/topic_practice_ws/src/build/status_publisher/build install --record /home/yunfeibi/Ros_projects/ros2-learning/chapt3/topic_practice_ws/src/build/status_publisher/install.log --install-scripts $base/lib/status_publisher --single-version-externally-managed install_data
[0.599s] running egg_info
[0.599s] creating ../build/status_publisher/status_publisher.egg-info
[0.599s] writing ../build/status_publisher/status_publisher.egg-info/PKG-INFO
[0.599s] writing dependency_links to ../build/status_publisher/status_publisher.egg-info/dependency_links.txt
[0.600s] writing entry points to ../build/status_publisher/status_publisher.egg-info/entry_points.txt
[0.600s] writing requirements to ../build/status_publisher/status_publisher.egg-info/requires.txt
[0.600s] writing top-level names to ../build/status_publisher/status_publisher.egg-info/top_level.txt
[0.600s] writing manifest file '../build/status_publisher/status_publisher.egg-info/SOURCES.txt'
[0.621s] reading manifest file '../build/status_publisher/status_publisher.egg-info/SOURCES.txt'
[0.622s] writing manifest file '../build/status_publisher/status_publisher.egg-info/SOURCES.txt'
[0.622s] running build
[0.622s] running build_py
[0.622s] creating /home/yunfeibi/Ros_projects/ros2-learning/chapt3/topic_practice_ws/src/build/status_publisher/build
[0.622s] creating /home/yunfeibi/Ros_projects/ros2-learning/chapt3/topic_practice_ws/src/build/status_publisher/build/lib
[0.622s] creating /home/yunfeibi/Ros_projects/ros2-learning/chapt3/topic_practice_ws/src/build/status_publisher/build/lib/status_publisher
[0.622s] copying status_publisher/sys_status_pub.py -> /home/yunfeibi/Ros_projects/ros2-learning/chapt3/topic_practice_ws/src/build/status_publisher/build/lib/status_publisher
[0.622s] copying status_publisher/__init__.py -> /home/yunfeibi/Ros_projects/ros2-learning/chapt3/topic_practice_ws/src/build/status_publisher/build/lib/status_publisher
[0.622s] running install
[0.623s] running install_lib
[0.623s] creating /home/yunfeibi/Ros_projects/ros2-learning/chapt3/topic_practice_ws/src/install/status_publisher/lib/python3.8/site-packages/status_publisher
[0.623s] copying /home/yunfeibi/Ros_projects/ros2-learning/chapt3/topic_practice_ws/src/build/status_publisher/build/lib/status_publisher/sys_status_pub.py -> /home/yunfeibi/Ros_projects/ros2-learning/chapt3/topic_practice_ws/src/install/status_publisher/lib/python3.8/site-packages/status_publisher
[0.624s] copying /home/yunfeibi/Ros_projects/ros2-learning/chapt3/topic_practice_ws/src/build/status_publisher/build/lib/status_publisher/__init__.py -> /home/yunfeibi/Ros_projects/ros2-learning/chapt3/topic_practice_ws/src/install/status_publisher/lib/python3.8/site-packages/status_publisher
[0.624s] byte-compiling /home/yunfeibi/Ros_projects/ros2-learning/chapt3/topic_practice_ws/src/install/status_publisher/lib/python3.8/site-packages/status_publisher/sys_status_pub.py to sys_status_pub.cpython-38.pyc
[0.625s] byte-compiling /home/yunfeibi/Ros_projects/ros2-learning/chapt3/topic_practice_ws/src/install/status_publisher/lib/python3.8/site-packages/status_publisher/__init__.py to __init__.cpython-38.pyc
[0.625s] running install_data
[0.625s] creating /home/yunfeibi/Ros_projects/ros2-learning/chapt3/topic_practice_ws/src/install/status_publisher/share/ament_index
[0.625s] creating /home/yunfeibi/Ros_projects/ros2-learning/chapt3/topic_practice_ws/src/install/status_publisher/share/ament_index/resource_index
[0.625s] creating /home/yunfeibi/Ros_projects/ros2-learning/chapt3/topic_practice_ws/src/install/status_publisher/share/ament_index/resource_index/packages
[0.625s] copying resource/status_publisher -> /home/yunfeibi/Ros_projects/ros2-learning/chapt3/topic_practice_ws/src/install/status_publisher/share/ament_index/resource_index/packages
[0.625s] copying package.xml -> /home/yunfeibi/Ros_projects/ros2-learning/chapt3/topic_practice_ws/src/install/status_publisher/share/status_publisher
[0.625s] running install_egg_info
[0.626s] Copying ../build/status_publisher/status_publisher.egg-info to /home/yunfeibi/Ros_projects/ros2-learning/chapt3/topic_practice_ws/src/install/status_publisher/lib/python3.8/site-packages/status_publisher-0.0.0-py3.8.egg-info
[0.627s] running install_scripts
[0.637s] Installing sys_status_pub script to /home/yunfeibi/Ros_projects/ros2-learning/chapt3/topic_practice_ws/src/install/status_publisher/lib/status_publisher
[0.637s] writing list of installed files to '/home/yunfeibi/Ros_projects/ros2-learning/chapt3/topic_practice_ws/src/build/status_publisher/install.log'
[0.650s] Invoked command in '/home/yunfeibi/Ros_projects/ros2-learning/chapt3/topic_practice_ws/src/status_publisher' returned '0': CMAKE_PREFIX_PATH=/home/yunfeibi/Ros_projects/ros2-learning/chapt3/topic_practice_ws/src/install/status_interfaces:/home/yunfeibi/Ros_projects/ros2-learning/chapt3/topic_practice_ws/src/install/status_display LD_LIBRARY_PATH=/home/yunfeibi/Ros_projects/ros2-learning/chapt3/topic_practice_ws/src/install/status_interfaces/lib:/home/yunfeibi/dev/grpc_install/lib:/opt/ros/foxy/opt/yaml_cpp_vendor/lib:/opt/ros/foxy/opt/rviz_ogre_vendor/lib:/opt/ros/foxy/lib/x86_64-linux-gnu:/opt/ros/foxy/lib:/home/yunfeibi/dev/grpc_install/lib PYTHONPATH=/home/yunfeibi/Ros_projects/ros2-learning/chapt3/topic_practice_ws/src/build/status_publisher/prefix_override:/usr/lib/python3/dist-packages/colcon_core/task/python/colcon_distutils_commands:/home/yunfeibi/Ros_projects/ros2-learning/chapt3/topic_practice_ws/src/install/status_publisher/lib/python3.8/site-packages:/home/yunfeibi/Ros_projects/ros2-learning/chapt3/topic_practice_ws/src/install/status_interfaces/lib/python3.8/site-packages:/home/yunfeibi/Ros_projects/ros2-learning/chapt3/topic_practice_ws/src/install/status_publisher/lib/python3.8/site-packages:/opt/ros/foxy/lib/python3.8/site-packages /usr/bin/python3 -W ignore:setup.py install is deprecated -W ignore:easy_install command is deprecated setup.py egg_info --egg-base ../build/status_publisher build --build-base /home/yunfeibi/Ros_projects/ros2-learning/chapt3/topic_practice_ws/src/build/status_publisher/build install --record /home/yunfeibi/Ros_projects/ros2-learning/chapt3/topic_practice_ws/src/build/status_publisher/install.log --install-scripts $base/lib/status_publisher --single-version-externally-managed install_data
