[0.122s] DEBUG:colcon:Command line arguments: ['/usr/bin/colcon', 'build']
[0.123s] DEBUG:colcon:Parsed command line arguments: Namespace(allow_overriding=[], ament_cmake_args=None, base_paths=['.'], build_base='build', catkin_cmake_args=None, catkin_skip_building_tests=False, cmake_args=None, cmake_clean_cache=False, cmake_clean_first=False, cmake_force_configure=False, cmake_target=None, cmake_target_skip_unavailable=False, continue_on_error=False, event_handlers=None, executor='parallel', ignore_user_meta=False, install_base='install', log_base=None, log_level=None, main=<bound method BuildVerb.main of <colcon_core.verb.build.BuildVerb object at 0x7f85edec62b0>>, merge_install=False, metas=['./colcon.meta'], packages_above=None, packages_above_and_dependencies=None, packages_above_depth=None, packages_end=None, packages_ignore=None, packages_ignore_regex=None, packages_select=None, packages_select_build_failed=False, packages_select_by_dep=None, packages_select_regex=None, packages_select_test_failures=False, packages_skip=None, packages_skip_build_finished=False, packages_skip_by_dep=None, packages_skip_regex=None, packages_skip_test_passed=False, packages_skip_up_to=None, packages_start=None, packages_up_to=None, packages_up_to_regex=None, parallel_workers=12, paths=None, symlink_install=False, test_result_base=None, verb_extension=<colcon_core.verb.build.BuildVerb object at 0x7f85edec62b0>, verb_name='build', verb_parser=<colcon_defaults.argument_parser.defaults.DefaultArgumentsDecorator object at 0x7f85edd96760>)
[0.229s] Level 1:colcon.colcon_core.package_discovery:discover_packages(colcon_meta) check parameters
[0.229s] Level 1:colcon.colcon_core.package_discovery:discover_packages(recursive) check parameters
[0.229s] Level 1:colcon.colcon_core.package_discovery:discover_packages(ignore) check parameters
[0.229s] Level 1:colcon.colcon_core.package_discovery:discover_packages(path) check parameters
[0.229s] Level 1:colcon.colcon_core.package_discovery:discover_packages(colcon_meta) discover
[0.229s] Level 1:colcon.colcon_core.package_discovery:discover_packages(recursive) discover
[0.229s] INFO:colcon.colcon_core.package_discovery:Crawling recursively for packages in '/home/yunfeibi/Ros_projects/ros2-learning/chapt2/chapt2_ws/src_python'
[0.230s] Level 1:colcon.colcon_core.package_identification:_identify(.) by extensions ['ignore', 'ignore_ament_install']
[0.230s] Level 1:colcon.colcon_core.package_identification:_identify(.) by extension 'ignore'
[0.230s] Level 1:colcon.colcon_core.package_identification:_identify(.) by extension 'ignore_ament_install'
[0.230s] Level 1:colcon.colcon_core.package_identification:_identify(.) by extensions ['colcon_pkg']
[0.230s] Level 1:colcon.colcon_core.package_identification:_identify(.) by extension 'colcon_pkg'
[0.230s] Level 1:colcon.colcon_core.package_identification:_identify(.) by extensions ['colcon_meta']
[0.230s] Level 1:colcon.colcon_core.package_identification:_identify(.) by extension 'colcon_meta'
[0.230s] Level 1:colcon.colcon_core.package_identification:_identify(.) by extensions ['ros']
[0.230s] Level 1:colcon.colcon_core.package_identification:_identify(.) by extension 'ros'
[0.237s] Level 1:colcon.colcon_core.package_identification:_identify(.) by extensions ['cmake', 'python']
[0.237s] Level 1:colcon.colcon_core.package_identification:_identify(.) by extension 'cmake'
[0.238s] Level 1:colcon.colcon_core.package_identification:_identify(.) by extension 'python'
[0.238s] Level 1:colcon.colcon_core.package_identification:_identify(.) by extensions ['python_setup_py']
[0.238s] Level 1:colcon.colcon_core.package_identification:_identify(.) by extension 'python_setup_py'
[0.238s] Level 1:colcon.colcon_core.package_identification:_identify(build) by extensions ['ignore', 'ignore_ament_install']
[0.238s] Level 1:colcon.colcon_core.package_identification:_identify(build) by extension 'ignore'
[0.238s] Level 1:colcon.colcon_core.package_identification:_identify(build) ignored
[0.238s] Level 1:colcon.colcon_core.package_identification:_identify(demo_python_pkg) by extensions ['ignore', 'ignore_ament_install']
[0.238s] Level 1:colcon.colcon_core.package_identification:_identify(demo_python_pkg) by extension 'ignore'
[0.238s] Level 1:colcon.colcon_core.package_identification:_identify(demo_python_pkg) by extension 'ignore_ament_install'
[0.238s] Level 1:colcon.colcon_core.package_identification:_identify(demo_python_pkg) by extensions ['colcon_pkg']
[0.238s] Level 1:colcon.colcon_core.package_identification:_identify(demo_python_pkg) by extension 'colcon_pkg'
[0.238s] Level 1:colcon.colcon_core.package_identification:_identify(demo_python_pkg) by extensions ['colcon_meta']
[0.238s] Level 1:colcon.colcon_core.package_identification:_identify(demo_python_pkg) by extension 'colcon_meta'
[0.238s] Level 1:colcon.colcon_core.package_identification:_identify(demo_python_pkg) by extensions ['ros']
[0.238s] Level 1:colcon.colcon_core.package_identification:_identify(demo_python_pkg) by extension 'ros'
[0.240s] DEBUG:colcon.colcon_core.package_identification:Package 'demo_python_pkg' with type 'ros.ament_python' and name 'demo_python_pkg'
[0.240s] Level 1:colcon.colcon_core.package_identification:_identify(install) by extensions ['ignore', 'ignore_ament_install']
[0.240s] Level 1:colcon.colcon_core.package_identification:_identify(install) by extension 'ignore'
[0.240s] Level 1:colcon.colcon_core.package_identification:_identify(install) ignored
[0.240s] Level 1:colcon.colcon_core.package_identification:_identify(log) by extensions ['ignore', 'ignore_ament_install']
[0.240s] Level 1:colcon.colcon_core.package_identification:_identify(log) by extension 'ignore'
[0.240s] Level 1:colcon.colcon_core.package_identification:_identify(log) ignored
[0.240s] Level 1:colcon.colcon_core.package_discovery:discover_packages(recursive) using defaults
[0.240s] Level 1:colcon.colcon_core.package_discovery:discover_packages(ignore) discover
[0.240s] Level 1:colcon.colcon_core.package_discovery:discover_packages(ignore) using defaults
[0.240s] Level 1:colcon.colcon_core.package_discovery:discover_packages(path) discover
[0.240s] Level 1:colcon.colcon_core.package_discovery:discover_packages(path) using defaults
[0.251s] Level 1:colcon.colcon_core.package_discovery:discover_packages(prefix_path) check parameters
[0.251s] Level 1:colcon.colcon_core.package_discovery:discover_packages(prefix_path) discover
[0.251s] WARNING:colcon.colcon_core.prefix_path.colcon:The path '/home/yunfeibi/Ros_projects/ros2-learning/chapt2/chapt2_ws/src/install' in the environment variable COLCON_PREFIX_PATH doesn't exist
[0.251s] WARNING:colcon.colcon_ros.prefix_path.ament:The path '/home/yunfeibi/Ros_projects/ros2-learning/chapt2/chapt2_ws/src/install/demo_python_pkg' in the environment variable AMENT_PREFIX_PATH doesn't exist
[0.251s] WARNING:colcon.colcon_ros.prefix_path.ament:The path '/home/yunfeibi/Ros_projects/ros2-learning/chapt2/chapt2_ws/src/install/demo_cpp_pkg' in the environment variable AMENT_PREFIX_PATH doesn't exist
[0.251s] WARNING:colcon.colcon_ros.prefix_path.catkin:The path '/home/yunfeibi/Ros_projects/ros2-learning/chapt2/chapt2_ws/src/install/demo_cpp_pkg' in the environment variable CMAKE_PREFIX_PATH doesn't exist
[0.252s] DEBUG:colcon.colcon_installed_package_information.package_discovery:Found 1 installed packages in /home/yunfeibi/Ros_projects/ros2-learning/chapt2/chapt2_ws/src_cpp/install
[0.252s] DEBUG:colcon.colcon_installed_package_information.package_discovery:Found 2 installed packages in /home/yunfeibi/Ros_projects/ros2-learning/chapt2/chapt2_ws/src_python/install
[0.253s] DEBUG:colcon.colcon_installed_package_information.package_discovery:Found 263 installed packages in /opt/ros/foxy
[0.254s] Level 1:colcon.colcon_core.package_discovery:discover_packages(prefix_path) using defaults
[0.302s] Level 5:colcon.colcon_core.verb:set package 'demo_python_pkg' build argument 'cmake_args' from command line to 'None'
[0.302s] Level 5:colcon.colcon_core.verb:set package 'demo_python_pkg' build argument 'cmake_target' from command line to 'None'
[0.302s] Level 5:colcon.colcon_core.verb:set package 'demo_python_pkg' build argument 'cmake_target_skip_unavailable' from command line to 'False'
[0.302s] Level 5:colcon.colcon_core.verb:set package 'demo_python_pkg' build argument 'cmake_clean_cache' from command line to 'False'
[0.302s] Level 5:colcon.colcon_core.verb:set package 'demo_python_pkg' build argument 'cmake_clean_first' from command line to 'False'
[0.302s] Level 5:colcon.colcon_core.verb:set package 'demo_python_pkg' build argument 'cmake_force_configure' from command line to 'False'
[0.302s] Level 5:colcon.colcon_core.verb:set package 'demo_python_pkg' build argument 'ament_cmake_args' from command line to 'None'
[0.302s] Level 5:colcon.colcon_core.verb:set package 'demo_python_pkg' build argument 'catkin_cmake_args' from command line to 'None'
[0.302s] Level 5:colcon.colcon_core.verb:set package 'demo_python_pkg' build argument 'catkin_skip_building_tests' from command line to 'False'
[0.302s] DEBUG:colcon.colcon_core.verb:Building package 'demo_python_pkg' with the following arguments: {'ament_cmake_args': None, 'build_base': '/home/yunfeibi/Ros_projects/ros2-learning/chapt2/chapt2_ws/src_python/build/demo_python_pkg', 'catkin_cmake_args': None, 'catkin_skip_building_tests': False, 'cmake_args': None, 'cmake_clean_cache': False, 'cmake_clean_first': False, 'cmake_force_configure': False, 'cmake_target': None, 'cmake_target_skip_unavailable': False, 'install_base': '/home/yunfeibi/Ros_projects/ros2-learning/chapt2/chapt2_ws/src_python/install/demo_python_pkg', 'merge_install': False, 'path': '/home/yunfeibi/Ros_projects/ros2-learning/chapt2/chapt2_ws/src_python/demo_python_pkg', 'symlink_install': False, 'test_result_base': None}
[0.303s] INFO:colcon.colcon_core.executor:Executing jobs using 'parallel' executor
[0.303s] DEBUG:colcon.colcon_parallel_executor.executor.parallel:run_until_complete
[0.303s] INFO:colcon.colcon_ros.task.ament_python.build:Building ROS package in '/home/yunfeibi/Ros_projects/ros2-learning/chapt2/chapt2_ws/src_python/demo_python_pkg' with build type 'ament_python'
[0.303s] Level 1:colcon.colcon_core.shell:create_environment_hook('demo_python_pkg', 'ament_prefix_path')
[0.305s] INFO:colcon.colcon_core.plugin_system:Skipping extension 'colcon_core.shell.bat': Not used on non-Windows systems
[0.305s] INFO:colcon.colcon_core.shell:Creating environment hook '/home/yunfeibi/Ros_projects/ros2-learning/chapt2/chapt2_ws/src_python/install/demo_python_pkg/share/demo_python_pkg/hook/ament_prefix_path.ps1'
[0.305s] INFO:colcon.colcon_core.shell:Creating environment descriptor '/home/yunfeibi/Ros_projects/ros2-learning/chapt2/chapt2_ws/src_python/install/demo_python_pkg/share/demo_python_pkg/hook/ament_prefix_path.dsv'
[0.306s] INFO:colcon.colcon_core.shell:Creating environment hook '/home/yunfeibi/Ros_projects/ros2-learning/chapt2/chapt2_ws/src_python/install/demo_python_pkg/share/demo_python_pkg/hook/ament_prefix_path.sh'
[0.306s] INFO:colcon.colcon_core.shell:Skip shell extension 'powershell' for command environment: Not usable outside of PowerShell
[0.306s] DEBUG:colcon.colcon_core.shell:Skip shell extension 'dsv' for command environment
[0.462s] INFO:colcon.colcon_core.task.python.build:Building Python package in '/home/yunfeibi/Ros_projects/ros2-learning/chapt2/chapt2_ws/src_python/demo_python_pkg'
[0.463s] INFO:colcon.colcon_core.shell:Skip shell extension 'powershell' for command environment: Not usable outside of PowerShell
[0.463s] DEBUG:colcon.colcon_core.shell:Skip shell extension 'dsv' for command environment
[0.758s] DEBUG:colcon.colcon_core.event_handler.log_command:Invoking command in '/home/yunfeibi/Ros_projects/ros2-learning/chapt2/chapt2_ws/src_python/demo_python_pkg': PYTHONPATH=/home/yunfeibi/Ros_projects/ros2-learning/chapt2/chapt2_ws/src_python/build/demo_python_pkg/prefix_override:/usr/lib/python3/dist-packages/colcon_core/task/python/colcon_distutils_commands:/home/yunfeibi/Ros_projects/ros2-learning/chapt2/chapt2_ws/src_python/install/demo_python_pkg/lib/python3.8/site-packages:${PYTHONPATH} /usr/bin/python3 -W ignore:setup.py install is deprecated -W ignore:easy_install command is deprecated setup.py egg_info --egg-base ../build/demo_python_pkg build --build-base /home/yunfeibi/Ros_projects/ros2-learning/chapt2/chapt2_ws/src_python/build/demo_python_pkg/build install --record /home/yunfeibi/Ros_projects/ros2-learning/chapt2/chapt2_ws/src_python/build/demo_python_pkg/install.log --install-scripts $base/lib/demo_python_pkg --single-version-externally-managed install_data
[0.943s] DEBUG:colcon.colcon_core.event_handler.log_command:Invoked command in '/home/yunfeibi/Ros_projects/ros2-learning/chapt2/chapt2_ws/src_python/demo_python_pkg' returned '0': PYTHONPATH=/home/yunfeibi/Ros_projects/ros2-learning/chapt2/chapt2_ws/src_python/build/demo_python_pkg/prefix_override:/usr/lib/python3/dist-packages/colcon_core/task/python/colcon_distutils_commands:/home/yunfeibi/Ros_projects/ros2-learning/chapt2/chapt2_ws/src_python/install/demo_python_pkg/lib/python3.8/site-packages:${PYTHONPATH} /usr/bin/python3 -W ignore:setup.py install is deprecated -W ignore:easy_install command is deprecated setup.py egg_info --egg-base ../build/demo_python_pkg build --build-base /home/yunfeibi/Ros_projects/ros2-learning/chapt2/chapt2_ws/src_python/build/demo_python_pkg/build install --record /home/yunfeibi/Ros_projects/ros2-learning/chapt2/chapt2_ws/src_python/build/demo_python_pkg/install.log --install-scripts $base/lib/demo_python_pkg --single-version-externally-managed install_data
[0.946s] Level 1:colcon.colcon_core.environment:checking '/home/yunfeibi/Ros_projects/ros2-learning/chapt2/chapt2_ws/src_python/install/demo_python_pkg' for CMake module files
[0.946s] Level 1:colcon.colcon_core.environment:checking '/home/yunfeibi/Ros_projects/ros2-learning/chapt2/chapt2_ws/src_python/install/demo_python_pkg' for CMake config files
[0.947s] Level 1:colcon.colcon_core.environment:checking '/home/yunfeibi/Ros_projects/ros2-learning/chapt2/chapt2_ws/src_python/install/demo_python_pkg/lib'
[0.947s] Level 1:colcon.colcon_core.environment:checking '/home/yunfeibi/Ros_projects/ros2-learning/chapt2/chapt2_ws/src_python/install/demo_python_pkg/bin'
[0.947s] Level 1:colcon.colcon_core.environment:checking '/home/yunfeibi/Ros_projects/ros2-learning/chapt2/chapt2_ws/src_python/install/demo_python_pkg/lib/pkgconfig/demo_python_pkg.pc'
[0.948s] Level 1:colcon.colcon_core.environment:checking '/home/yunfeibi/Ros_projects/ros2-learning/chapt2/chapt2_ws/src_python/install/demo_python_pkg/lib/python3.8/site-packages'
[0.948s] Level 1:colcon.colcon_core.shell:create_environment_hook('demo_python_pkg', 'pythonpath')
[0.948s] INFO:colcon.colcon_core.shell:Creating environment hook '/home/yunfeibi/Ros_projects/ros2-learning/chapt2/chapt2_ws/src_python/install/demo_python_pkg/share/demo_python_pkg/hook/pythonpath.ps1'
[0.949s] INFO:colcon.colcon_core.shell:Creating environment descriptor '/home/yunfeibi/Ros_projects/ros2-learning/chapt2/chapt2_ws/src_python/install/demo_python_pkg/share/demo_python_pkg/hook/pythonpath.dsv'
[0.949s] INFO:colcon.colcon_core.shell:Creating environment hook '/home/yunfeibi/Ros_projects/ros2-learning/chapt2/chapt2_ws/src_python/install/demo_python_pkg/share/demo_python_pkg/hook/pythonpath.sh'
[0.950s] Level 1:colcon.colcon_core.environment:checking '/home/yunfeibi/Ros_projects/ros2-learning/chapt2/chapt2_ws/src_python/install/demo_python_pkg/bin'
[0.950s] Level 1:colcon.colcon_core.environment:create_environment_scripts_only(demo_python_pkg)
[0.950s] INFO:colcon.colcon_core.shell:Creating package script '/home/yunfeibi/Ros_projects/ros2-learning/chapt2/chapt2_ws/src_python/install/demo_python_pkg/share/demo_python_pkg/package.ps1'
[0.951s] INFO:colcon.colcon_core.shell:Creating package descriptor '/home/yunfeibi/Ros_projects/ros2-learning/chapt2/chapt2_ws/src_python/install/demo_python_pkg/share/demo_python_pkg/package.dsv'
[0.951s] INFO:colcon.colcon_core.shell:Creating package script '/home/yunfeibi/Ros_projects/ros2-learning/chapt2/chapt2_ws/src_python/install/demo_python_pkg/share/demo_python_pkg/package.sh'
[0.952s] INFO:colcon.colcon_core.shell:Creating package script '/home/yunfeibi/Ros_projects/ros2-learning/chapt2/chapt2_ws/src_python/install/demo_python_pkg/share/demo_python_pkg/package.bash'
[0.952s] INFO:colcon.colcon_core.shell:Creating package script '/home/yunfeibi/Ros_projects/ros2-learning/chapt2/chapt2_ws/src_python/install/demo_python_pkg/share/demo_python_pkg/package.zsh'
[0.953s] Level 1:colcon.colcon_core.environment:create_file_with_runtime_dependencies(/home/yunfeibi/Ros_projects/ros2-learning/chapt2/chapt2_ws/src_python/install/demo_python_pkg/share/colcon-core/packages/demo_python_pkg)
[0.953s] DEBUG:colcon.colcon_parallel_executor.executor.parallel:closing loop
[0.953s] DEBUG:colcon.colcon_parallel_executor.executor.parallel:loop closed
[0.953s] DEBUG:colcon.colcon_parallel_executor.executor.parallel:run_until_complete finished with '0'
[0.953s] DEBUG:colcon.colcon_core.event_reactor:joining thread
[0.958s] INFO:colcon.colcon_core.plugin_system:Skipping extension 'colcon_notification.desktop_notification.terminal_notifier': Not used on non-Darwin systems
[0.958s] INFO:colcon.colcon_core.plugin_system:Skipping extension 'colcon_notification.desktop_notification.win32': Not used on non-Windows systems
[0.958s] INFO:colcon.colcon_notification.desktop_notification:Sending desktop notification using 'notify2'
[0.976s] DEBUG:colcon.colcon_core.event_reactor:joined thread
[0.977s] INFO:colcon.colcon_core.shell:Creating prefix script '/home/yunfeibi/Ros_projects/ros2-learning/chapt2/chapt2_ws/src_python/install/local_setup.ps1'
[0.978s] INFO:colcon.colcon_core.shell:Creating prefix util module '/home/yunfeibi/Ros_projects/ros2-learning/chapt2/chapt2_ws/src_python/install/_local_setup_util_ps1.py'
[0.980s] INFO:colcon.colcon_core.shell:Creating prefix chain script '/home/yunfeibi/Ros_projects/ros2-learning/chapt2/chapt2_ws/src_python/install/setup.ps1'
[0.981s] INFO:colcon.colcon_core.shell:Creating prefix script '/home/yunfeibi/Ros_projects/ros2-learning/chapt2/chapt2_ws/src_python/install/local_setup.sh'
[0.982s] INFO:colcon.colcon_core.shell:Creating prefix util module '/home/yunfeibi/Ros_projects/ros2-learning/chapt2/chapt2_ws/src_python/install/_local_setup_util_sh.py'
[0.982s] INFO:colcon.colcon_core.shell:Creating prefix chain script '/home/yunfeibi/Ros_projects/ros2-learning/chapt2/chapt2_ws/src_python/install/setup.sh'
[0.983s] INFO:colcon.colcon_core.shell:Creating prefix script '/home/yunfeibi/Ros_projects/ros2-learning/chapt2/chapt2_ws/src_python/install/local_setup.bash'
[0.984s] INFO:colcon.colcon_core.shell:Creating prefix chain script '/home/yunfeibi/Ros_projects/ros2-learning/chapt2/chapt2_ws/src_python/install/setup.bash'
[0.985s] INFO:colcon.colcon_core.shell:Creating prefix script '/home/yunfeibi/Ros_projects/ros2-learning/chapt2/chapt2_ws/src_python/install/local_setup.zsh'
[0.985s] INFO:colcon.colcon_core.shell:Creating prefix chain script '/home/yunfeibi/Ros_projects/ros2-learning/chapt2/chapt2_ws/src_python/install/setup.zsh'
