[0.063s] Invoking command in '/home/yunfeibi/Ros_projects/ros2-learning/chapt10/build/learn_dds_cpp': CMAKE_PREFIX_PATH=${CMAKE_PREFIX_PATH}:/home/yunfeibi/Ros_projects/ros2-learning/chapt10/install/learn_qos_py:/home/yunfeibi/Ros_projects/ros2-learning/chapt10/install/learn_message_filter_py:/home/yunfeibi/Ros_projects/ros2-learning/chapt10/install/learn_lifecyclenode_py:/home/yunfeibi/Ros_projects/ros2-learning/chapt10/install/learn_executor_py:/opt/ros/rolling /usr/bin/cmake /home/yunfeibi/Ros_projects/ros2-learning/chapt10/src/learn_dds_cpp -DCMAKE_INSTALL_PREFIX=/home/yunfeibi/Ros_projects/ros2-learning/chapt10/install/learn_dds_cpp
[0.799s] -- The C compiler identification is GNU 9.4.0
[0.799s] -- The CXX compiler identification is GNU 9.4.0
[0.800s] -- Check for working C compiler: /usr/bin/cc
[0.800s] -- Check for working C compiler: /usr/bin/cc -- works
[0.800s] -- Detecting C compiler ABI info
[0.800s] -- Detecting C compiler ABI info - done
[0.800s] -- Detecting C compile features
[0.800s] -- Detecting C compile features - done
[0.800s] -- Check for working CXX compiler: /usr/bin/c++
[0.801s] -- Check for working CXX compiler: /usr/bin/c++ -- works
[0.801s] -- Detecting CXX compiler ABI info
[0.801s] -- Detecting CXX compiler ABI info - done
[0.801s] -- Detecting CXX compile features
[0.801s] -- Detecting CXX compile features - done
[0.801s] -- Found ament_cmake: 1.2.1 (/opt/ros/rolling/share/ament_cmake/cmake)
[0.801s] -- Found Python3: /usr/bin/python3.8 (found version "3.8.10") found components: Interpreter 
[0.801s] -- Found rclcpp: 15.0.0 (/opt/ros/rolling/share/rclcpp/cmake)
[0.801s] -- Using all available rosidl_typesupport_c: rosidl_typesupport_fastrtps_c;rosidl_typesupport_introspection_c
[0.801s] -- Found rosidl_adapter: 3.0.1 (/opt/ros/rolling/share/rosidl_adapter/cmake)
[0.801s] -- Using all available rosidl_typesupport_cpp: rosidl_typesupport_fastrtps_cpp;rosidl_typesupport_introspection_cpp
[0.801s] -- Found rmw_implementation_cmake: 5.1.0 (/opt/ros/rolling/share/rmw_implementation_cmake/cmake)
[0.802s] -- Found rmw_cyclonedds_cpp: 1.1.2 (/opt/ros/rolling/share/rmw_cyclonedds_cpp/cmake)
[0.802s] -- Using RMW implementation 'rmw_cyclonedds_cpp' as default
[0.975s] -- Found ament_lint_auto: 0.11.4 (/opt/ros/rolling/share/ament_lint_auto/cmake)
[1.056s] -- Added test 'cppcheck' to perform static code analysis on C / C++ code
[1.056s] -- Configured cppcheck include dirs: 
[1.056s] -- Configured cppcheck exclude dirs and/or files: 
[1.057s] -- Added test 'lint_cmake' to check CMake code style
[1.058s] -- Added test 'uncrustify' to check C / C++ code style
[1.058s] -- Configured uncrustify additional arguments: 
[1.059s] -- Added test 'xmllint' to check XML markup files
[1.063s] -- Configuring done
[1.072s] -- Generating done
[1.076s] -- Build files have been written to: /home/yunfeibi/Ros_projects/ros2-learning/chapt10/build/learn_dds_cpp
[1.088s] Invoked command in '/home/yunfeibi/Ros_projects/ros2-learning/chapt10/build/learn_dds_cpp' returned '0': CMAKE_PREFIX_PATH=${CMAKE_PREFIX_PATH}:/home/yunfeibi/Ros_projects/ros2-learning/chapt10/install/learn_qos_py:/home/yunfeibi/Ros_projects/ros2-learning/chapt10/install/learn_message_filter_py:/home/yunfeibi/Ros_projects/ros2-learning/chapt10/install/learn_lifecyclenode_py:/home/yunfeibi/Ros_projects/ros2-learning/chapt10/install/learn_executor_py:/opt/ros/rolling /usr/bin/cmake /home/yunfeibi/Ros_projects/ros2-learning/chapt10/src/learn_dds_cpp -DCMAKE_INSTALL_PREFIX=/home/yunfeibi/Ros_projects/ros2-learning/chapt10/install/learn_dds_cpp
[1.089s] Invoking command in '/home/yunfeibi/Ros_projects/ros2-learning/chapt10/build/learn_dds_cpp': CMAKE_PREFIX_PATH=${CMAKE_PREFIX_PATH}:/home/yunfeibi/Ros_projects/ros2-learning/chapt10/install/learn_qos_py:/home/yunfeibi/Ros_projects/ros2-learning/chapt10/install/learn_message_filter_py:/home/yunfeibi/Ros_projects/ros2-learning/chapt10/install/learn_lifecyclenode_py:/home/yunfeibi/Ros_projects/ros2-learning/chapt10/install/learn_executor_py:/opt/ros/rolling /usr/bin/cmake --build /home/yunfeibi/Ros_projects/ros2-learning/chapt10/build/learn_dds_cpp -- -j12 -l12
[1.143s] [35m[1mScanning dependencies of target shm_pub[0m
[1.214s] [ 50%] [32mBuilding CXX object CMakeFiles/shm_pub.dir/src/shm_pub.cpp.o[0m
[4.995s] [100%] [32m[1mLinking CXX executable shm_pub[0m
[5.125s] [100%] Built target shm_pub
[5.135s] Invoked command in '/home/yunfeibi/Ros_projects/ros2-learning/chapt10/build/learn_dds_cpp' returned '0': CMAKE_PREFIX_PATH=${CMAKE_PREFIX_PATH}:/home/yunfeibi/Ros_projects/ros2-learning/chapt10/install/learn_qos_py:/home/yunfeibi/Ros_projects/ros2-learning/chapt10/install/learn_message_filter_py:/home/yunfeibi/Ros_projects/ros2-learning/chapt10/install/learn_lifecyclenode_py:/home/yunfeibi/Ros_projects/ros2-learning/chapt10/install/learn_executor_py:/opt/ros/rolling /usr/bin/cmake --build /home/yunfeibi/Ros_projects/ros2-learning/chapt10/build/learn_dds_cpp -- -j12 -l12
[5.139s] Invoking command in '/home/yunfeibi/Ros_projects/ros2-learning/chapt10/build/learn_dds_cpp': CMAKE_PREFIX_PATH=${CMAKE_PREFIX_PATH}:/home/yunfeibi/Ros_projects/ros2-learning/chapt10/install/learn_qos_py:/home/yunfeibi/Ros_projects/ros2-learning/chapt10/install/learn_message_filter_py:/home/yunfeibi/Ros_projects/ros2-learning/chapt10/install/learn_lifecyclenode_py:/home/yunfeibi/Ros_projects/ros2-learning/chapt10/install/learn_executor_py:/opt/ros/rolling /usr/bin/cmake --install /home/yunfeibi/Ros_projects/ros2-learning/chapt10/build/learn_dds_cpp
[5.149s] -- Install configuration: ""
[5.149s] -- Installing: /home/yunfeibi/Ros_projects/ros2-learning/chapt10/install/learn_dds_cpp/ib/learn_dds_cpp/shm_pub
[5.151s] -- Set runtime path of "/home/yunfeibi/Ros_projects/ros2-learning/chapt10/install/learn_dds_cpp/ib/learn_dds_cpp/shm_pub" to ""
[5.151s] -- Installing: /home/yunfeibi/Ros_projects/ros2-learning/chapt10/install/learn_dds_cpp/share/ament_index/resource_index/package_run_dependencies/learn_dds_cpp
[5.151s] -- Installing: /home/yunfeibi/Ros_projects/ros2-learning/chapt10/install/learn_dds_cpp/share/ament_index/resource_index/parent_prefix_path/learn_dds_cpp
[5.152s] -- Installing: /home/yunfeibi/Ros_projects/ros2-learning/chapt10/install/learn_dds_cpp/share/learn_dds_cpp/environment/ament_prefix_path.sh
[5.152s] -- Installing: /home/yunfeibi/Ros_projects/ros2-learning/chapt10/install/learn_dds_cpp/share/learn_dds_cpp/environment/ament_prefix_path.dsv
[5.152s] -- Installing: /home/yunfeibi/Ros_projects/ros2-learning/chapt10/install/learn_dds_cpp/share/learn_dds_cpp/environment/path.sh
[5.152s] -- Installing: /home/yunfeibi/Ros_projects/ros2-learning/chapt10/install/learn_dds_cpp/share/learn_dds_cpp/environment/path.dsv
[5.153s] -- Installing: /home/yunfeibi/Ros_projects/ros2-learning/chapt10/install/learn_dds_cpp/share/learn_dds_cpp/local_setup.bash
[5.153s] -- Installing: /home/yunfeibi/Ros_projects/ros2-learning/chapt10/install/learn_dds_cpp/share/learn_dds_cpp/local_setup.sh
[5.153s] -- Installing: /home/yunfeibi/Ros_projects/ros2-learning/chapt10/install/learn_dds_cpp/share/learn_dds_cpp/local_setup.zsh
[5.153s] -- Installing: /home/yunfeibi/Ros_projects/ros2-learning/chapt10/install/learn_dds_cpp/share/learn_dds_cpp/local_setup.dsv
[5.153s] -- Installing: /home/yunfeibi/Ros_projects/ros2-learning/chapt10/install/learn_dds_cpp/share/learn_dds_cpp/package.dsv
[5.153s] -- Installing: /home/yunfeibi/Ros_projects/ros2-learning/chapt10/install/learn_dds_cpp/share/ament_index/resource_index/packages/learn_dds_cpp
[5.154s] -- Installing: /home/yunfeibi/Ros_projects/ros2-learning/chapt10/install/learn_dds_cpp/share/learn_dds_cpp/cmake/learn_dds_cppConfig.cmake
[5.154s] -- Installing: /home/yunfeibi/Ros_projects/ros2-learning/chapt10/install/learn_dds_cpp/share/learn_dds_cpp/cmake/learn_dds_cppConfig-version.cmake
[5.154s] -- Installing: /home/yunfeibi/Ros_projects/ros2-learning/chapt10/install/learn_dds_cpp/share/learn_dds_cpp/package.xml
[5.157s] Invoked command in '/home/yunfeibi/Ros_projects/ros2-learning/chapt10/build/learn_dds_cpp' returned '0': CMAKE_PREFIX_PATH=${CMAKE_PREFIX_PATH}:/home/yunfeibi/Ros_projects/ros2-learning/chapt10/install/learn_qos_py:/home/yunfeibi/Ros_projects/ros2-learning/chapt10/install/learn_message_filter_py:/home/yunfeibi/Ros_projects/ros2-learning/chapt10/install/learn_lifecyclenode_py:/home/yunfeibi/Ros_projects/ros2-learning/chapt10/install/learn_executor_py:/opt/ros/rolling /usr/bin/cmake --install /home/yunfeibi/Ros_projects/ros2-learning/chapt10/build/learn_dds_cpp
