[1.167s] Invoking command in '/home/yunfeibi/Ros_projects/ros2-learning/chapt10/src/learn_message_filter_py': PYTHONPATH=/home/yunfeibi/Ros_projects/ros2-learning/chapt10/build/learn_message_filter_py/prefix_override:/usr/lib/python3/dist-packages/colcon_core/task/python/colcon_distutils_commands:/home/yunfeibi/Ros_projects/ros2-learning/chapt10/install/learn_message_filter_py/lib/python3.8/site-packages:${PYTHONPATH} /usr/bin/python3 -W ignore:setup.py install is deprecated -W ignore:easy_install command is deprecated setup.py egg_info --egg-base ../../build/learn_message_filter_py build --build-base /home/yunfeibi/Ros_projects/ros2-learning/chapt10/build/learn_message_filter_py/build install --record /home/yunfeibi/Ros_projects/ros2-learning/chapt10/build/learn_message_filter_py/install.log --single-version-externally-managed install_data
[1.425s] running egg_info
[1.426s] creating ../../build/learn_message_filter_py/learn_message_filter_py.egg-info
[1.426s] writing ../../build/learn_message_filter_py/learn_message_filter_py.egg-info/PKG-INFO
[1.426s] writing dependency_links to ../../build/learn_message_filter_py/learn_message_filter_py.egg-info/dependency_links.txt
[1.426s] writing entry points to ../../build/learn_message_filter_py/learn_message_filter_py.egg-info/entry_points.txt
[1.427s] writing requirements to ../../build/learn_message_filter_py/learn_message_filter_py.egg-info/requires.txt
[1.427s] writing top-level names to ../../build/learn_message_filter_py/learn_message_filter_py.egg-info/top_level.txt
[1.428s] writing manifest file '../../build/learn_message_filter_py/learn_message_filter_py.egg-info/SOURCES.txt'
[1.467s] reading manifest file '../../build/learn_message_filter_py/learn_message_filter_py.egg-info/SOURCES.txt'
[1.468s] writing manifest file '../../build/learn_message_filter_py/learn_message_filter_py.egg-info/SOURCES.txt'
[1.469s] running build
[1.469s] running build_py
[1.469s] creating /home/yunfeibi/Ros_projects/ros2-learning/chapt10/build/learn_message_filter_py/build
[1.469s] creating /home/yunfeibi/Ros_projects/ros2-learning/chapt10/build/learn_message_filter_py/build/lib
[1.469s] creating /home/yunfeibi/Ros_projects/ros2-learning/chapt10/build/learn_message_filter_py/build/lib/learn_message_filter_py
[1.469s] copying learn_message_filter_py/timesync_test.py -> /home/yunfeibi/Ros_projects/ros2-learning/chapt10/build/learn_message_filter_py/build/lib/learn_message_filter_py
[1.469s] copying learn_message_filter_py/__init__.py -> /home/yunfeibi/Ros_projects/ros2-learning/chapt10/build/learn_message_filter_py/build/lib/learn_message_filter_py
[1.469s] running install
[1.470s] running install_lib
[1.471s] creating /home/yunfeibi/Ros_projects/ros2-learning/chapt10/install/learn_message_filter_py/lib/python3.8/site-packages/learn_message_filter_py
[1.471s] copying /home/yunfeibi/Ros_projects/ros2-learning/chapt10/build/learn_message_filter_py/build/lib/learn_message_filter_py/timesync_test.py -> /home/yunfeibi/Ros_projects/ros2-learning/chapt10/install/learn_message_filter_py/lib/python3.8/site-packages/learn_message_filter_py
[1.472s] copying /home/yunfeibi/Ros_projects/ros2-learning/chapt10/build/learn_message_filter_py/build/lib/learn_message_filter_py/__init__.py -> /home/yunfeibi/Ros_projects/ros2-learning/chapt10/install/learn_message_filter_py/lib/python3.8/site-packages/learn_message_filter_py
[1.472s] byte-compiling /home/yunfeibi/Ros_projects/ros2-learning/chapt10/install/learn_message_filter_py/lib/python3.8/site-packages/learn_message_filter_py/timesync_test.py to timesync_test.cpython-38.pyc
[1.474s] byte-compiling /home/yunfeibi/Ros_projects/ros2-learning/chapt10/install/learn_message_filter_py/lib/python3.8/site-packages/learn_message_filter_py/__init__.py to __init__.cpython-38.pyc
[1.474s] running install_data
[1.474s] creating /home/yunfeibi/Ros_projects/ros2-learning/chapt10/install/learn_message_filter_py/share/ament_index
[1.474s] creating /home/yunfeibi/Ros_projects/ros2-learning/chapt10/install/learn_message_filter_py/share/ament_index/resource_index
[1.474s] creating /home/yunfeibi/Ros_projects/ros2-learning/chapt10/install/learn_message_filter_py/share/ament_index/resource_index/packages
[1.474s] copying resource/learn_message_filter_py -> /home/yunfeibi/Ros_projects/ros2-learning/chapt10/install/learn_message_filter_py/share/ament_index/resource_index/packages
[1.475s] copying package.xml -> /home/yunfeibi/Ros_projects/ros2-learning/chapt10/install/learn_message_filter_py/share/learn_message_filter_py
[1.475s] running install_egg_info
[1.477s] Copying ../../build/learn_message_filter_py/learn_message_filter_py.egg-info to /home/yunfeibi/Ros_projects/ros2-learning/chapt10/install/learn_message_filter_py/lib/python3.8/site-packages/learn_message_filter_py-0.0.0-py3.8.egg-info
[1.479s] running install_scripts
[1.498s] Installing timesync_test script to /home/yunfeibi/Ros_projects/ros2-learning/chapt10/install/learn_message_filter_py/lib/learn_message_filter_py
[1.499s] writing list of installed files to '/home/yunfeibi/Ros_projects/ros2-learning/chapt10/build/learn_message_filter_py/install.log'
[1.530s] Invoked command in '/home/yunfeibi/Ros_projects/ros2-learning/chapt10/src/learn_message_filter_py' returned '0': PYTHONPATH=/home/yunfeibi/Ros_projects/ros2-learning/chapt10/build/learn_message_filter_py/prefix_override:/usr/lib/python3/dist-packages/colcon_core/task/python/colcon_distutils_commands:/home/yunfeibi/Ros_projects/ros2-learning/chapt10/install/learn_message_filter_py/lib/python3.8/site-packages:${PYTHONPATH} /usr/bin/python3 -W ignore:setup.py install is deprecated -W ignore:easy_install command is deprecated setup.py egg_info --egg-base ../../build/learn_message_filter_py build --build-base /home/yunfeibi/Ros_projects/ros2-learning/chapt10/build/learn_message_filter_py/build install --record /home/yunfeibi/Ros_projects/ros2-learning/chapt10/build/learn_message_filter_py/install.log --single-version-externally-managed install_data
