/home/yunfeibi/Ros_projects/ros2-learning/chapt5/install/demo_python_tf/lib/python3.8/site-packages/demo_python_tf/tf_listener.py
/home/yunfeibi/Ros_projects/ros2-learning/chapt5/install/demo_python_tf/lib/python3.8/site-packages/demo_python_tf/static_tf_broadcaster.py
/home/yunfeibi/Ros_projects/ros2-learning/chapt5/install/demo_python_tf/lib/python3.8/site-packages/demo_python_tf/__init__.py
/home/yunfeibi/Ros_projects/ros2-learning/chapt5/install/demo_python_tf/lib/python3.8/site-packages/demo_python_tf/dynamic_tf_broadcaster.py
/home/yunfeibi/Ros_projects/ros2-learning/chapt5/install/demo_python_tf/lib/python3.8/site-packages/demo_python_tf/__pycache__/tf_listener.cpython-38.pyc
/home/yunfeibi/Ros_projects/ros2-learning/chapt5/install/demo_python_tf/lib/python3.8/site-packages/demo_python_tf/__pycache__/static_tf_broadcaster.cpython-38.pyc
/home/yunfeibi/Ros_projects/ros2-learning/chapt5/install/demo_python_tf/lib/python3.8/site-packages/demo_python_tf/__pycache__/__init__.cpython-38.pyc
/home/yunfeibi/Ros_projects/ros2-learning/chapt5/install/demo_python_tf/lib/python3.8/site-packages/demo_python_tf/__pycache__/dynamic_tf_broadcaster.cpython-38.pyc
/home/yunfeibi/Ros_projects/ros2-learning/chapt5/install/demo_python_tf/share/ament_index/resource_index/packages/demo_python_tf
/home/yunfeibi/Ros_projects/ros2-learning/chapt5/install/demo_python_tf/share/demo_python_tf/package.xml
/home/yunfeibi/Ros_projects/ros2-learning/chapt5/install/demo_python_tf/lib/python3.8/site-packages/demo_python_tf-0.0.0-py3.8.egg-info/dependency_links.txt
/home/yunfeibi/Ros_projects/ros2-learning/chapt5/install/demo_python_tf/lib/python3.8/site-packages/demo_python_tf-0.0.0-py3.8.egg-info/zip-safe
/home/yunfeibi/Ros_projects/ros2-learning/chapt5/install/demo_python_tf/lib/python3.8/site-packages/demo_python_tf-0.0.0-py3.8.egg-info/entry_points.txt
/home/yunfeibi/Ros_projects/ros2-learning/chapt5/install/demo_python_tf/lib/python3.8/site-packages/demo_python_tf-0.0.0-py3.8.egg-info/requires.txt
/home/yunfeibi/Ros_projects/ros2-learning/chapt5/install/demo_python_tf/lib/python3.8/site-packages/demo_python_tf-0.0.0-py3.8.egg-info/PKG-INFO
/home/yunfeibi/Ros_projects/ros2-learning/chapt5/install/demo_python_tf/lib/python3.8/site-packages/demo_python_tf-0.0.0-py3.8.egg-info/top_level.txt
/home/yunfeibi/Ros_projects/ros2-learning/chapt5/install/demo_python_tf/lib/python3.8/site-packages/demo_python_tf-0.0.0-py3.8.egg-info/SOURCES.txt
/home/yunfeibi/Ros_projects/ros2-learning/chapt5/install/demo_python_tf/lib/demo_python_tf/dynamic_tf_broadcaster
/home/yunfeibi/Ros_projects/ros2-learning/chapt5/install/demo_python_tf/lib/demo_python_tf/static_tf_broadcaster
/home/yunfeibi/Ros_projects/ros2-learning/chapt5/install/demo_python_tf/lib/demo_python_tf/tf_listener
