/home/yunfeibi/Ros_projects/ros2-learning/chapt4/install/demo_python_service/lib/python3.8/site-packages/demo_python_service/learn_face_detect.py
/home/yunfeibi/Ros_projects/ros2-learning/chapt4/install/demo_python_service/lib/python3.8/site-packages/demo_python_service/face_detect_node.py
/home/yunfeibi/Ros_projects/ros2-learning/chapt4/install/demo_python_service/lib/python3.8/site-packages/demo_python_service/__init__.py
/home/yunfeibi/Ros_projects/ros2-learning/chapt4/install/demo_python_service/lib/python3.8/site-packages/demo_python_service/face_detect_client_node.py
/home/yunfeibi/Ros_projects/ros2-learning/chapt4/install/demo_python_service/lib/python3.8/site-packages/demo_python_service/__pycache__/learn_face_detect.cpython-38.pyc
/home/yunfeibi/Ros_projects/ros2-learning/chapt4/install/demo_python_service/lib/python3.8/site-packages/demo_python_service/__pycache__/face_detect_node.cpython-38.pyc
/home/yunfeibi/Ros_projects/ros2-learning/chapt4/install/demo_python_service/lib/python3.8/site-packages/demo_python_service/__pycache__/__init__.cpython-38.pyc
/home/yunfeibi/Ros_projects/ros2-learning/chapt4/install/demo_python_service/lib/python3.8/site-packages/demo_python_service/__pycache__/face_detect_client_node.cpython-38.pyc
/home/yunfeibi/Ros_projects/ros2-learning/chapt4/install/demo_python_service/share/ament_index/resource_index/packages/demo_python_service
/home/yunfeibi/Ros_projects/ros2-learning/chapt4/install/demo_python_service/share/demo_python_service/package.xml
/home/yunfeibi/Ros_projects/ros2-learning/chapt4/install/demo_python_service/lib/python3.8/site-packages/demo_python_service-0.0.0-py3.8.egg-info/dependency_links.txt
/home/yunfeibi/Ros_projects/ros2-learning/chapt4/install/demo_python_service/lib/python3.8/site-packages/demo_python_service-0.0.0-py3.8.egg-info/zip-safe
/home/yunfeibi/Ros_projects/ros2-learning/chapt4/install/demo_python_service/lib/python3.8/site-packages/demo_python_service-0.0.0-py3.8.egg-info/entry_points.txt
/home/yunfeibi/Ros_projects/ros2-learning/chapt4/install/demo_python_service/lib/python3.8/site-packages/demo_python_service-0.0.0-py3.8.egg-info/requires.txt
/home/yunfeibi/Ros_projects/ros2-learning/chapt4/install/demo_python_service/lib/python3.8/site-packages/demo_python_service-0.0.0-py3.8.egg-info/PKG-INFO
/home/yunfeibi/Ros_projects/ros2-learning/chapt4/install/demo_python_service/lib/python3.8/site-packages/demo_python_service-0.0.0-py3.8.egg-info/top_level.txt
/home/yunfeibi/Ros_projects/ros2-learning/chapt4/install/demo_python_service/lib/python3.8/site-packages/demo_python_service-0.0.0-py3.8.egg-info/SOURCES.txt
/home/yunfeibi/Ros_projects/ros2-learning/chapt4/install/demo_python_service/lib/demo_python_service/face_detect_client_node
/home/yunfeibi/Ros_projects/ros2-learning/chapt4/install/demo_python_service/lib/demo_python_service/face_detect_node
/home/yunfeibi/Ros_projects/ros2-learning/chapt4/install/demo_python_service/lib/demo_python_service/learn_face_detect
