[0.012s] Invoking command in '/home/yunfeibi/Ros_projects/ros2-learning/chapt4/build/chapt4_interfaces': CMAKE_PREFIX_PATH=${CMAKE_PREFIX_PATH}:/opt/ros/foxy CONDA_PROMPT_MODIFIER=(yxros) /usr/bin/cmake /home/yunfeibi/Ros_projects/ros2-learning/chapt4/chapt4_interfaces -DCMAKE_INSTALL_PREFIX=/home/yunfeibi/Ros_projects/ros2-learning/chapt4/install/chapt4_interfaces
[0.063s] -- The C compiler identification is GNU 9.4.0
[0.109s] -- The CXX compiler identification is GNU 9.4.0
[0.113s] -- Check for working C compiler: /usr/bin/cc
[0.179s] -- Check for working C compiler: /usr/bin/cc -- works
[0.180s] -- Detecting C compiler ABI info
[0.246s] -- Detecting C compiler ABI info - done
[0.260s] -- Detecting C compile features
[0.260s] -- Detecting C compile features - done
[0.263s] -- Check for working CXX compiler: /usr/bin/c++
[0.340s] -- Check for working CXX compiler: /usr/bin/c++ -- works
[0.341s] -- Detecting CXX compiler ABI info
[0.417s] -- Detecting CXX compiler ABI info - done
[0.425s] -- Detecting CXX compile features
[0.425s] -- Detecting CXX compile features - done
[0.427s] -- Found ament_cmake: 0.9.12 (/opt/ros/foxy/share/ament_cmake/cmake)
[0.445s] -- Found PythonInterp: /home/yunfeibi/miniconda3/envs/yxros/bin/python3 (found suitable version "3.8.20", minimum required is "3") 
[0.445s] -- Using PYTHON_EXECUTABLE: /home/yunfeibi/miniconda3/envs/yxros/bin/python3
[0.544s] -- Found rosidl_default_generators: 1.0.1 (/opt/ros/foxy/share/rosidl_default_generators/cmake)
[0.547s] -- Using all available rosidl_typesupport_c: rosidl_typesupport_fastrtps_c;rosidl_typesupport_introspection_c
[0.554s] -- Found rosidl_adapter: 1.3.1 (/opt/ros/foxy/share/rosidl_adapter/cmake)
[0.663s] -- Found OpenSSL: /usr/lib/x86_64-linux-gnu/libcrypto.so (found version "1.1.1f")  
[0.696s] -- Found FastRTPS: /opt/ros/foxy/include  
[0.759s] -- Using all available rosidl_typesupport_cpp: rosidl_typesupport_fastrtps_cpp;rosidl_typesupport_introspection_cpp
[0.777s] -- Found sensor_msgs: 2.0.5 (/opt/ros/foxy/share/sensor_msgs/cmake)
[0.904s] -- Found PythonInterp: /home/yunfeibi/miniconda3/envs/yxros/bin/python3 (found version "3.8.20") 
[1.067s] -- Found ament_cmake_ros: 0.9.2 (/opt/ros/foxy/share/ament_cmake_ros/cmake)
[1.304s] -- Using all available rosidl_typesupport_c: rosidl_typesupport_fastrtps_c;rosidl_typesupport_introspection_c
[1.408s] -- Using all available rosidl_typesupport_cpp: rosidl_typesupport_fastrtps_cpp;rosidl_typesupport_introspection_cpp
[1.425s] -- Found PythonInterp: /home/yunfeibi/miniconda3/envs/yxros/bin/python3 (found suitable version "3.8.20", minimum required is "3.5") 
[1.427s] -- Found python_cmake_module: 0.8.1 (/opt/ros/foxy/share/python_cmake_module/cmake)
[1.445s] -- Found PythonLibs: /home/yunfeibi/miniconda3/envs/yxros/lib/libpython3.8.so (found suitable version "3.8.20", minimum required is "3.5") 
[1.445s] -- Using PYTHON_EXECUTABLE: /home/yunfeibi/miniconda3/envs/yxros/bin/python3
[1.445s] -- Using PYTHON_INCLUDE_DIRS: /home/yunfeibi/miniconda3/envs/yxros/include/python3.8
[1.445s] -- Using PYTHON_LIBRARIES: /home/yunfeibi/miniconda3/envs/yxros/lib/libpython3.8.so
[1.458s] -- Found PythonExtra: .so  
[1.621s] -- Using numpy include directory: /home/yunfeibi/miniconda3/envs/yxros/lib/python3.8/site-packages/numpy/core/include
[1.637s] -- Found ament_lint_auto: 0.9.8 (/opt/ros/foxy/share/ament_lint_auto/cmake)
[1.650s] -- Added test 'lint_cmake' to check CMake code style
[1.651s] -- Added test 'xmllint' to check XML markup files
[1.656s] -- Configuring done
[1.704s] -- Generating done
[1.720s] -- Build files have been written to: /home/yunfeibi/Ros_projects/ros2-learning/chapt4/build/chapt4_interfaces
[1.727s] Invoked command in '/home/yunfeibi/Ros_projects/ros2-learning/chapt4/build/chapt4_interfaces' returned '0': CMAKE_PREFIX_PATH=${CMAKE_PREFIX_PATH}:/opt/ros/foxy CONDA_PROMPT_MODIFIER=(yxros) /usr/bin/cmake /home/yunfeibi/Ros_projects/ros2-learning/chapt4/chapt4_interfaces -DCMAKE_INSTALL_PREFIX=/home/yunfeibi/Ros_projects/ros2-learning/chapt4/install/chapt4_interfaces
[1.730s] Invoking command in '/home/yunfeibi/Ros_projects/ros2-learning/chapt4/build/chapt4_interfaces': CMAKE_PREFIX_PATH=${CMAKE_PREFIX_PATH}:/opt/ros/foxy CONDA_PROMPT_MODIFIER=(yxros) /usr/bin/cmake --build /home/yunfeibi/Ros_projects/ros2-learning/chapt4/build/chapt4_interfaces -- -j12 -l12
[1.773s] [35m[1mScanning dependencies of target chapt4_interfaces__cpp[0m
[1.774s] [  2%] [34m[1mGenerating C code for ROS interfaces[0m
[1.788s] [  5%] [34m[1mGenerating C++ code for ROS interfaces[0m
[2.062s] [35m[1mScanning dependencies of target chapt4_interfaces__rosidl_generator_c[0m
[2.068s] [  5%] Built target chapt4_interfaces__cpp
[2.074s] [  7%] [32mBuilding C object CMakeFiles/chapt4_interfaces__rosidl_generator_c.dir/rosidl_generator_c/chapt4_interfaces/srv/detail/patrol__functions.c.o[0m
[2.075s] [ 10%] [32mBuilding C object CMakeFiles/chapt4_interfaces__rosidl_generator_c.dir/rosidl_generator_c/chapt4_interfaces/srv/detail/face_detector__functions.c.o[0m
[2.077s] [ 12%] [34m[1mGenerating C++ type support for eProsima Fast-RTPS[0m
[2.078s] [ 15%] [34m[1mGenerating C++ introspection for ROS interfaces[0m
[2.078s] [ 17%] [34m[1mGenerating C++ type support dispatch for ROS interfaces[0m
[2.124s] [ 20%] [32m[1mLinking C shared library libchapt4_interfaces__rosidl_generator_c.so[0m
[2.159s] [ 20%] Built target chapt4_interfaces__rosidl_generator_c
[2.169s] [ 23%] [34m[1mGenerating C introspection for ROS interfaces[0m
[2.170s] [ 25%] [34m[1mGenerating C type support dispatch for ROS interfaces[0m
[2.319s] [35m[1mScanning dependencies of target chapt4_interfaces__rosidl_typesupport_cpp[0m
[2.329s] [35m[1mScanning dependencies of target chapt4_interfaces__rosidl_typesupport_introspection_cpp[0m
[2.332s] [ 28%] [32mBuilding CXX object CMakeFiles/chapt4_interfaces__rosidl_typesupport_cpp.dir/rosidl_typesupport_cpp/chapt4_interfaces/srv/patrol__type_support.cpp.o[0m
[2.332s] [ 30%] [32mBuilding CXX object CMakeFiles/chapt4_interfaces__rosidl_typesupport_cpp.dir/rosidl_typesupport_cpp/chapt4_interfaces/srv/face_detector__type_support.cpp.o[0m
[2.344s] [ 33%] [32mBuilding CXX object CMakeFiles/chapt4_interfaces__rosidl_typesupport_introspection_cpp.dir/rosidl_typesupport_introspection_cpp/chapt4_interfaces/srv/detail/patrol__type_support.cpp.o[0m
[2.346s] [ 35%] [32mBuilding CXX object CMakeFiles/chapt4_interfaces__rosidl_typesupport_introspection_cpp.dir/rosidl_typesupport_introspection_cpp/chapt4_interfaces/srv/detail/face_detector__type_support.cpp.o[0m
[2.355s] [35m[1mScanning dependencies of target chapt4_interfaces__rosidl_typesupport_fastrtps_cpp[0m
[2.375s] [ 41%] [32mBuilding CXX object CMakeFiles/chapt4_interfaces__rosidl_typesupport_fastrtps_cpp.dir/rosidl_typesupport_fastrtps_cpp/chapt4_interfaces/srv/detail/dds_fastrtps/face_detector__type_support.cpp.o[0m
[2.376s] [ 41%] [32mBuilding CXX object CMakeFiles/chapt4_interfaces__rosidl_typesupport_fastrtps_cpp.dir/rosidl_typesupport_fastrtps_cpp/chapt4_interfaces/srv/detail/dds_fastrtps/patrol__type_support.cpp.o[0m
[2.439s] [35m[1mScanning dependencies of target chapt4_interfaces__rosidl_typesupport_c[0m
[2.439s] [35m[1mScanning dependencies of target chapt4_interfaces__rosidl_typesupport_introspection_c[0m
[2.453s] [ 43%] [32mBuilding CXX object CMakeFiles/chapt4_interfaces__rosidl_typesupport_c.dir/rosidl_typesupport_c/chapt4_interfaces/srv/face_detector__type_support.cpp.o[0m
[2.454s] [ 46%] [32mBuilding CXX object CMakeFiles/chapt4_interfaces__rosidl_typesupport_c.dir/rosidl_typesupport_c/chapt4_interfaces/srv/patrol__type_support.cpp.o[0m
[2.455s] [ 48%] [32mBuilding C object CMakeFiles/chapt4_interfaces__rosidl_typesupport_introspection_c.dir/rosidl_typesupport_introspection_c/chapt4_interfaces/srv/detail/patrol__type_support.c.o[0m
[2.457s] [ 51%] [32mBuilding C object CMakeFiles/chapt4_interfaces__rosidl_typesupport_introspection_c.dir/rosidl_typesupport_introspection_c/chapt4_interfaces/srv/detail/face_detector__type_support.c.o[0m
[2.490s] [ 53%] [32m[1mLinking CXX shared library libchapt4_interfaces__rosidl_typesupport_c.so[0m
[2.501s] [ 56%] [32m[1mLinking C shared library libchapt4_interfaces__rosidl_typesupport_introspection_c.so[0m
[2.531s] [ 56%] Built target chapt4_interfaces__rosidl_typesupport_c
[2.532s] [ 56%] Built target chapt4_interfaces__rosidl_typesupport_introspection_c
[2.564s] [ 58%] [32m[1mLinking CXX shared library libchapt4_interfaces__rosidl_typesupport_cpp.so[0m
[2.604s] [ 58%] Built target chapt4_interfaces__rosidl_typesupport_cpp
[2.692s] [ 61%] [32m[1mLinking CXX shared library libchapt4_interfaces__rosidl_typesupport_introspection_cpp.so[0m
[2.762s] [ 61%] Built target chapt4_interfaces__rosidl_typesupport_introspection_cpp
[2.805s] [ 64%] [32m[1mLinking CXX shared library libchapt4_interfaces__rosidl_typesupport_fastrtps_cpp.so[0m
[2.877s] [ 64%] Built target chapt4_interfaces__rosidl_typesupport_fastrtps_cpp
[2.889s] [ 66%] [34m[1mGenerating C type support for eProsima Fast-RTPS[0m
[3.152s] [35m[1mScanning dependencies of target chapt4_interfaces__rosidl_typesupport_fastrtps_c[0m
[3.175s] [ 69%] [32mBuilding CXX object CMakeFiles/chapt4_interfaces__rosidl_typesupport_fastrtps_c.dir/rosidl_typesupport_fastrtps_c/chapt4_interfaces/srv/detail/patrol__type_support_c.cpp.o[0m
[3.175s] [ 71%] [32mBuilding CXX object CMakeFiles/chapt4_interfaces__rosidl_typesupport_fastrtps_c.dir/rosidl_typesupport_fastrtps_c/chapt4_interfaces/srv/detail/face_detector__type_support_c.cpp.o[0m
[3.428s] [ 74%] [32m[1mLinking CXX shared library libchapt4_interfaces__rosidl_typesupport_fastrtps_c.so[0m
[3.504s] [ 74%] Built target chapt4_interfaces__rosidl_typesupport_fastrtps_c
[3.517s] [35m[1mScanning dependencies of target chapt4_interfaces[0m
[3.528s] [ 74%] Built target chapt4_interfaces
[3.542s] [35m[1mScanning dependencies of target chapt4_interfaces__py[0m
[3.556s] [ 76%] [34m[1mGenerating Python code for ROS interfaces[0m
[4.058s] [ 76%] Built target chapt4_interfaces__py
[4.069s] [35m[1mScanning dependencies of target chapt4_interfaces__python[0m
[4.093s] [ 79%] [32mBuilding C object CMakeFiles/chapt4_interfaces__python.dir/rosidl_generator_py/chapt4_interfaces/srv/_face_detector_s.c.o[0m
[4.093s] [ 82%] [32mBuilding C object CMakeFiles/chapt4_interfaces__python.dir/rosidl_generator_py/chapt4_interfaces/srv/_patrol_s.c.o[0m
[4.184s] [ 84%] [32m[1mLinking C shared library rosidl_generator_py/chapt4_interfaces/libchapt4_interfaces__python.so[0m
[4.234s] [ 84%] Built target chapt4_interfaces__python
[4.245s] [35m[1mScanning dependencies of target chapt4_interfaces__rosidl_typesupport_c__pyext[0m
[4.245s] [35m[1mScanning dependencies of target chapt4_interfaces__rosidl_typesupport_fastrtps_c__pyext[0m
[4.245s] [35m[1mScanning dependencies of target chapt4_interfaces__rosidl_typesupport_introspection_c__pyext[0m
[4.261s] [ 87%] [32mBuilding C object CMakeFiles/chapt4_interfaces__rosidl_typesupport_c__pyext.dir/rosidl_generator_py/chapt4_interfaces/_chapt4_interfaces_s.ep.rosidl_typesupport_c.c.o[0m
[4.261s] [ 89%] [32mBuilding C object CMakeFiles/chapt4_interfaces__rosidl_typesupport_introspection_c__pyext.dir/rosidl_generator_py/chapt4_interfaces/_chapt4_interfaces_s.ep.rosidl_typesupport_introspection_c.c.o[0m
[4.263s] [ 92%] [32mBuilding C object CMakeFiles/chapt4_interfaces__rosidl_typesupport_fastrtps_c__pyext.dir/rosidl_generator_py/chapt4_interfaces/_chapt4_interfaces_s.ep.rosidl_typesupport_fastrtps_c.c.o[0m
[4.329s] [ 97%] [32m[1mLinking C shared library rosidl_generator_py/chapt4_interfaces/chapt4_interfaces_s__rosidl_typesupport_c.cpython-38-x86_64-linux-gnu.so[0m
[4.329s] [ 97%] [32m[1mLinking C shared library rosidl_generator_py/chapt4_interfaces/chapt4_interfaces_s__rosidl_typesupport_introspection_c.cpython-38-x86_64-linux-gnu.so[0m
[4.332s] [100%] [32m[1mLinking CXX shared library rosidl_generator_py/chapt4_interfaces/chapt4_interfaces_s__rosidl_typesupport_fastrtps_c.cpython-38-x86_64-linux-gnu.so[0m
[4.364s] [100%] Built target chapt4_interfaces__rosidl_typesupport_c__pyext
[4.364s] [100%] Built target chapt4_interfaces__rosidl_typesupport_introspection_c__pyext
[4.390s] [100%] Built target chapt4_interfaces__rosidl_typesupport_fastrtps_c__pyext
[4.402s] Invoked command in '/home/yunfeibi/Ros_projects/ros2-learning/chapt4/build/chapt4_interfaces' returned '0': CMAKE_PREFIX_PATH=${CMAKE_PREFIX_PATH}:/opt/ros/foxy CONDA_PROMPT_MODIFIER=(yxros) /usr/bin/cmake --build /home/yunfeibi/Ros_projects/ros2-learning/chapt4/build/chapt4_interfaces -- -j12 -l12
[4.412s] Invoking command in '/home/yunfeibi/Ros_projects/ros2-learning/chapt4/build/chapt4_interfaces': CMAKE_PREFIX_PATH=${CMAKE_PREFIX_PATH}:/opt/ros/foxy CONDA_PROMPT_MODIFIER=(yxros) /usr/bin/cmake --install /home/yunfeibi/Ros_projects/ros2-learning/chapt4/build/chapt4_interfaces
[4.420s] -- Install configuration: ""
[4.420s] -- Installing: /home/yunfeibi/Ros_projects/ros2-learning/chapt4/install/chapt4_interfaces/share/ament_index/resource_index/rosidl_interfaces/chapt4_interfaces
[4.420s] -- Installing: /home/yunfeibi/Ros_projects/ros2-learning/chapt4/install/chapt4_interfaces/include/chapt4_interfaces
[4.420s] -- Installing: /home/yunfeibi/Ros_projects/ros2-learning/chapt4/install/chapt4_interfaces/include/chapt4_interfaces/srv
[4.420s] -- Installing: /home/yunfeibi/Ros_projects/ros2-learning/chapt4/install/chapt4_interfaces/include/chapt4_interfaces/srv/face_detector.h
[4.420s] -- Installing: /home/yunfeibi/Ros_projects/ros2-learning/chapt4/install/chapt4_interfaces/include/chapt4_interfaces/srv/patrol.h
[4.420s] -- Installing: /home/yunfeibi/Ros_projects/ros2-learning/chapt4/install/chapt4_interfaces/include/chapt4_interfaces/srv/detail
[4.420s] -- Installing: /home/yunfeibi/Ros_projects/ros2-learning/chapt4/install/chapt4_interfaces/include/chapt4_interfaces/srv/detail/patrol__struct.h
[4.420s] -- Installing: /home/yunfeibi/Ros_projects/ros2-learning/chapt4/install/chapt4_interfaces/include/chapt4_interfaces/srv/detail/patrol__functions.h
[4.421s] -- Installing: /home/yunfeibi/Ros_projects/ros2-learning/chapt4/install/chapt4_interfaces/include/chapt4_interfaces/srv/detail/face_detector__type_support.h
[4.421s] -- Installing: /home/yunfeibi/Ros_projects/ros2-learning/chapt4/install/chapt4_interfaces/include/chapt4_interfaces/srv/detail/face_detector__functions.h
[4.421s] -- Installing: /home/yunfeibi/Ros_projects/ros2-learning/chapt4/install/chapt4_interfaces/include/chapt4_interfaces/srv/detail/patrol__functions.c
[4.421s] -- Installing: /home/yunfeibi/Ros_projects/ros2-learning/chapt4/install/chapt4_interfaces/include/chapt4_interfaces/srv/detail/face_detector__struct.h
[4.421s] -- Installing: /home/yunfeibi/Ros_projects/ros2-learning/chapt4/install/chapt4_interfaces/include/chapt4_interfaces/srv/detail/patrol__type_support.h
[4.421s] -- Installing: /home/yunfeibi/Ros_projects/ros2-learning/chapt4/install/chapt4_interfaces/include/chapt4_interfaces/srv/detail/face_detector__functions.c
[4.421s] -- Installing: /home/yunfeibi/Ros_projects/ros2-learning/chapt4/install/chapt4_interfaces/include/chapt4_interfaces/msg
[4.421s] -- Installing: /home/yunfeibi/Ros_projects/ros2-learning/chapt4/install/chapt4_interfaces/include/chapt4_interfaces/msg/rosidl_generator_c__visibility_control.h
[4.421s] -- Installing: /home/yunfeibi/Ros_projects/ros2-learning/chapt4/install/chapt4_interfaces/share/chapt4_interfaces/environment/library_path.sh
[4.422s] -- Installing: /home/yunfeibi/Ros_projects/ros2-learning/chapt4/install/chapt4_interfaces/share/chapt4_interfaces/environment/library_path.dsv
[4.422s] -- Installing: /home/yunfeibi/Ros_projects/ros2-learning/chapt4/install/chapt4_interfaces/lib/libchapt4_interfaces__rosidl_generator_c.so
[4.422s] -- Set runtime path of "/home/yunfeibi/Ros_projects/ros2-learning/chapt4/install/chapt4_interfaces/lib/libchapt4_interfaces__rosidl_generator_c.so" to ""
[4.422s] -- Up-to-date: /home/yunfeibi/Ros_projects/ros2-learning/chapt4/install/chapt4_interfaces/include/chapt4_interfaces
[4.422s] -- Up-to-date: /home/yunfeibi/Ros_projects/ros2-learning/chapt4/install/chapt4_interfaces/include/chapt4_interfaces/srv
[4.422s] -- Up-to-date: /home/yunfeibi/Ros_projects/ros2-learning/chapt4/install/chapt4_interfaces/include/chapt4_interfaces/srv/detail
[4.422s] -- Installing: /home/yunfeibi/Ros_projects/ros2-learning/chapt4/install/chapt4_interfaces/include/chapt4_interfaces/srv/detail/face_detector__rosidl_typesupport_fastrtps_c.h
[4.422s] -- Installing: /home/yunfeibi/Ros_projects/ros2-learning/chapt4/install/chapt4_interfaces/include/chapt4_interfaces/srv/detail/patrol__rosidl_typesupport_fastrtps_c.h
[4.423s] -- Up-to-date: /home/yunfeibi/Ros_projects/ros2-learning/chapt4/install/chapt4_interfaces/include/chapt4_interfaces/msg
[4.423s] -- Installing: /home/yunfeibi/Ros_projects/ros2-learning/chapt4/install/chapt4_interfaces/include/chapt4_interfaces/msg/rosidl_typesupport_fastrtps_c__visibility_control.h
[4.423s] -- Installing: /home/yunfeibi/Ros_projects/ros2-learning/chapt4/install/chapt4_interfaces/lib/libchapt4_interfaces__rosidl_typesupport_fastrtps_c.so
[4.423s] -- Set runtime path of "/home/yunfeibi/Ros_projects/ros2-learning/chapt4/install/chapt4_interfaces/lib/libchapt4_interfaces__rosidl_typesupport_fastrtps_c.so" to ""
[4.423s] -- Up-to-date: /home/yunfeibi/Ros_projects/ros2-learning/chapt4/install/chapt4_interfaces/include/chapt4_interfaces
[4.423s] -- Up-to-date: /home/yunfeibi/Ros_projects/ros2-learning/chapt4/install/chapt4_interfaces/include/chapt4_interfaces/srv
[4.423s] -- Up-to-date: /home/yunfeibi/Ros_projects/ros2-learning/chapt4/install/chapt4_interfaces/include/chapt4_interfaces/srv/detail
[4.423s] -- Installing: /home/yunfeibi/Ros_projects/ros2-learning/chapt4/install/chapt4_interfaces/include/chapt4_interfaces/srv/detail/dds_fastrtps
[4.423s] -- Installing: /home/yunfeibi/Ros_projects/ros2-learning/chapt4/install/chapt4_interfaces/include/chapt4_interfaces/srv/detail/patrol__rosidl_typesupport_fastrtps_cpp.hpp
[4.423s] -- Installing: /home/yunfeibi/Ros_projects/ros2-learning/chapt4/install/chapt4_interfaces/include/chapt4_interfaces/srv/detail/face_detector__rosidl_typesupport_fastrtps_cpp.hpp
[4.423s] -- Up-to-date: /home/yunfeibi/Ros_projects/ros2-learning/chapt4/install/chapt4_interfaces/include/chapt4_interfaces/msg
[4.424s] -- Installing: /home/yunfeibi/Ros_projects/ros2-learning/chapt4/install/chapt4_interfaces/include/chapt4_interfaces/msg/rosidl_typesupport_fastrtps_cpp__visibility_control.h
[4.424s] -- Installing: /home/yunfeibi/Ros_projects/ros2-learning/chapt4/install/chapt4_interfaces/lib/libchapt4_interfaces__rosidl_typesupport_fastrtps_cpp.so
[4.424s] -- Set runtime path of "/home/yunfeibi/Ros_projects/ros2-learning/chapt4/install/chapt4_interfaces/lib/libchapt4_interfaces__rosidl_typesupport_fastrtps_cpp.so" to ""
[4.424s] -- Up-to-date: /home/yunfeibi/Ros_projects/ros2-learning/chapt4/install/chapt4_interfaces/include/chapt4_interfaces
[4.424s] -- Up-to-date: /home/yunfeibi/Ros_projects/ros2-learning/chapt4/install/chapt4_interfaces/include/chapt4_interfaces/srv
[4.424s] -- Up-to-date: /home/yunfeibi/Ros_projects/ros2-learning/chapt4/install/chapt4_interfaces/include/chapt4_interfaces/srv/detail
[4.424s] -- Installing: /home/yunfeibi/Ros_projects/ros2-learning/chapt4/install/chapt4_interfaces/include/chapt4_interfaces/srv/detail/patrol__type_support.c
[4.424s] -- Installing: /home/yunfeibi/Ros_projects/ros2-learning/chapt4/install/chapt4_interfaces/include/chapt4_interfaces/srv/detail/patrol__rosidl_typesupport_introspection_c.h
[4.425s] -- Installing: /home/yunfeibi/Ros_projects/ros2-learning/chapt4/install/chapt4_interfaces/include/chapt4_interfaces/srv/detail/face_detector__rosidl_typesupport_introspection_c.h
[4.425s] -- Installing: /home/yunfeibi/Ros_projects/ros2-learning/chapt4/install/chapt4_interfaces/include/chapt4_interfaces/srv/detail/face_detector__type_support.c
[4.425s] -- Up-to-date: /home/yunfeibi/Ros_projects/ros2-learning/chapt4/install/chapt4_interfaces/include/chapt4_interfaces/msg
[4.425s] -- Installing: /home/yunfeibi/Ros_projects/ros2-learning/chapt4/install/chapt4_interfaces/include/chapt4_interfaces/msg/rosidl_typesupport_introspection_c__visibility_control.h
[4.425s] -- Installing: /home/yunfeibi/Ros_projects/ros2-learning/chapt4/install/chapt4_interfaces/lib/libchapt4_interfaces__rosidl_typesupport_introspection_c.so
[4.425s] -- Set runtime path of "/home/yunfeibi/Ros_projects/ros2-learning/chapt4/install/chapt4_interfaces/lib/libchapt4_interfaces__rosidl_typesupport_introspection_c.so" to ""
[4.425s] -- Installing: /home/yunfeibi/Ros_projects/ros2-learning/chapt4/install/chapt4_interfaces/lib/libchapt4_interfaces__rosidl_typesupport_c.so
[4.425s] -- Set runtime path of "/home/yunfeibi/Ros_projects/ros2-learning/chapt4/install/chapt4_interfaces/lib/libchapt4_interfaces__rosidl_typesupport_c.so" to ""
[4.426s] -- Up-to-date: /home/yunfeibi/Ros_projects/ros2-learning/chapt4/install/chapt4_interfaces/include/chapt4_interfaces
[4.426s] -- Up-to-date: /home/yunfeibi/Ros_projects/ros2-learning/chapt4/install/chapt4_interfaces/include/chapt4_interfaces/srv
[4.426s] -- Installing: /home/yunfeibi/Ros_projects/ros2-learning/chapt4/install/chapt4_interfaces/include/chapt4_interfaces/srv/face_detector.hpp
[4.426s] -- Installing: /home/yunfeibi/Ros_projects/ros2-learning/chapt4/install/chapt4_interfaces/include/chapt4_interfaces/srv/patrol.hpp
[4.426s] -- Up-to-date: /home/yunfeibi/Ros_projects/ros2-learning/chapt4/install/chapt4_interfaces/include/chapt4_interfaces/srv/detail
[4.426s] -- Installing: /home/yunfeibi/Ros_projects/ros2-learning/chapt4/install/chapt4_interfaces/include/chapt4_interfaces/srv/detail/patrol__struct.hpp
[4.426s] -- Installing: /home/yunfeibi/Ros_projects/ros2-learning/chapt4/install/chapt4_interfaces/include/chapt4_interfaces/srv/detail/patrol__builder.hpp
[4.426s] -- Installing: /home/yunfeibi/Ros_projects/ros2-learning/chapt4/install/chapt4_interfaces/include/chapt4_interfaces/srv/detail/face_detector__builder.hpp
[4.426s] -- Installing: /home/yunfeibi/Ros_projects/ros2-learning/chapt4/install/chapt4_interfaces/include/chapt4_interfaces/srv/detail/face_detector__struct.hpp
[4.426s] -- Installing: /home/yunfeibi/Ros_projects/ros2-learning/chapt4/install/chapt4_interfaces/include/chapt4_interfaces/srv/detail/face_detector__traits.hpp
[4.426s] -- Installing: /home/yunfeibi/Ros_projects/ros2-learning/chapt4/install/chapt4_interfaces/include/chapt4_interfaces/srv/detail/patrol__traits.hpp
[4.426s] -- Installing: /home/yunfeibi/Ros_projects/ros2-learning/chapt4/install/chapt4_interfaces/include/chapt4_interfaces/srv/detail/patrol__type_support.hpp
[4.427s] -- Installing: /home/yunfeibi/Ros_projects/ros2-learning/chapt4/install/chapt4_interfaces/include/chapt4_interfaces/srv/detail/face_detector__type_support.hpp
[4.427s] -- Up-to-date: /home/yunfeibi/Ros_projects/ros2-learning/chapt4/install/chapt4_interfaces/include/chapt4_interfaces/msg
[4.427s] -- Installing: /home/yunfeibi/Ros_projects/ros2-learning/chapt4/install/chapt4_interfaces/include/chapt4_interfaces/msg/rosidl_generator_cpp__visibility_control.hpp
[4.427s] -- Up-to-date: /home/yunfeibi/Ros_projects/ros2-learning/chapt4/install/chapt4_interfaces/include/chapt4_interfaces
[4.427s] -- Up-to-date: /home/yunfeibi/Ros_projects/ros2-learning/chapt4/install/chapt4_interfaces/include/chapt4_interfaces/srv
[4.427s] -- Up-to-date: /home/yunfeibi/Ros_projects/ros2-learning/chapt4/install/chapt4_interfaces/include/chapt4_interfaces/srv/detail
[4.427s] -- Installing: /home/yunfeibi/Ros_projects/ros2-learning/chapt4/install/chapt4_interfaces/include/chapt4_interfaces/srv/detail/face_detector__type_support.cpp
[4.427s] -- Installing: /home/yunfeibi/Ros_projects/ros2-learning/chapt4/install/chapt4_interfaces/include/chapt4_interfaces/srv/detail/patrol__type_support.cpp
[4.427s] -- Installing: /home/yunfeibi/Ros_projects/ros2-learning/chapt4/install/chapt4_interfaces/include/chapt4_interfaces/srv/detail/patrol__rosidl_typesupport_introspection_cpp.hpp
[4.427s] -- Installing: /home/yunfeibi/Ros_projects/ros2-learning/chapt4/install/chapt4_interfaces/include/chapt4_interfaces/srv/detail/face_detector__rosidl_typesupport_introspection_cpp.hpp
[4.427s] -- Installing: /home/yunfeibi/Ros_projects/ros2-learning/chapt4/install/chapt4_interfaces/lib/libchapt4_interfaces__rosidl_typesupport_introspection_cpp.so
[4.428s] -- Set runtime path of "/home/yunfeibi/Ros_projects/ros2-learning/chapt4/install/chapt4_interfaces/lib/libchapt4_interfaces__rosidl_typesupport_introspection_cpp.so" to ""
[4.428s] -- Installing: /home/yunfeibi/Ros_projects/ros2-learning/chapt4/install/chapt4_interfaces/lib/libchapt4_interfaces__rosidl_typesupport_cpp.so
[4.428s] -- Set runtime path of "/home/yunfeibi/Ros_projects/ros2-learning/chapt4/install/chapt4_interfaces/lib/libchapt4_interfaces__rosidl_typesupport_cpp.so" to ""
[4.428s] -- Installing: /home/yunfeibi/Ros_projects/ros2-learning/chapt4/install/chapt4_interfaces/share/chapt4_interfaces/environment/pythonpath.sh
[4.428s] -- Installing: /home/yunfeibi/Ros_projects/ros2-learning/chapt4/install/chapt4_interfaces/share/chapt4_interfaces/environment/pythonpath.dsv
[4.429s] -- Installing: /home/yunfeibi/Ros_projects/ros2-learning/chapt4/install/chapt4_interfaces/lib/python3.8/site-packages/chapt4_interfaces/__init__.py
[4.453s] Compiling '/home/yunfeibi/Ros_projects/ros2-learning/chapt4/install/chapt4_interfaces/lib/python3.8/site-packages/chapt4_interfaces/__init__.py'...
[4.455s] -- Installing: /home/yunfeibi/Ros_projects/ros2-learning/chapt4/install/chapt4_interfaces/lib/python3.8/site-packages/chapt4_interfaces/srv
[4.455s] -- Installing: /home/yunfeibi/Ros_projects/ros2-learning/chapt4/install/chapt4_interfaces/lib/python3.8/site-packages/chapt4_interfaces/srv/_patrol_s.c
[4.455s] -- Installing: /home/yunfeibi/Ros_projects/ros2-learning/chapt4/install/chapt4_interfaces/lib/python3.8/site-packages/chapt4_interfaces/srv/_face_detector.py
[4.455s] -- Installing: /home/yunfeibi/Ros_projects/ros2-learning/chapt4/install/chapt4_interfaces/lib/python3.8/site-packages/chapt4_interfaces/srv/_face_detector_s.c
[4.456s] -- Installing: /home/yunfeibi/Ros_projects/ros2-learning/chapt4/install/chapt4_interfaces/lib/python3.8/site-packages/chapt4_interfaces/srv/_patrol.py
[4.456s] -- Installing: /home/yunfeibi/Ros_projects/ros2-learning/chapt4/install/chapt4_interfaces/lib/python3.8/site-packages/chapt4_interfaces/srv/__init__.py
[4.456s] -- Installing: /home/yunfeibi/Ros_projects/ros2-learning/chapt4/install/chapt4_interfaces/lib/python3.8/site-packages/chapt4_interfaces/chapt4_interfaces_s__rosidl_typesupport_fastrtps_c.cpython-38-x86_64-linux-gnu.so
[4.457s] -- Set runtime path of "/home/yunfeibi/Ros_projects/ros2-learning/chapt4/install/chapt4_interfaces/lib/python3.8/site-packages/chapt4_interfaces/chapt4_interfaces_s__rosidl_typesupport_fastrtps_c.cpython-38-x86_64-linux-gnu.so" to ""
[4.457s] -- Installing: /home/yunfeibi/Ros_projects/ros2-learning/chapt4/install/chapt4_interfaces/lib/python3.8/site-packages/chapt4_interfaces/chapt4_interfaces_s__rosidl_typesupport_introspection_c.cpython-38-x86_64-linux-gnu.so
[4.458s] -- Set runtime path of "/home/yunfeibi/Ros_projects/ros2-learning/chapt4/install/chapt4_interfaces/lib/python3.8/site-packages/chapt4_interfaces/chapt4_interfaces_s__rosidl_typesupport_introspection_c.cpython-38-x86_64-linux-gnu.so" to ""
[4.458s] -- Installing: /home/yunfeibi/Ros_projects/ros2-learning/chapt4/install/chapt4_interfaces/lib/python3.8/site-packages/chapt4_interfaces/chapt4_interfaces_s__rosidl_typesupport_c.cpython-38-x86_64-linux-gnu.so
[4.458s] -- Set runtime path of "/home/yunfeibi/Ros_projects/ros2-learning/chapt4/install/chapt4_interfaces/lib/python3.8/site-packages/chapt4_interfaces/chapt4_interfaces_s__rosidl_typesupport_c.cpython-38-x86_64-linux-gnu.so" to ""
[4.459s] -- Installing: /home/yunfeibi/Ros_projects/ros2-learning/chapt4/install/chapt4_interfaces/lib/libchapt4_interfaces__python.so
[4.459s] -- Set runtime path of "/home/yunfeibi/Ros_projects/ros2-learning/chapt4/install/chapt4_interfaces/lib/libchapt4_interfaces__python.so" to ""
[4.459s] -- Installing: /home/yunfeibi/Ros_projects/ros2-learning/chapt4/install/chapt4_interfaces/share/chapt4_interfaces/srv/FaceDetector.idl
[4.459s] -- Installing: /home/yunfeibi/Ros_projects/ros2-learning/chapt4/install/chapt4_interfaces/share/chapt4_interfaces/srv/Patrol.idl
[4.460s] -- Installing: /home/yunfeibi/Ros_projects/ros2-learning/chapt4/install/chapt4_interfaces/share/chapt4_interfaces/srv/FaceDetector.srv
[4.460s] -- Installing: /home/yunfeibi/Ros_projects/ros2-learning/chapt4/install/chapt4_interfaces/share/chapt4_interfaces/srv/FaceDetector_Request.msg
[4.460s] -- Installing: /home/yunfeibi/Ros_projects/ros2-learning/chapt4/install/chapt4_interfaces/share/chapt4_interfaces/srv/FaceDetector_Response.msg
[4.460s] -- Installing: /home/yunfeibi/Ros_projects/ros2-learning/chapt4/install/chapt4_interfaces/share/chapt4_interfaces/srv/Patrol.srv
[4.460s] -- Installing: /home/yunfeibi/Ros_projects/ros2-learning/chapt4/install/chapt4_interfaces/share/chapt4_interfaces/srv/Patrol_Request.msg
[4.461s] -- Installing: /home/yunfeibi/Ros_projects/ros2-learning/chapt4/install/chapt4_interfaces/share/chapt4_interfaces/srv/Patrol_Response.msg
[4.461s] -- Installing: /home/yunfeibi/Ros_projects/ros2-learning/chapt4/install/chapt4_interfaces/share/ament_index/resource_index/package_run_dependencies/chapt4_interfaces
[4.461s] -- Installing: /home/yunfeibi/Ros_projects/ros2-learning/chapt4/install/chapt4_interfaces/share/ament_index/resource_index/parent_prefix_path/chapt4_interfaces
[4.462s] -- Installing: /home/yunfeibi/Ros_projects/ros2-learning/chapt4/install/chapt4_interfaces/share/chapt4_interfaces/environment/ament_prefix_path.sh
[4.462s] -- Installing: /home/yunfeibi/Ros_projects/ros2-learning/chapt4/install/chapt4_interfaces/share/chapt4_interfaces/environment/ament_prefix_path.dsv
[4.462s] -- Installing: /home/yunfeibi/Ros_projects/ros2-learning/chapt4/install/chapt4_interfaces/share/chapt4_interfaces/environment/path.sh
[4.462s] -- Installing: /home/yunfeibi/Ros_projects/ros2-learning/chapt4/install/chapt4_interfaces/share/chapt4_interfaces/environment/path.dsv
[4.463s] -- Installing: /home/yunfeibi/Ros_projects/ros2-learning/chapt4/install/chapt4_interfaces/share/chapt4_interfaces/local_setup.bash
[4.463s] -- Installing: /home/yunfeibi/Ros_projects/ros2-learning/chapt4/install/chapt4_interfaces/share/chapt4_interfaces/local_setup.sh
[4.463s] -- Installing: /home/yunfeibi/Ros_projects/ros2-learning/chapt4/install/chapt4_interfaces/share/chapt4_interfaces/local_setup.zsh
[4.463s] -- Installing: /home/yunfeibi/Ros_projects/ros2-learning/chapt4/install/chapt4_interfaces/share/chapt4_interfaces/local_setup.dsv
[4.464s] -- Installing: /home/yunfeibi/Ros_projects/ros2-learning/chapt4/install/chapt4_interfaces/share/chapt4_interfaces/package.dsv
[4.464s] -- Installing: /home/yunfeibi/Ros_projects/ros2-learning/chapt4/install/chapt4_interfaces/share/ament_index/resource_index/packages/chapt4_interfaces
[4.464s] -- Installing: /home/yunfeibi/Ros_projects/ros2-learning/chapt4/install/chapt4_interfaces/share/chapt4_interfaces/cmake/chapt4_interfaces__rosidl_generator_cExport.cmake
[4.464s] -- Installing: /home/yunfeibi/Ros_projects/ros2-learning/chapt4/install/chapt4_interfaces/share/chapt4_interfaces/cmake/chapt4_interfaces__rosidl_generator_cExport-noconfig.cmake
[4.465s] -- Installing: /home/yunfeibi/Ros_projects/ros2-learning/chapt4/install/chapt4_interfaces/share/chapt4_interfaces/cmake/chapt4_interfaces__rosidl_typesupport_introspection_cExport.cmake
[4.465s] -- Installing: /home/yunfeibi/Ros_projects/ros2-learning/chapt4/install/chapt4_interfaces/share/chapt4_interfaces/cmake/chapt4_interfaces__rosidl_typesupport_introspection_cExport-noconfig.cmake
[4.465s] -- Installing: /home/yunfeibi/Ros_projects/ros2-learning/chapt4/install/chapt4_interfaces/share/chapt4_interfaces/cmake/chapt4_interfaces__rosidl_typesupport_cExport.cmake
[4.466s] -- Installing: /home/yunfeibi/Ros_projects/ros2-learning/chapt4/install/chapt4_interfaces/share/chapt4_interfaces/cmake/chapt4_interfaces__rosidl_typesupport_cExport-noconfig.cmake
[4.466s] -- Installing: /home/yunfeibi/Ros_projects/ros2-learning/chapt4/install/chapt4_interfaces/share/chapt4_interfaces/cmake/chapt4_interfaces__rosidl_generator_cppExport.cmake
[4.466s] -- Installing: /home/yunfeibi/Ros_projects/ros2-learning/chapt4/install/chapt4_interfaces/share/chapt4_interfaces/cmake/chapt4_interfaces__rosidl_typesupport_introspection_cppExport.cmake
[4.466s] -- Installing: /home/yunfeibi/Ros_projects/ros2-learning/chapt4/install/chapt4_interfaces/share/chapt4_interfaces/cmake/chapt4_interfaces__rosidl_typesupport_introspection_cppExport-noconfig.cmake
[4.466s] -- Installing: /home/yunfeibi/Ros_projects/ros2-learning/chapt4/install/chapt4_interfaces/share/chapt4_interfaces/cmake/chapt4_interfaces__rosidl_typesupport_cppExport.cmake
[4.466s] -- Installing: /home/yunfeibi/Ros_projects/ros2-learning/chapt4/install/chapt4_interfaces/share/chapt4_interfaces/cmake/chapt4_interfaces__rosidl_typesupport_cppExport-noconfig.cmake
[4.466s] -- Installing: /home/yunfeibi/Ros_projects/ros2-learning/chapt4/install/chapt4_interfaces/share/chapt4_interfaces/cmake/rosidl_cmake-extras.cmake
[4.467s] -- Installing: /home/yunfeibi/Ros_projects/ros2-learning/chapt4/install/chapt4_interfaces/share/chapt4_interfaces/cmake/ament_cmake_export_dependencies-extras.cmake
[4.467s] -- Installing: /home/yunfeibi/Ros_projects/ros2-learning/chapt4/install/chapt4_interfaces/share/chapt4_interfaces/cmake/ament_cmake_export_libraries-extras.cmake
[4.467s] -- Installing: /home/yunfeibi/Ros_projects/ros2-learning/chapt4/install/chapt4_interfaces/share/chapt4_interfaces/cmake/ament_cmake_export_targets-extras.cmake
[4.467s] -- Installing: /home/yunfeibi/Ros_projects/ros2-learning/chapt4/install/chapt4_interfaces/share/chapt4_interfaces/cmake/ament_cmake_export_include_directories-extras.cmake
[4.467s] -- Installing: /home/yunfeibi/Ros_projects/ros2-learning/chapt4/install/chapt4_interfaces/share/chapt4_interfaces/cmake/rosidl_cmake_export_typesupport_libraries-extras.cmake
[4.467s] -- Installing: /home/yunfeibi/Ros_projects/ros2-learning/chapt4/install/chapt4_interfaces/share/chapt4_interfaces/cmake/rosidl_cmake_export_typesupport_targets-extras.cmake
[4.467s] -- Installing: /home/yunfeibi/Ros_projects/ros2-learning/chapt4/install/chapt4_interfaces/share/chapt4_interfaces/cmake/chapt4_interfacesConfig.cmake
[4.467s] -- Installing: /home/yunfeibi/Ros_projects/ros2-learning/chapt4/install/chapt4_interfaces/share/chapt4_interfaces/cmake/chapt4_interfacesConfig-version.cmake
[4.468s] -- Installing: /home/yunfeibi/Ros_projects/ros2-learning/chapt4/install/chapt4_interfaces/share/chapt4_interfaces/package.xml
[4.470s] Invoked command in '/home/yunfeibi/Ros_projects/ros2-learning/chapt4/build/chapt4_interfaces' returned '0': CMAKE_PREFIX_PATH=${CMAKE_PREFIX_PATH}:/opt/ros/foxy CONDA_PROMPT_MODIFIER=(yxros) /usr/bin/cmake --install /home/yunfeibi/Ros_projects/ros2-learning/chapt4/build/chapt4_interfaces
