-- The C compiler identification is GNU 9.4.0
-- The CXX compiler identification is GNU 9.4.0
-- Check for working C compiler: /usr/bin/cc
-- Check for working C compiler: /usr/bin/cc -- works
-- Detecting C compiler ABI info
-- Detecting C compiler ABI info - done
-- Detecting C compile features
-- Detecting C compile features - done
-- Check for working CXX compiler: /usr/bin/c++
-- Check for working CXX compiler: /usr/bin/c++ -- works
-- Detecting CXX compiler ABI info
-- Detecting CXX compiler ABI info - done
-- Detecting CXX compile features
-- Detecting CXX compile features - done
-- Found ament_cmake: 0.9.12 (/opt/ros/foxy/share/ament_cmake/cmake)
-- Found PythonInterp: /usr/bin/python3 (found suitable version "3.8.10", minimum required is "3") 
-- Using PYTHON_EXECUTABLE: /usr/bin/python3
-- Found rosidl_default_generators: 1.0.1 (/opt/ros/foxy/share/rosidl_default_generators/cmake)
-- Using all available rosidl_typesupport_c: rosidl_typesupport_fastrtps_c;rosidl_typesupport_introspection_c
-- Found rosidl_adapter: 1.3.1 (/opt/ros/foxy/share/rosidl_adapter/cmake)
-- Found OpenSSL: /usr/lib/x86_64-linux-gnu/libcrypto.so (found version "1.1.1f")  
-- Found FastRTPS: /opt/ros/foxy/include  
-- Using all available rosidl_typesupport_cpp: rosidl_typesupport_fastrtps_cpp;rosidl_typesupport_introspection_cpp
-- Found builtin_interfaces: 1.0.0 (/opt/ros/foxy/share/builtin_interfaces/cmake)
-- Found PythonInterp: /usr/bin/python3 (found version "3.8.10") 
-- Found ament_cmake_ros: 0.9.2 (/opt/ros/foxy/share/ament_cmake_ros/cmake)
-- Using all available rosidl_typesupport_c: rosidl_typesupport_fastrtps_c;rosidl_typesupport_introspection_c
-- Using all available rosidl_typesupport_cpp: rosidl_typesupport_fastrtps_cpp;rosidl_typesupport_introspection_cpp
-- Found PythonInterp: /usr/bin/python3 (found suitable version "3.8.10", minimum required is "3.5") 
-- Found python_cmake_module: 0.8.1 (/opt/ros/foxy/share/python_cmake_module/cmake)
-- Found PythonLibs: /usr/lib/x86_64-linux-gnu/libpython3.8.so (found suitable version "3.8.10", minimum required is "3.5") 
-- Using PYTHON_EXECUTABLE: /usr/bin/python3
-- Using PYTHON_INCLUDE_DIRS: /usr/include/python3.8
-- Using PYTHON_LIBRARIES: /usr/lib/x86_64-linux-gnu/libpython3.8.so
-- Found PythonExtra: .so  
-- Found ament_lint_auto: 0.9.8 (/opt/ros/foxy/share/ament_lint_auto/cmake)
-- Added test 'lint_cmake' to check CMake code style
-- Added test 'xmllint' to check XML markup files
-- Configuring done
-- Generating done
-- Build files have been written to: /home/yunfeibi/Ros_projects/ros2-learning/chapt3/topic_practice_ws/src/build/status_interfaces
[  3%] [34m[1mGenerating C code for ROS interfaces[0m
[35m[1mScanning dependencies of target status_interfaces__cpp[0m
[  6%] [34m[1mGenerating C++ code for ROS interfaces[0m
[35m[1mScanning dependencies of target status_interfaces__rosidl_generator_c[0m
[  6%] Built target status_interfaces__cpp
[  9%] [32mBuilding C object CMakeFiles/status_interfaces__rosidl_generator_c.dir/rosidl_generator_c/status_interfaces/msg/detail/system_status__functions.c.o[0m
[ 12%] [34m[1mGenerating C++ type support dispatch for ROS interfaces[0m
[ 16%] [34m[1mGenerating C++ type support for eProsima Fast-RTPS[0m
[ 19%] [34m[1mGenerating C++ introspection for ROS interfaces[0m
[ 22%] [32m[1mLinking C shared library libstatus_interfaces__rosidl_generator_c.so[0m
[ 22%] Built target status_interfaces__rosidl_generator_c
[ 25%] [34m[1mGenerating C type support dispatch for ROS interfaces[0m
[ 29%] [34m[1mGenerating C introspection for ROS interfaces[0m
[35m[1mScanning dependencies of target status_interfaces__rosidl_typesupport_cpp[0m
[35m[1mScanning dependencies of target status_interfaces__rosidl_typesupport_introspection_cpp[0m
[ 32%] [32mBuilding CXX object CMakeFiles/status_interfaces__rosidl_typesupport_cpp.dir/rosidl_typesupport_cpp/status_interfaces/msg/system_status__type_support.cpp.o[0m
[35m[1mScanning dependencies of target status_interfaces__rosidl_typesupport_fastrtps_cpp[0m
[ 35%] [32mBuilding CXX object CMakeFiles/status_interfaces__rosidl_typesupport_introspection_cpp.dir/rosidl_typesupport_introspection_cpp/status_interfaces/msg/detail/system_status__type_support.cpp.o[0m
[ 38%] [32mBuilding CXX object CMakeFiles/status_interfaces__rosidl_typesupport_fastrtps_cpp.dir/rosidl_typesupport_fastrtps_cpp/status_interfaces/msg/detail/dds_fastrtps/system_status__type_support.cpp.o[0m
[35m[1mScanning dependencies of target status_interfaces__rosidl_typesupport_c[0m
[ 41%] [32mBuilding CXX object CMakeFiles/status_interfaces__rosidl_typesupport_c.dir/rosidl_typesupport_c/status_interfaces/msg/system_status__type_support.cpp.o[0m
[35m[1mScanning dependencies of target status_interfaces__rosidl_typesupport_introspection_c[0m
[ 45%] [32mBuilding C object CMakeFiles/status_interfaces__rosidl_typesupport_introspection_c.dir/rosidl_typesupport_introspection_c/status_interfaces/msg/detail/system_status__type_support.c.o[0m
[ 48%] [32m[1mLinking CXX shared library libstatus_interfaces__rosidl_typesupport_c.so[0m
[ 51%] [32m[1mLinking C shared library libstatus_interfaces__rosidl_typesupport_introspection_c.so[0m
[ 51%] Built target status_interfaces__rosidl_typesupport_c
[ 51%] Built target status_interfaces__rosidl_typesupport_introspection_c
[ 54%] [32m[1mLinking CXX shared library libstatus_interfaces__rosidl_typesupport_cpp.so[0m
[ 58%] [32m[1mLinking CXX shared library libstatus_interfaces__rosidl_typesupport_introspection_cpp.so[0m
[ 58%] Built target status_interfaces__rosidl_typesupport_cpp
[ 58%] Built target status_interfaces__rosidl_typesupport_introspection_cpp
[ 61%] [32m[1mLinking CXX shared library libstatus_interfaces__rosidl_typesupport_fastrtps_cpp.so[0m
[ 61%] Built target status_interfaces__rosidl_typesupport_fastrtps_cpp
[ 64%] [34m[1mGenerating C type support for eProsima Fast-RTPS[0m
[35m[1mScanning dependencies of target status_interfaces__rosidl_typesupport_fastrtps_c[0m
[ 67%] [32mBuilding CXX object CMakeFiles/status_interfaces__rosidl_typesupport_fastrtps_c.dir/rosidl_typesupport_fastrtps_c/status_interfaces/msg/detail/system_status__type_support_c.cpp.o[0m
[ 70%] [32m[1mLinking CXX shared library libstatus_interfaces__rosidl_typesupport_fastrtps_c.so[0m
[ 70%] Built target status_interfaces__rosidl_typesupport_fastrtps_c
[35m[1mScanning dependencies of target status_interfaces[0m
[ 70%] Built target status_interfaces
[35m[1mScanning dependencies of target status_interfaces__py[0m
[ 74%] [34m[1mGenerating Python code for ROS interfaces[0m
[ 74%] Built target status_interfaces__py
[35m[1mScanning dependencies of target status_interfaces__python[0m
[ 77%] [32mBuilding C object CMakeFiles/status_interfaces__python.dir/rosidl_generator_py/status_interfaces/msg/_system_status_s.c.o[0m
[ 80%] [32m[1mLinking C shared library rosidl_generator_py/status_interfaces/libstatus_interfaces__python.so[0m
[ 80%] Built target status_interfaces__python
[35m[1mScanning dependencies of target status_interfaces__rosidl_typesupport_introspection_c__pyext[0m
[35m[1mScanning dependencies of target status_interfaces__rosidl_typesupport_c__pyext[0m
[35m[1mScanning dependencies of target status_interfaces__rosidl_typesupport_fastrtps_c__pyext[0m
[ 83%] [32mBuilding C object CMakeFiles/status_interfaces__rosidl_typesupport_fastrtps_c__pyext.dir/rosidl_generator_py/status_interfaces/_status_interfaces_s.ep.rosidl_typesupport_fastrtps_c.c.o[0m
[ 90%] [32mBuilding C object CMakeFiles/status_interfaces__rosidl_typesupport_c__pyext.dir/rosidl_generator_py/status_interfaces/_status_interfaces_s.ep.rosidl_typesupport_c.c.o[0m
[ 90%] [32mBuilding C object CMakeFiles/status_interfaces__rosidl_typesupport_introspection_c__pyext.dir/rosidl_generator_py/status_interfaces/_status_interfaces_s.ep.rosidl_typesupport_introspection_c.c.o[0m
[ 93%] [32m[1mLinking C shared library rosidl_generator_py/status_interfaces/status_interfaces_s__rosidl_typesupport_introspection_c.cpython-38-x86_64-linux-gnu.so[0m
[ 96%] [32m[1mLinking C shared library rosidl_generator_py/status_interfaces/status_interfaces_s__rosidl_typesupport_c.cpython-38-x86_64-linux-gnu.so[0m
[100%] [32m[1mLinking CXX shared library rosidl_generator_py/status_interfaces/status_interfaces_s__rosidl_typesupport_fastrtps_c.cpython-38-x86_64-linux-gnu.so[0m
[100%] Built target status_interfaces__rosidl_typesupport_c__pyext
[100%] Built target status_interfaces__rosidl_typesupport_introspection_c__pyext
[100%] Built target status_interfaces__rosidl_typesupport_fastrtps_c__pyext
-- Install configuration: ""
-- Installing: /home/yunfeibi/Ros_projects/ros2-learning/chapt3/topic_practice_ws/src/install/status_interfaces/share/ament_index/resource_index/rosidl_interfaces/status_interfaces
-- Installing: /home/yunfeibi/Ros_projects/ros2-learning/chapt3/topic_practice_ws/src/install/status_interfaces/include/status_interfaces
-- Installing: /home/yunfeibi/Ros_projects/ros2-learning/chapt3/topic_practice_ws/src/install/status_interfaces/include/status_interfaces/msg
-- Installing: /home/yunfeibi/Ros_projects/ros2-learning/chapt3/topic_practice_ws/src/install/status_interfaces/include/status_interfaces/msg/rosidl_generator_c__visibility_control.h
-- Installing: /home/yunfeibi/Ros_projects/ros2-learning/chapt3/topic_practice_ws/src/install/status_interfaces/include/status_interfaces/msg/detail
-- Installing: /home/yunfeibi/Ros_projects/ros2-learning/chapt3/topic_practice_ws/src/install/status_interfaces/include/status_interfaces/msg/detail/system_status__type_support.h
-- Installing: /home/yunfeibi/Ros_projects/ros2-learning/chapt3/topic_practice_ws/src/install/status_interfaces/include/status_interfaces/msg/detail/system_status__struct.h
-- Installing: /home/yunfeibi/Ros_projects/ros2-learning/chapt3/topic_practice_ws/src/install/status_interfaces/include/status_interfaces/msg/detail/system_status__functions.h
-- Installing: /home/yunfeibi/Ros_projects/ros2-learning/chapt3/topic_practice_ws/src/install/status_interfaces/include/status_interfaces/msg/detail/system_status__functions.c
-- Installing: /home/yunfeibi/Ros_projects/ros2-learning/chapt3/topic_practice_ws/src/install/status_interfaces/include/status_interfaces/msg/system_status.h
-- Installing: /home/yunfeibi/Ros_projects/ros2-learning/chapt3/topic_practice_ws/src/install/status_interfaces/share/status_interfaces/environment/library_path.sh
-- Installing: /home/yunfeibi/Ros_projects/ros2-learning/chapt3/topic_practice_ws/src/install/status_interfaces/share/status_interfaces/environment/library_path.dsv
-- Installing: /home/yunfeibi/Ros_projects/ros2-learning/chapt3/topic_practice_ws/src/install/status_interfaces/lib/libstatus_interfaces__rosidl_generator_c.so
-- Set runtime path of "/home/yunfeibi/Ros_projects/ros2-learning/chapt3/topic_practice_ws/src/install/status_interfaces/lib/libstatus_interfaces__rosidl_generator_c.so" to ""
-- Up-to-date: /home/yunfeibi/Ros_projects/ros2-learning/chapt3/topic_practice_ws/src/install/status_interfaces/include/status_interfaces
-- Up-to-date: /home/yunfeibi/Ros_projects/ros2-learning/chapt3/topic_practice_ws/src/install/status_interfaces/include/status_interfaces/msg
-- Installing: /home/yunfeibi/Ros_projects/ros2-learning/chapt3/topic_practice_ws/src/install/status_interfaces/include/status_interfaces/msg/rosidl_typesupport_fastrtps_c__visibility_control.h
-- Up-to-date: /home/yunfeibi/Ros_projects/ros2-learning/chapt3/topic_practice_ws/src/install/status_interfaces/include/status_interfaces/msg/detail
-- Installing: /home/yunfeibi/Ros_projects/ros2-learning/chapt3/topic_practice_ws/src/install/status_interfaces/include/status_interfaces/msg/detail/system_status__rosidl_typesupport_fastrtps_c.h
-- Installing: /home/yunfeibi/Ros_projects/ros2-learning/chapt3/topic_practice_ws/src/install/status_interfaces/lib/libstatus_interfaces__rosidl_typesupport_fastrtps_c.so
-- Set runtime path of "/home/yunfeibi/Ros_projects/ros2-learning/chapt3/topic_practice_ws/src/install/status_interfaces/lib/libstatus_interfaces__rosidl_typesupport_fastrtps_c.so" to ""
-- Up-to-date: /home/yunfeibi/Ros_projects/ros2-learning/chapt3/topic_practice_ws/src/install/status_interfaces/include/status_interfaces
-- Up-to-date: /home/yunfeibi/Ros_projects/ros2-learning/chapt3/topic_practice_ws/src/install/status_interfaces/include/status_interfaces/msg
-- Installing: /home/yunfeibi/Ros_projects/ros2-learning/chapt3/topic_practice_ws/src/install/status_interfaces/include/status_interfaces/msg/rosidl_typesupport_fastrtps_cpp__visibility_control.h
-- Up-to-date: /home/yunfeibi/Ros_projects/ros2-learning/chapt3/topic_practice_ws/src/install/status_interfaces/include/status_interfaces/msg/detail
-- Installing: /home/yunfeibi/Ros_projects/ros2-learning/chapt3/topic_practice_ws/src/install/status_interfaces/include/status_interfaces/msg/detail/system_status__rosidl_typesupport_fastrtps_cpp.hpp
-- Installing: /home/yunfeibi/Ros_projects/ros2-learning/chapt3/topic_practice_ws/src/install/status_interfaces/include/status_interfaces/msg/detail/dds_fastrtps
-- Installing: /home/yunfeibi/Ros_projects/ros2-learning/chapt3/topic_practice_ws/src/install/status_interfaces/lib/libstatus_interfaces__rosidl_typesupport_fastrtps_cpp.so
-- Set runtime path of "/home/yunfeibi/Ros_projects/ros2-learning/chapt3/topic_practice_ws/src/install/status_interfaces/lib/libstatus_interfaces__rosidl_typesupport_fastrtps_cpp.so" to ""
-- Up-to-date: /home/yunfeibi/Ros_projects/ros2-learning/chapt3/topic_practice_ws/src/install/status_interfaces/include/status_interfaces
-- Up-to-date: /home/yunfeibi/Ros_projects/ros2-learning/chapt3/topic_practice_ws/src/install/status_interfaces/include/status_interfaces/msg
-- Installing: /home/yunfeibi/Ros_projects/ros2-learning/chapt3/topic_practice_ws/src/install/status_interfaces/include/status_interfaces/msg/rosidl_typesupport_introspection_c__visibility_control.h
-- Up-to-date: /home/yunfeibi/Ros_projects/ros2-learning/chapt3/topic_practice_ws/src/install/status_interfaces/include/status_interfaces/msg/detail
-- Installing: /home/yunfeibi/Ros_projects/ros2-learning/chapt3/topic_practice_ws/src/install/status_interfaces/include/status_interfaces/msg/detail/system_status__type_support.c
-- Installing: /home/yunfeibi/Ros_projects/ros2-learning/chapt3/topic_practice_ws/src/install/status_interfaces/include/status_interfaces/msg/detail/system_status__rosidl_typesupport_introspection_c.h
-- Installing: /home/yunfeibi/Ros_projects/ros2-learning/chapt3/topic_practice_ws/src/install/status_interfaces/lib/libstatus_interfaces__rosidl_typesupport_introspection_c.so
-- Set runtime path of "/home/yunfeibi/Ros_projects/ros2-learning/chapt3/topic_practice_ws/src/install/status_interfaces/lib/libstatus_interfaces__rosidl_typesupport_introspection_c.so" to ""
-- Installing: /home/yunfeibi/Ros_projects/ros2-learning/chapt3/topic_practice_ws/src/install/status_interfaces/lib/libstatus_interfaces__rosidl_typesupport_c.so
-- Set runtime path of "/home/yunfeibi/Ros_projects/ros2-learning/chapt3/topic_practice_ws/src/install/status_interfaces/lib/libstatus_interfaces__rosidl_typesupport_c.so" to ""
-- Up-to-date: /home/yunfeibi/Ros_projects/ros2-learning/chapt3/topic_practice_ws/src/install/status_interfaces/include/status_interfaces
-- Up-to-date: /home/yunfeibi/Ros_projects/ros2-learning/chapt3/topic_practice_ws/src/install/status_interfaces/include/status_interfaces/msg
-- Installing: /home/yunfeibi/Ros_projects/ros2-learning/chapt3/topic_practice_ws/src/install/status_interfaces/include/status_interfaces/msg/system_status.hpp
-- Installing: /home/yunfeibi/Ros_projects/ros2-learning/chapt3/topic_practice_ws/src/install/status_interfaces/include/status_interfaces/msg/rosidl_generator_cpp__visibility_control.hpp
-- Up-to-date: /home/yunfeibi/Ros_projects/ros2-learning/chapt3/topic_practice_ws/src/install/status_interfaces/include/status_interfaces/msg/detail
-- Installing: /home/yunfeibi/Ros_projects/ros2-learning/chapt3/topic_practice_ws/src/install/status_interfaces/include/status_interfaces/msg/detail/system_status__type_support.hpp
-- Installing: /home/yunfeibi/Ros_projects/ros2-learning/chapt3/topic_practice_ws/src/install/status_interfaces/include/status_interfaces/msg/detail/system_status__struct.hpp
-- Installing: /home/yunfeibi/Ros_projects/ros2-learning/chapt3/topic_practice_ws/src/install/status_interfaces/include/status_interfaces/msg/detail/system_status__traits.hpp
-- Installing: /home/yunfeibi/Ros_projects/ros2-learning/chapt3/topic_practice_ws/src/install/status_interfaces/include/status_interfaces/msg/detail/system_status__builder.hpp
-- Up-to-date: /home/yunfeibi/Ros_projects/ros2-learning/chapt3/topic_practice_ws/src/install/status_interfaces/include/status_interfaces
-- Up-to-date: /home/yunfeibi/Ros_projects/ros2-learning/chapt3/topic_practice_ws/src/install/status_interfaces/include/status_interfaces/msg
-- Up-to-date: /home/yunfeibi/Ros_projects/ros2-learning/chapt3/topic_practice_ws/src/install/status_interfaces/include/status_interfaces/msg/detail
-- Installing: /home/yunfeibi/Ros_projects/ros2-learning/chapt3/topic_practice_ws/src/install/status_interfaces/include/status_interfaces/msg/detail/system_status__type_support.cpp
-- Installing: /home/yunfeibi/Ros_projects/ros2-learning/chapt3/topic_practice_ws/src/install/status_interfaces/include/status_interfaces/msg/detail/system_status__rosidl_typesupport_introspection_cpp.hpp
-- Installing: /home/yunfeibi/Ros_projects/ros2-learning/chapt3/topic_practice_ws/src/install/status_interfaces/lib/libstatus_interfaces__rosidl_typesupport_introspection_cpp.so
-- Set runtime path of "/home/yunfeibi/Ros_projects/ros2-learning/chapt3/topic_practice_ws/src/install/status_interfaces/lib/libstatus_interfaces__rosidl_typesupport_introspection_cpp.so" to ""
-- Installing: /home/yunfeibi/Ros_projects/ros2-learning/chapt3/topic_practice_ws/src/install/status_interfaces/lib/libstatus_interfaces__rosidl_typesupport_cpp.so
-- Set runtime path of "/home/yunfeibi/Ros_projects/ros2-learning/chapt3/topic_practice_ws/src/install/status_interfaces/lib/libstatus_interfaces__rosidl_typesupport_cpp.so" to ""
-- Installing: /home/yunfeibi/Ros_projects/ros2-learning/chapt3/topic_practice_ws/src/install/status_interfaces/share/status_interfaces/environment/pythonpath.sh
-- Installing: /home/yunfeibi/Ros_projects/ros2-learning/chapt3/topic_practice_ws/src/install/status_interfaces/share/status_interfaces/environment/pythonpath.dsv
-- Installing: /home/yunfeibi/Ros_projects/ros2-learning/chapt3/topic_practice_ws/src/install/status_interfaces/lib/python3.8/site-packages/status_interfaces/__init__.py
Compiling '/home/yunfeibi/Ros_projects/ros2-learning/chapt3/topic_practice_ws/src/install/status_interfaces/lib/python3.8/site-packages/status_interfaces/__init__.py'...
-- Installing: /home/yunfeibi/Ros_projects/ros2-learning/chapt3/topic_practice_ws/src/install/status_interfaces/lib/python3.8/site-packages/status_interfaces/msg
-- Installing: /home/yunfeibi/Ros_projects/ros2-learning/chapt3/topic_practice_ws/src/install/status_interfaces/lib/python3.8/site-packages/status_interfaces/msg/_system_status.py
-- Installing: /home/yunfeibi/Ros_projects/ros2-learning/chapt3/topic_practice_ws/src/install/status_interfaces/lib/python3.8/site-packages/status_interfaces/msg/__init__.py
-- Installing: /home/yunfeibi/Ros_projects/ros2-learning/chapt3/topic_practice_ws/src/install/status_interfaces/lib/python3.8/site-packages/status_interfaces/msg/_system_status_s.c
-- Installing: /home/yunfeibi/Ros_projects/ros2-learning/chapt3/topic_practice_ws/src/install/status_interfaces/lib/python3.8/site-packages/status_interfaces/status_interfaces_s__rosidl_typesupport_fastrtps_c.cpython-38-x86_64-linux-gnu.so
-- Set runtime path of "/home/yunfeibi/Ros_projects/ros2-learning/chapt3/topic_practice_ws/src/install/status_interfaces/lib/python3.8/site-packages/status_interfaces/status_interfaces_s__rosidl_typesupport_fastrtps_c.cpython-38-x86_64-linux-gnu.so" to ""
-- Installing: /home/yunfeibi/Ros_projects/ros2-learning/chapt3/topic_practice_ws/src/install/status_interfaces/lib/python3.8/site-packages/status_interfaces/status_interfaces_s__rosidl_typesupport_introspection_c.cpython-38-x86_64-linux-gnu.so
-- Set runtime path of "/home/yunfeibi/Ros_projects/ros2-learning/chapt3/topic_practice_ws/src/install/status_interfaces/lib/python3.8/site-packages/status_interfaces/status_interfaces_s__rosidl_typesupport_introspection_c.cpython-38-x86_64-linux-gnu.so" to ""
-- Installing: /home/yunfeibi/Ros_projects/ros2-learning/chapt3/topic_practice_ws/src/install/status_interfaces/lib/python3.8/site-packages/status_interfaces/status_interfaces_s__rosidl_typesupport_c.cpython-38-x86_64-linux-gnu.so
-- Set runtime path of "/home/yunfeibi/Ros_projects/ros2-learning/chapt3/topic_practice_ws/src/install/status_interfaces/lib/python3.8/site-packages/status_interfaces/status_interfaces_s__rosidl_typesupport_c.cpython-38-x86_64-linux-gnu.so" to ""
-- Installing: /home/yunfeibi/Ros_projects/ros2-learning/chapt3/topic_practice_ws/src/install/status_interfaces/lib/libstatus_interfaces__python.so
-- Set runtime path of "/home/yunfeibi/Ros_projects/ros2-learning/chapt3/topic_practice_ws/src/install/status_interfaces/lib/libstatus_interfaces__python.so" to ""
-- Installing: /home/yunfeibi/Ros_projects/ros2-learning/chapt3/topic_practice_ws/src/install/status_interfaces/share/status_interfaces/msg/SystemStatus.idl
-- Installing: /home/yunfeibi/Ros_projects/ros2-learning/chapt3/topic_practice_ws/src/install/status_interfaces/share/status_interfaces/msg/SystemStatus.msg
-- Installing: /home/yunfeibi/Ros_projects/ros2-learning/chapt3/topic_practice_ws/src/install/status_interfaces/share/ament_index/resource_index/package_run_dependencies/status_interfaces
-- Installing: /home/yunfeibi/Ros_projects/ros2-learning/chapt3/topic_practice_ws/src/install/status_interfaces/share/ament_index/resource_index/parent_prefix_path/status_interfaces
-- Installing: /home/yunfeibi/Ros_projects/ros2-learning/chapt3/topic_practice_ws/src/install/status_interfaces/share/status_interfaces/environment/ament_prefix_path.sh
-- Installing: /home/yunfeibi/Ros_projects/ros2-learning/chapt3/topic_practice_ws/src/install/status_interfaces/share/status_interfaces/environment/ament_prefix_path.dsv
-- Installing: /home/yunfeibi/Ros_projects/ros2-learning/chapt3/topic_practice_ws/src/install/status_interfaces/share/status_interfaces/environment/path.sh
-- Installing: /home/yunfeibi/Ros_projects/ros2-learning/chapt3/topic_practice_ws/src/install/status_interfaces/share/status_interfaces/environment/path.dsv
-- Installing: /home/yunfeibi/Ros_projects/ros2-learning/chapt3/topic_practice_ws/src/install/status_interfaces/share/status_interfaces/local_setup.bash
-- Installing: /home/yunfeibi/Ros_projects/ros2-learning/chapt3/topic_practice_ws/src/install/status_interfaces/share/status_interfaces/local_setup.sh
-- Installing: /home/yunfeibi/Ros_projects/ros2-learning/chapt3/topic_practice_ws/src/install/status_interfaces/share/status_interfaces/local_setup.zsh
-- Installing: /home/yunfeibi/Ros_projects/ros2-learning/chapt3/topic_practice_ws/src/install/status_interfaces/share/status_interfaces/local_setup.dsv
-- Installing: /home/yunfeibi/Ros_projects/ros2-learning/chapt3/topic_practice_ws/src/install/status_interfaces/share/status_interfaces/package.dsv
-- Installing: /home/yunfeibi/Ros_projects/ros2-learning/chapt3/topic_practice_ws/src/install/status_interfaces/share/ament_index/resource_index/packages/status_interfaces
-- Installing: /home/yunfeibi/Ros_projects/ros2-learning/chapt3/topic_practice_ws/src/install/status_interfaces/share/status_interfaces/cmake/status_interfaces__rosidl_generator_cExport.cmake
-- Installing: /home/yunfeibi/Ros_projects/ros2-learning/chapt3/topic_practice_ws/src/install/status_interfaces/share/status_interfaces/cmake/status_interfaces__rosidl_generator_cExport-noconfig.cmake
-- Installing: /home/yunfeibi/Ros_projects/ros2-learning/chapt3/topic_practice_ws/src/install/status_interfaces/share/status_interfaces/cmake/status_interfaces__rosidl_typesupport_introspection_cExport.cmake
-- Installing: /home/yunfeibi/Ros_projects/ros2-learning/chapt3/topic_practice_ws/src/install/status_interfaces/share/status_interfaces/cmake/status_interfaces__rosidl_typesupport_introspection_cExport-noconfig.cmake
-- Installing: /home/yunfeibi/Ros_projects/ros2-learning/chapt3/topic_practice_ws/src/install/status_interfaces/share/status_interfaces/cmake/status_interfaces__rosidl_typesupport_cExport.cmake
-- Installing: /home/yunfeibi/Ros_projects/ros2-learning/chapt3/topic_practice_ws/src/install/status_interfaces/share/status_interfaces/cmake/status_interfaces__rosidl_typesupport_cExport-noconfig.cmake
-- Installing: /home/yunfeibi/Ros_projects/ros2-learning/chapt3/topic_practice_ws/src/install/status_interfaces/share/status_interfaces/cmake/status_interfaces__rosidl_generator_cppExport.cmake
-- Installing: /home/yunfeibi/Ros_projects/ros2-learning/chapt3/topic_practice_ws/src/install/status_interfaces/share/status_interfaces/cmake/status_interfaces__rosidl_typesupport_introspection_cppExport.cmake
-- Installing: /home/yunfeibi/Ros_projects/ros2-learning/chapt3/topic_practice_ws/src/install/status_interfaces/share/status_interfaces/cmake/status_interfaces__rosidl_typesupport_introspection_cppExport-noconfig.cmake
-- Installing: /home/yunfeibi/Ros_projects/ros2-learning/chapt3/topic_practice_ws/src/install/status_interfaces/share/status_interfaces/cmake/status_interfaces__rosidl_typesupport_cppExport.cmake
-- Installing: /home/yunfeibi/Ros_projects/ros2-learning/chapt3/topic_practice_ws/src/install/status_interfaces/share/status_interfaces/cmake/status_interfaces__rosidl_typesupport_cppExport-noconfig.cmake
-- Installing: /home/yunfeibi/Ros_projects/ros2-learning/chapt3/topic_practice_ws/src/install/status_interfaces/share/status_interfaces/cmake/rosidl_cmake-extras.cmake
-- Installing: /home/yunfeibi/Ros_projects/ros2-learning/chapt3/topic_practice_ws/src/install/status_interfaces/share/status_interfaces/cmake/ament_cmake_export_dependencies-extras.cmake
-- Installing: /home/yunfeibi/Ros_projects/ros2-learning/chapt3/topic_practice_ws/src/install/status_interfaces/share/status_interfaces/cmake/ament_cmake_export_libraries-extras.cmake
-- Installing: /home/yunfeibi/Ros_projects/ros2-learning/chapt3/topic_practice_ws/src/install/status_interfaces/share/status_interfaces/cmake/ament_cmake_export_targets-extras.cmake
-- Installing: /home/yunfeibi/Ros_projects/ros2-learning/chapt3/topic_practice_ws/src/install/status_interfaces/share/status_interfaces/cmake/ament_cmake_export_include_directories-extras.cmake
-- Installing: /home/yunfeibi/Ros_projects/ros2-learning/chapt3/topic_practice_ws/src/install/status_interfaces/share/status_interfaces/cmake/rosidl_cmake_export_typesupport_libraries-extras.cmake
-- Installing: /home/yunfeibi/Ros_projects/ros2-learning/chapt3/topic_practice_ws/src/install/status_interfaces/share/status_interfaces/cmake/rosidl_cmake_export_typesupport_targets-extras.cmake
-- Installing: /home/yunfeibi/Ros_projects/ros2-learning/chapt3/topic_practice_ws/src/install/status_interfaces/share/status_interfaces/cmake/status_interfacesConfig.cmake
-- Installing: /home/yunfeibi/Ros_projects/ros2-learning/chapt3/topic_practice_ws/src/install/status_interfaces/share/status_interfaces/cmake/status_interfacesConfig-version.cmake
-- Installing: /home/yunfeibi/Ros_projects/ros2-learning/chapt3/topic_practice_ws/src/install/status_interfaces/share/status_interfaces/package.xml
