[0.014s] Invoking command in '/home/yunfeibi/Ros_projects/ros2-learning/chapt3/topic_practice_ws/src/build/status_display': CMAKE_PREFIX_PATH=/home/yunfeibi/Ros_projects/ros2-learning/chapt3/topic_practice_ws/src/install/status_interfaces:/home/yunfeibi/Ros_projects/ros2-learning/chapt3/topic_practice_ws/src/install/status_display:/home/yunfeibi/Ros_projects/ros2-learning/chapt3/topic_practice_ws/src/install/status_publisher:/opt/ros/foxy LD_LIBRARY_PATH=/home/yunfeibi/Ros_projects/ros2-learning/chapt3/topic_practice_ws/src/install/status_interfaces/lib:/home/yunfeibi/dev/grpc_install/lib:/opt/ros/foxy/opt/yaml_cpp_vendor/lib:/opt/ros/foxy/opt/rviz_ogre_vendor/lib:/opt/ros/foxy/lib/x86_64-linux-gnu:/opt/ros/foxy/lib:/home/yunfeibi/dev/grpc_install/lib PYTHONPATH=/home/yunfeibi/Ros_projects/ros2-learning/chapt3/topic_practice_ws/src/install/status_interfaces/lib/python3.8/site-packages:/home/yunfeibi/Ros_projects/ros2-learning/chapt3/topic_practice_ws/src/install/status_publisher/lib/python3.8/site-packages:/opt/ros/foxy/lib/python3.8/site-packages /usr/bin/cmake /home/yunfeibi/Ros_projects/ros2-learning/chapt3/topic_practice_ws/src/status_display -DCMAKE_INSTALL_PREFIX=/home/yunfeibi/Ros_projects/ros2-learning/chapt3/topic_practice_ws/src/install/status_display
[0.061s] -- The C compiler identification is GNU 9.4.0
[0.106s] -- The CXX compiler identification is GNU 9.4.0
[0.110s] -- Check for working C compiler: /usr/bin/cc
[0.172s] -- Check for working C compiler: /usr/bin/cc -- works
[0.173s] -- Detecting C compiler ABI info
[0.235s] -- Detecting C compiler ABI info - done
[0.249s] -- Detecting C compile features
[0.249s] -- Detecting C compile features - done
[0.252s] -- Check for working CXX compiler: /usr/bin/c++
[0.324s] -- Check for working CXX compiler: /usr/bin/c++ -- works
[0.325s] -- Detecting CXX compiler ABI info
[0.396s] -- Detecting CXX compiler ABI info - done
[0.410s] -- Detecting CXX compile features
[0.410s] -- Detecting CXX compile features - done
[0.413s] -- Found ament_cmake: 0.9.12 (/opt/ros/foxy/share/ament_cmake/cmake)
[0.436s] -- Found PythonInterp: /usr/bin/python3 (found suitable version "3.8.10", minimum required is "3") 
[0.436s] -- Using PYTHON_EXECUTABLE: /usr/bin/python3
[0.585s] -- Found rclcpp: 2.4.3 (/opt/ros/foxy/share/rclcpp/cmake)
[0.621s] -- Using all available rosidl_typesupport_c: rosidl_typesupport_fastrtps_c;rosidl_typesupport_introspection_c
[0.626s] -- Found rosidl_adapter: 1.3.1 (/opt/ros/foxy/share/rosidl_adapter/cmake)
[0.723s] -- Found OpenSSL: /usr/lib/x86_64-linux-gnu/libcrypto.so (found version "1.1.1f")  
[0.755s] -- Found FastRTPS: /opt/ros/foxy/include  
[0.818s] -- Using all available rosidl_typesupport_cpp: rosidl_typesupport_fastrtps_cpp;rosidl_typesupport_introspection_cpp
[0.857s] -- Found rmw_implementation_cmake: 1.0.4 (/opt/ros/foxy/share/rmw_implementation_cmake/cmake)
[0.858s] -- Using RMW implementation 'rmw_fastrtps_cpp' as default
[0.859s] -- Looking for pthread.h
[0.935s] -- Looking for pthread.h - found
[0.935s] -- Performing Test CMAKE_HAVE_LIBC_PTHREAD
[1.007s] -- Performing Test CMAKE_HAVE_LIBC_PTHREAD - Failed
[1.007s] -- Looking for pthread_create in pthreads
[1.075s] -- Looking for pthread_create in pthreads - not found
[1.075s] -- Looking for pthread_create in pthread
[1.154s] -- Looking for pthread_create in pthread - found
[1.154s] -- Found Threads: TRUE  
[1.265s] -- Found status_interfaces: 0.0.0 (/home/yunfeibi/Ros_projects/ros2-learning/chapt3/topic_practice_ws/src/install/status_interfaces/share/status_interfaces/cmake)
[1.282s] -- Found ament_lint_auto: 0.9.8 (/opt/ros/foxy/share/ament_lint_auto/cmake)
[1.344s] -- Added test 'copyright' to check source files copyright and LICENSE
[1.345s] -- Added test 'cppcheck' to perform static code analysis on C / C++ code
[1.345s] -- Configured cppcheck include dirs: 
[1.345s] -- Configured cppcheck exclude dirs and/or files: 
[1.346s] -- Added test 'cpplint' to check C / C++ code against the Google style
[1.346s] -- Configured cpplint exclude dirs and/or files: 
[1.346s] -- Added test 'lint_cmake' to check CMake code style
[1.347s] -- Added test 'uncrustify' to check C / C++ code style
[1.347s] -- Configured uncrustify additional arguments: 
[1.348s] -- Added test 'xmllint' to check XML markup files
[1.351s] -- Configuring done
[1.358s] -- Generating done
[1.361s] -- Build files have been written to: /home/yunfeibi/Ros_projects/ros2-learning/chapt3/topic_practice_ws/src/build/status_display
[1.368s] Invoked command in '/home/yunfeibi/Ros_projects/ros2-learning/chapt3/topic_practice_ws/src/build/status_display' returned '0': CMAKE_PREFIX_PATH=/home/yunfeibi/Ros_projects/ros2-learning/chapt3/topic_practice_ws/src/install/status_interfaces:/home/yunfeibi/Ros_projects/ros2-learning/chapt3/topic_practice_ws/src/install/status_display:/home/yunfeibi/Ros_projects/ros2-learning/chapt3/topic_practice_ws/src/install/status_publisher:/opt/ros/foxy LD_LIBRARY_PATH=/home/yunfeibi/Ros_projects/ros2-learning/chapt3/topic_practice_ws/src/install/status_interfaces/lib:/home/yunfeibi/dev/grpc_install/lib:/opt/ros/foxy/opt/yaml_cpp_vendor/lib:/opt/ros/foxy/opt/rviz_ogre_vendor/lib:/opt/ros/foxy/lib/x86_64-linux-gnu:/opt/ros/foxy/lib:/home/yunfeibi/dev/grpc_install/lib PYTHONPATH=/home/yunfeibi/Ros_projects/ros2-learning/chapt3/topic_practice_ws/src/install/status_interfaces/lib/python3.8/site-packages:/home/yunfeibi/Ros_projects/ros2-learning/chapt3/topic_practice_ws/src/install/status_publisher/lib/python3.8/site-packages:/opt/ros/foxy/lib/python3.8/site-packages /usr/bin/cmake /home/yunfeibi/Ros_projects/ros2-learning/chapt3/topic_practice_ws/src/status_display -DCMAKE_INSTALL_PREFIX=/home/yunfeibi/Ros_projects/ros2-learning/chapt3/topic_practice_ws/src/install/status_display
[1.370s] Invoking command in '/home/yunfeibi/Ros_projects/ros2-learning/chapt3/topic_practice_ws/src/build/status_display': CMAKE_PREFIX_PATH=/home/yunfeibi/Ros_projects/ros2-learning/chapt3/topic_practice_ws/src/install/status_interfaces:/home/yunfeibi/Ros_projects/ros2-learning/chapt3/topic_practice_ws/src/install/status_display:/home/yunfeibi/Ros_projects/ros2-learning/chapt3/topic_practice_ws/src/install/status_publisher:/opt/ros/foxy LD_LIBRARY_PATH=/home/yunfeibi/Ros_projects/ros2-learning/chapt3/topic_practice_ws/src/install/status_interfaces/lib:/home/yunfeibi/dev/grpc_install/lib:/opt/ros/foxy/opt/yaml_cpp_vendor/lib:/opt/ros/foxy/opt/rviz_ogre_vendor/lib:/opt/ros/foxy/lib/x86_64-linux-gnu:/opt/ros/foxy/lib:/home/yunfeibi/dev/grpc_install/lib PYTHONPATH=/home/yunfeibi/Ros_projects/ros2-learning/chapt3/topic_practice_ws/src/install/status_interfaces/lib/python3.8/site-packages:/home/yunfeibi/Ros_projects/ros2-learning/chapt3/topic_practice_ws/src/install/status_publisher/lib/python3.8/site-packages:/opt/ros/foxy/lib/python3.8/site-packages /usr/bin/cmake --build /home/yunfeibi/Ros_projects/ros2-learning/chapt3/topic_practice_ws/src/build/status_display -- -j12 -l12
[1.412s] [35m[1mScanning dependencies of target hello_qt[0m
[1.412s] [35m[1mScanning dependencies of target sys_status_display[0m
[1.430s] [ 25%] [32mBuilding CXX object CMakeFiles/hello_qt.dir/src/hello_qt.cpp.o[0m
[1.454s] [ 50%] [32mBuilding CXX object CMakeFiles/sys_status_display.dir/src/sys_status_display.cpp.o[0m
[2.043s] [ 75%] [32m[1mLinking CXX executable hello_qt[0m
[2.235s] [ 75%] Built target hello_qt
[4.905s] [100%] [32m[1mLinking CXX executable sys_status_display[0m
[5.329s] [100%] Built target sys_status_display
[5.340s] Invoked command in '/home/yunfeibi/Ros_projects/ros2-learning/chapt3/topic_practice_ws/src/build/status_display' returned '0': CMAKE_PREFIX_PATH=/home/yunfeibi/Ros_projects/ros2-learning/chapt3/topic_practice_ws/src/install/status_interfaces:/home/yunfeibi/Ros_projects/ros2-learning/chapt3/topic_practice_ws/src/install/status_display:/home/yunfeibi/Ros_projects/ros2-learning/chapt3/topic_practice_ws/src/install/status_publisher:/opt/ros/foxy LD_LIBRARY_PATH=/home/yunfeibi/Ros_projects/ros2-learning/chapt3/topic_practice_ws/src/install/status_interfaces/lib:/home/yunfeibi/dev/grpc_install/lib:/opt/ros/foxy/opt/yaml_cpp_vendor/lib:/opt/ros/foxy/opt/rviz_ogre_vendor/lib:/opt/ros/foxy/lib/x86_64-linux-gnu:/opt/ros/foxy/lib:/home/yunfeibi/dev/grpc_install/lib PYTHONPATH=/home/yunfeibi/Ros_projects/ros2-learning/chapt3/topic_practice_ws/src/install/status_interfaces/lib/python3.8/site-packages:/home/yunfeibi/Ros_projects/ros2-learning/chapt3/topic_practice_ws/src/install/status_publisher/lib/python3.8/site-packages:/opt/ros/foxy/lib/python3.8/site-packages /usr/bin/cmake --build /home/yunfeibi/Ros_projects/ros2-learning/chapt3/topic_practice_ws/src/build/status_display -- -j12 -l12
[5.342s] Invoking command in '/home/yunfeibi/Ros_projects/ros2-learning/chapt3/topic_practice_ws/src/build/status_display': CMAKE_PREFIX_PATH=/home/yunfeibi/Ros_projects/ros2-learning/chapt3/topic_practice_ws/src/install/status_interfaces:/home/yunfeibi/Ros_projects/ros2-learning/chapt3/topic_practice_ws/src/install/status_display:/home/yunfeibi/Ros_projects/ros2-learning/chapt3/topic_practice_ws/src/install/status_publisher:/opt/ros/foxy LD_LIBRARY_PATH=/home/yunfeibi/Ros_projects/ros2-learning/chapt3/topic_practice_ws/src/install/status_interfaces/lib:/home/yunfeibi/dev/grpc_install/lib:/opt/ros/foxy/opt/yaml_cpp_vendor/lib:/opt/ros/foxy/opt/rviz_ogre_vendor/lib:/opt/ros/foxy/lib/x86_64-linux-gnu:/opt/ros/foxy/lib:/home/yunfeibi/dev/grpc_install/lib PYTHONPATH=/home/yunfeibi/Ros_projects/ros2-learning/chapt3/topic_practice_ws/src/install/status_interfaces/lib/python3.8/site-packages:/home/yunfeibi/Ros_projects/ros2-learning/chapt3/topic_practice_ws/src/install/status_publisher/lib/python3.8/site-packages:/opt/ros/foxy/lib/python3.8/site-packages /usr/bin/cmake --install /home/yunfeibi/Ros_projects/ros2-learning/chapt3/topic_practice_ws/src/build/status_display
[5.349s] -- Install configuration: ""
[5.349s] -- Installing: /home/yunfeibi/Ros_projects/ros2-learning/chapt3/topic_practice_ws/src/install/status_display/lib/status_display/hello_qt
[5.349s] -- Installing: /home/yunfeibi/Ros_projects/ros2-learning/chapt3/topic_practice_ws/src/install/status_display/lib/status_display/sys_status_display
[5.352s] -- Set runtime path of "/home/yunfeibi/Ros_projects/ros2-learning/chapt3/topic_practice_ws/src/install/status_display/lib/status_display/sys_status_display" to ""
[5.353s] -- Installing: /home/yunfeibi/Ros_projects/ros2-learning/chapt3/topic_practice_ws/src/install/status_display/share/ament_index/resource_index/package_run_dependencies/status_display
[5.353s] -- Installing: /home/yunfeibi/Ros_projects/ros2-learning/chapt3/topic_practice_ws/src/install/status_display/share/ament_index/resource_index/parent_prefix_path/status_display
[5.353s] -- Installing: /home/yunfeibi/Ros_projects/ros2-learning/chapt3/topic_practice_ws/src/install/status_display/share/status_display/environment/ament_prefix_path.sh
[5.353s] -- Installing: /home/yunfeibi/Ros_projects/ros2-learning/chapt3/topic_practice_ws/src/install/status_display/share/status_display/environment/ament_prefix_path.dsv
[5.354s] -- Installing: /home/yunfeibi/Ros_projects/ros2-learning/chapt3/topic_practice_ws/src/install/status_display/share/status_display/environment/path.sh
[5.354s] -- Installing: /home/yunfeibi/Ros_projects/ros2-learning/chapt3/topic_practice_ws/src/install/status_display/share/status_display/environment/path.dsv
[5.354s] -- Installing: /home/yunfeibi/Ros_projects/ros2-learning/chapt3/topic_practice_ws/src/install/status_display/share/status_display/local_setup.bash
[5.354s] -- Installing: /home/yunfeibi/Ros_projects/ros2-learning/chapt3/topic_practice_ws/src/install/status_display/share/status_display/local_setup.sh
[5.354s] -- Installing: /home/yunfeibi/Ros_projects/ros2-learning/chapt3/topic_practice_ws/src/install/status_display/share/status_display/local_setup.zsh
[5.355s] -- Installing: /home/yunfeibi/Ros_projects/ros2-learning/chapt3/topic_practice_ws/src/install/status_display/share/status_display/local_setup.dsv
[5.355s] -- Installing: /home/yunfeibi/Ros_projects/ros2-learning/chapt3/topic_practice_ws/src/install/status_display/share/status_display/package.dsv
[5.355s] -- Installing: /home/yunfeibi/Ros_projects/ros2-learning/chapt3/topic_practice_ws/src/install/status_display/share/ament_index/resource_index/packages/status_display
[5.355s] -- Installing: /home/yunfeibi/Ros_projects/ros2-learning/chapt3/topic_practice_ws/src/install/status_display/share/status_display/cmake/status_displayConfig.cmake
[5.356s] -- Installing: /home/yunfeibi/Ros_projects/ros2-learning/chapt3/topic_practice_ws/src/install/status_display/share/status_display/cmake/status_displayConfig-version.cmake
[5.356s] -- Installing: /home/yunfeibi/Ros_projects/ros2-learning/chapt3/topic_practice_ws/src/install/status_display/share/status_display/package.xml
[5.358s] Invoked command in '/home/yunfeibi/Ros_projects/ros2-learning/chapt3/topic_practice_ws/src/build/status_display' returned '0': CMAKE_PREFIX_PATH=/home/yunfeibi/Ros_projects/ros2-learning/chapt3/topic_practice_ws/src/install/status_interfaces:/home/yunfeibi/Ros_projects/ros2-learning/chapt3/topic_practice_ws/src/install/status_display:/home/yunfeibi/Ros_projects/ros2-learning/chapt3/topic_practice_ws/src/install/status_publisher:/opt/ros/foxy LD_LIBRARY_PATH=/home/yunfeibi/Ros_projects/ros2-learning/chapt3/topic_practice_ws/src/install/status_interfaces/lib:/home/yunfeibi/dev/grpc_install/lib:/opt/ros/foxy/opt/yaml_cpp_vendor/lib:/opt/ros/foxy/opt/rviz_ogre_vendor/lib:/opt/ros/foxy/lib/x86_64-linux-gnu:/opt/ros/foxy/lib:/home/yunfeibi/dev/grpc_install/lib PYTHONPATH=/home/yunfeibi/Ros_projects/ros2-learning/chapt3/topic_practice_ws/src/install/status_interfaces/lib/python3.8/site-packages:/home/yunfeibi/Ros_projects/ros2-learning/chapt3/topic_practice_ws/src/install/status_publisher/lib/python3.8/site-packages:/opt/ros/foxy/lib/python3.8/site-packages /usr/bin/cmake --install /home/yunfeibi/Ros_projects/ros2-learning/chapt3/topic_practice_ws/src/build/status_display
