-- The C compiler identification is GNU 9.4.0
-- The CXX compiler identification is GNU 9.4.0
-- Check for working C compiler: /usr/bin/cc
-- Check for working C compiler: /usr/bin/cc -- works
-- Detecting C compiler ABI info
-- Detecting C compiler ABI info - done
-- Detecting C compile features
-- Detecting C compile features - done
-- Check for working CXX compiler: /usr/bin/c++
-- Check for working CXX compiler: /usr/bin/c++ -- works
-- Detecting CXX compiler ABI info
-- Detecting CXX compiler ABI info - done
-- Detecting CXX compile features
-- Detecting CXX compile features - done
-- Found ament_cmake: 1.2.1 (/opt/ros/rolling/share/ament_cmake/cmake)
-- Found Python3: /usr/bin/python3.8 (found version "3.8.10") found components: Interpreter 
-- Found rclcpp: 15.0.0 (/opt/ros/rolling/share/rclcpp/cmake)
-- Using all available rosidl_typesupport_c: rosidl_typesupport_fastrtps_c;rosidl_typesupport_introspection_c
-- Found rosidl_adapter: 3.0.1 (/opt/ros/rolling/share/rosidl_adapter/cmake)
-- Using all available rosidl_typesupport_cpp: rosidl_typesupport_fastrtps_cpp;rosidl_typesupport_introspection_cpp
-- Found rmw_implementation_cmake: 5.1.0 (/opt/ros/rolling/share/rmw_implementation_cmake/cmake)
-- Found rmw_cyclonedds_cpp: 1.1.2 (/opt/ros/rolling/share/rmw_cyclonedds_cpp/cmake)
-- Using RMW implementation 'rmw_cyclonedds_cpp' as default
-- Found rclcpp_components: 15.0.0 (/opt/ros/rolling/share/rclcpp_components/cmake)
-- Found ament_lint_auto: 0.11.4 (/opt/ros/rolling/share/ament_lint_auto/cmake)
-- Added test 'cppcheck' to perform static code analysis on C / C++ code
-- Configured cppcheck include dirs: /home/yunfeibi/Ros_projects/ros2-learning/chapt10/src/learn_compose/include
-- Configured cppcheck exclude dirs and/or files: 
-- Added test 'lint_cmake' to check CMake code style
-- Added test 'uncrustify' to check C / C++ code style
-- Configured uncrustify additional arguments: 
-- Added test 'xmllint' to check XML markup files
-- Configuring done
-- Generating done
-- Build files have been written to: /home/yunfeibi/Ros_projects/ros2-learning/chapt10/build/learn_compose
[35m[1mScanning dependencies of target listener_component[0m
[35m[1mScanning dependencies of target intra_process_pubsub[0m
[35m[1mScanning dependencies of target talker_component[0m
[ 12%] [32mBuilding CXX object CMakeFiles/listener_component.dir/src/listener.cpp.o[0m
[ 25%] [32mBuilding CXX object CMakeFiles/talker_component.dir/src/talker.cpp.o[0m
[ 37%] [32mBuilding CXX object CMakeFiles/intra_process_pubsub.dir/src/intra_process_pubsub.cpp.o[0m
[ 50%] [32mBuilding CXX object CMakeFiles/intra_process_pubsub.dir/src/talker.cpp.o[0m
[ 62%] [32mBuilding CXX object CMakeFiles/intra_process_pubsub.dir/src/listener.cpp.o[0m
[ 75%] [32m[1mLinking CXX shared library libtalker_component.so[0m
[ 75%] Built target talker_component
[ 87%] [32m[1mLinking CXX executable intra_process_pubsub[0m
[ 87%] Built target intra_process_pubsub
[100%] [32m[1mLinking CXX shared library liblistener_component.so[0m
[100%] Built target listener_component
-- Install configuration: ""
-- Installing: /home/yunfeibi/Ros_projects/ros2-learning/chapt10/install/learn_compose/lib/learn_compose/intra_process_pubsub
-- Set runtime path of "/home/yunfeibi/Ros_projects/ros2-learning/chapt10/install/learn_compose/lib/learn_compose/intra_process_pubsub" to ""
-- Installing: /home/yunfeibi/Ros_projects/ros2-learning/chapt10/install/learn_compose/lib/libtalker_component.so
-- Set runtime path of "/home/yunfeibi/Ros_projects/ros2-learning/chapt10/install/learn_compose/lib/libtalker_component.so" to ""
-- Installing: /home/yunfeibi/Ros_projects/ros2-learning/chapt10/install/learn_compose/lib/liblistener_component.so
-- Set runtime path of "/home/yunfeibi/Ros_projects/ros2-learning/chapt10/install/learn_compose/lib/liblistener_component.so" to ""
-- Installing: /home/yunfeibi/Ros_projects/ros2-learning/chapt10/install/learn_compose/share/ament_index/resource_index/package_run_dependencies/learn_compose
-- Installing: /home/yunfeibi/Ros_projects/ros2-learning/chapt10/install/learn_compose/share/ament_index/resource_index/parent_prefix_path/learn_compose
-- Installing: /home/yunfeibi/Ros_projects/ros2-learning/chapt10/install/learn_compose/share/learn_compose/environment/ament_prefix_path.sh
-- Installing: /home/yunfeibi/Ros_projects/ros2-learning/chapt10/install/learn_compose/share/learn_compose/environment/ament_prefix_path.dsv
-- Installing: /home/yunfeibi/Ros_projects/ros2-learning/chapt10/install/learn_compose/share/learn_compose/environment/path.sh
-- Installing: /home/yunfeibi/Ros_projects/ros2-learning/chapt10/install/learn_compose/share/learn_compose/environment/path.dsv
-- Installing: /home/yunfeibi/Ros_projects/ros2-learning/chapt10/install/learn_compose/share/learn_compose/local_setup.bash
-- Installing: /home/yunfeibi/Ros_projects/ros2-learning/chapt10/install/learn_compose/share/learn_compose/local_setup.sh
-- Installing: /home/yunfeibi/Ros_projects/ros2-learning/chapt10/install/learn_compose/share/learn_compose/local_setup.zsh
-- Installing: /home/yunfeibi/Ros_projects/ros2-learning/chapt10/install/learn_compose/share/learn_compose/local_setup.dsv
-- Installing: /home/yunfeibi/Ros_projects/ros2-learning/chapt10/install/learn_compose/share/learn_compose/package.dsv
-- Installing: /home/yunfeibi/Ros_projects/ros2-learning/chapt10/install/learn_compose/share/ament_index/resource_index/packages/learn_compose
-- Installing: /home/yunfeibi/Ros_projects/ros2-learning/chapt10/install/learn_compose/share/ament_index/resource_index/rclcpp_components/learn_compose
-- Installing: /home/yunfeibi/Ros_projects/ros2-learning/chapt10/install/learn_compose/share/learn_compose/cmake/learn_composeConfig.cmake
-- Installing: /home/yunfeibi/Ros_projects/ros2-learning/chapt10/install/learn_compose/share/learn_compose/cmake/learn_composeConfig-version.cmake
-- Installing: /home/yunfeibi/Ros_projects/ros2-learning/chapt10/install/learn_compose/share/learn_compose/package.xml
