[0.131s] DEBUG:colcon:Command line arguments: ['/usr/bin/colcon', 'build']
[0.131s] DEBUG:colcon:Parsed command line arguments: Namespace(allow_overriding=[], ament_cmake_args=None, base_paths=['.'], build_base='build', catkin_cmake_args=None, catkin_skip_building_tests=False, cmake_args=None, cmake_clean_cache=False, cmake_clean_first=False, cmake_force_configure=False, cmake_target=None, cmake_target_skip_unavailable=False, continue_on_error=False, event_handlers=None, executor='parallel', ignore_user_meta=False, install_base='install', log_base=None, log_level=None, main=<bound method BuildVerb.main of <colcon_core.verb.build.BuildVerb object at 0x7ff115e00910>>, merge_install=False, metas=['./colcon.meta'], packages_above=None, packages_above_and_dependencies=None, packages_above_depth=None, packages_end=None, packages_ignore=None, packages_ignore_regex=None, packages_select=None, packages_select_build_failed=False, packages_select_by_dep=None, packages_select_regex=None, packages_select_test_failures=False, packages_skip=None, packages_skip_build_finished=False, packages_skip_by_dep=None, packages_skip_regex=None, packages_skip_test_passed=False, packages_skip_up_to=None, packages_start=None, packages_up_to=None, packages_up_to_regex=None, parallel_workers=12, paths=None, symlink_install=False, test_result_base=None, verb_extension=<colcon_core.verb.build.BuildVerb object at 0x7ff115e00910>, verb_name='build', verb_parser=<colcon_defaults.argument_parser.defaults.DefaultArgumentsDecorator object at 0x7ff115cdadc0>)
[0.243s] Level 1:colcon.colcon_core.package_discovery:discover_packages(colcon_meta) check parameters
[0.243s] Level 1:colcon.colcon_core.package_discovery:discover_packages(recursive) check parameters
[0.243s] Level 1:colcon.colcon_core.package_discovery:discover_packages(ignore) check parameters
[0.243s] Level 1:colcon.colcon_core.package_discovery:discover_packages(path) check parameters
[0.243s] Level 1:colcon.colcon_core.package_discovery:discover_packages(colcon_meta) discover
[0.243s] Level 1:colcon.colcon_core.package_discovery:discover_packages(recursive) discover
[0.243s] INFO:colcon.colcon_core.package_discovery:Crawling recursively for packages in '/home/yunfeibi/Ros_projects/ros2-learning/chapt6'
[0.243s] Level 1:colcon.colcon_core.package_identification:_identify(.) by extensions ['ignore', 'ignore_ament_install']
[0.243s] Level 1:colcon.colcon_core.package_identification:_identify(.) by extension 'ignore'
[0.243s] Level 1:colcon.colcon_core.package_identification:_identify(.) by extension 'ignore_ament_install'
[0.243s] Level 1:colcon.colcon_core.package_identification:_identify(.) by extensions ['colcon_pkg']
[0.244s] Level 1:colcon.colcon_core.package_identification:_identify(.) by extension 'colcon_pkg'
[0.244s] Level 1:colcon.colcon_core.package_identification:_identify(.) by extensions ['colcon_meta']
[0.244s] Level 1:colcon.colcon_core.package_identification:_identify(.) by extension 'colcon_meta'
[0.244s] Level 1:colcon.colcon_core.package_identification:_identify(.) by extensions ['ros']
[0.244s] Level 1:colcon.colcon_core.package_identification:_identify(.) by extension 'ros'
[0.251s] Level 1:colcon.colcon_core.package_identification:_identify(.) by extensions ['cmake', 'python']
[0.251s] Level 1:colcon.colcon_core.package_identification:_identify(.) by extension 'cmake'
[0.251s] Level 1:colcon.colcon_core.package_identification:_identify(.) by extension 'python'
[0.251s] Level 1:colcon.colcon_core.package_identification:_identify(.) by extensions ['python_setup_py']
[0.251s] Level 1:colcon.colcon_core.package_identification:_identify(.) by extension 'python_setup_py'
[0.251s] Level 1:colcon.colcon_core.package_identification:_identify(build) by extensions ['ignore', 'ignore_ament_install']
[0.251s] Level 1:colcon.colcon_core.package_identification:_identify(build) by extension 'ignore'
[0.251s] Level 1:colcon.colcon_core.package_identification:_identify(build) ignored
[0.251s] Level 1:colcon.colcon_core.package_identification:_identify(install) by extensions ['ignore', 'ignore_ament_install']
[0.251s] Level 1:colcon.colcon_core.package_identification:_identify(install) by extension 'ignore'
[0.251s] Level 1:colcon.colcon_core.package_identification:_identify(install) ignored
[0.251s] Level 1:colcon.colcon_core.package_identification:_identify(log) by extensions ['ignore', 'ignore_ament_install']
[0.251s] Level 1:colcon.colcon_core.package_identification:_identify(log) by extension 'ignore'
[0.251s] Level 1:colcon.colcon_core.package_identification:_identify(log) ignored
[0.251s] Level 1:colcon.colcon_core.package_identification:_identify(src) by extensions ['ignore', 'ignore_ament_install']
[0.252s] Level 1:colcon.colcon_core.package_identification:_identify(src) by extension 'ignore'
[0.252s] Level 1:colcon.colcon_core.package_identification:_identify(src) by extension 'ignore_ament_install'
[0.252s] Level 1:colcon.colcon_core.package_identification:_identify(src) by extensions ['colcon_pkg']
[0.252s] Level 1:colcon.colcon_core.package_identification:_identify(src) by extension 'colcon_pkg'
[0.252s] Level 1:colcon.colcon_core.package_identification:_identify(src) by extensions ['colcon_meta']
[0.252s] Level 1:colcon.colcon_core.package_identification:_identify(src) by extension 'colcon_meta'
[0.252s] Level 1:colcon.colcon_core.package_identification:_identify(src) by extensions ['ros']
[0.252s] Level 1:colcon.colcon_core.package_identification:_identify(src) by extension 'ros'
[0.252s] Level 1:colcon.colcon_core.package_identification:_identify(src) by extensions ['cmake', 'python']
[0.252s] Level 1:colcon.colcon_core.package_identification:_identify(src) by extension 'cmake'
[0.252s] Level 1:colcon.colcon_core.package_identification:_identify(src) by extension 'python'
[0.252s] Level 1:colcon.colcon_core.package_identification:_identify(src) by extensions ['python_setup_py']
[0.252s] Level 1:colcon.colcon_core.package_identification:_identify(src) by extension 'python_setup_py'
[0.252s] Level 1:colcon.colcon_core.package_identification:_identify(src/fishbot_description) by extensions ['ignore', 'ignore_ament_install']
[0.252s] Level 1:colcon.colcon_core.package_identification:_identify(src/fishbot_description) by extension 'ignore'
[0.252s] Level 1:colcon.colcon_core.package_identification:_identify(src/fishbot_description) by extension 'ignore_ament_install'
[0.252s] Level 1:colcon.colcon_core.package_identification:_identify(src/fishbot_description) by extensions ['colcon_pkg']
[0.252s] Level 1:colcon.colcon_core.package_identification:_identify(src/fishbot_description) by extension 'colcon_pkg'
[0.252s] Level 1:colcon.colcon_core.package_identification:_identify(src/fishbot_description) by extensions ['colcon_meta']
[0.252s] Level 1:colcon.colcon_core.package_identification:_identify(src/fishbot_description) by extension 'colcon_meta'
[0.252s] Level 1:colcon.colcon_core.package_identification:_identify(src/fishbot_description) by extensions ['ros']
[0.252s] Level 1:colcon.colcon_core.package_identification:_identify(src/fishbot_description) by extension 'ros'
[0.254s] DEBUG:colcon.colcon_core.package_identification:Package 'src/fishbot_description' with type 'ros.ament_cmake' and name 'fishbot_description'
[0.254s] Level 1:colcon.colcon_core.package_discovery:discover_packages(recursive) using defaults
[0.254s] Level 1:colcon.colcon_core.package_discovery:discover_packages(ignore) discover
[0.254s] Level 1:colcon.colcon_core.package_discovery:discover_packages(ignore) using defaults
[0.254s] Level 1:colcon.colcon_core.package_discovery:discover_packages(path) discover
[0.254s] Level 1:colcon.colcon_core.package_discovery:discover_packages(path) using defaults
[0.264s] Level 1:colcon.colcon_core.package_discovery:discover_packages(prefix_path) check parameters
[0.264s] Level 1:colcon.colcon_core.package_discovery:discover_packages(prefix_path) discover
[0.271s] WARNING:colcon.colcon_ros.prefix_path.ament:The path '/home/yunfeibi/Ros_projects/ros2-learning/chapt6/install/fishbot_description' in the environment variable AMENT_PREFIX_PATH doesn't exist
[0.271s] WARNING:colcon.colcon_ros.prefix_path.catkin:The path '/home/yunfeibi/Ros_projects/ros2-learning/chapt6/install/fishbot_description' in the environment variable CMAKE_PREFIX_PATH doesn't exist
[0.271s] DEBUG:colcon.colcon_installed_package_information.package_discovery:Found 0 installed packages in /home/yunfeibi/Ros_projects/ros2-learning/chapt6/install
[0.272s] DEBUG:colcon.colcon_installed_package_information.package_discovery:Found 279 installed packages in /opt/ros/rolling
[0.273s] Level 1:colcon.colcon_core.package_discovery:discover_packages(prefix_path) using defaults
[0.326s] Level 5:colcon.colcon_core.verb:set package 'fishbot_description' build argument 'cmake_args' from command line to 'None'
[0.326s] Level 5:colcon.colcon_core.verb:set package 'fishbot_description' build argument 'cmake_target' from command line to 'None'
[0.326s] Level 5:colcon.colcon_core.verb:set package 'fishbot_description' build argument 'cmake_target_skip_unavailable' from command line to 'False'
[0.326s] Level 5:colcon.colcon_core.verb:set package 'fishbot_description' build argument 'cmake_clean_cache' from command line to 'False'
[0.326s] Level 5:colcon.colcon_core.verb:set package 'fishbot_description' build argument 'cmake_clean_first' from command line to 'False'
[0.326s] Level 5:colcon.colcon_core.verb:set package 'fishbot_description' build argument 'cmake_force_configure' from command line to 'False'
[0.326s] Level 5:colcon.colcon_core.verb:set package 'fishbot_description' build argument 'ament_cmake_args' from command line to 'None'
[0.326s] Level 5:colcon.colcon_core.verb:set package 'fishbot_description' build argument 'catkin_cmake_args' from command line to 'None'
[0.326s] Level 5:colcon.colcon_core.verb:set package 'fishbot_description' build argument 'catkin_skip_building_tests' from command line to 'False'
[0.326s] DEBUG:colcon.colcon_core.verb:Building package 'fishbot_description' with the following arguments: {'ament_cmake_args': None, 'build_base': '/home/yunfeibi/Ros_projects/ros2-learning/chapt6/build/fishbot_description', 'catkin_cmake_args': None, 'catkin_skip_building_tests': False, 'cmake_args': None, 'cmake_clean_cache': False, 'cmake_clean_first': False, 'cmake_force_configure': False, 'cmake_target': None, 'cmake_target_skip_unavailable': False, 'install_base': '/home/yunfeibi/Ros_projects/ros2-learning/chapt6/install/fishbot_description', 'merge_install': False, 'path': '/home/yunfeibi/Ros_projects/ros2-learning/chapt6/src/fishbot_description', 'symlink_install': False, 'test_result_base': None}
[0.326s] INFO:colcon.colcon_core.executor:Executing jobs using 'parallel' executor
[0.327s] DEBUG:colcon.colcon_parallel_executor.executor.parallel:run_until_complete
[0.327s] INFO:colcon.colcon_ros.task.ament_cmake.build:Building ROS package in '/home/yunfeibi/Ros_projects/ros2-learning/chapt6/src/fishbot_description' with build type 'ament_cmake'
[0.327s] INFO:colcon.colcon_cmake.task.cmake.build:Building CMake package in '/home/yunfeibi/Ros_projects/ros2-learning/chapt6/src/fishbot_description'
[0.328s] INFO:colcon.colcon_core.plugin_system:Skipping extension 'colcon_core.shell.bat': Not used on non-Windows systems
[0.328s] INFO:colcon.colcon_core.shell:Skip shell extension 'powershell' for command environment: Not usable outside of PowerShell
[0.328s] DEBUG:colcon.colcon_core.shell:Skip shell extension 'dsv' for command environment
[0.338s] DEBUG:colcon.colcon_core.event_handler.log_command:Invoking command in '/home/yunfeibi/Ros_projects/ros2-learning/chapt6/build/fishbot_description': CMAKE_PREFIX_PATH=${CMAKE_PREFIX_PATH}:/opt/ros/rolling /usr/bin/cmake /home/yunfeibi/Ros_projects/ros2-learning/chapt6/src/fishbot_description -DCMAKE_INSTALL_PREFIX=/home/yunfeibi/Ros_projects/ros2-learning/chapt6/install/fishbot_description
[1.060s] DEBUG:colcon.colcon_core.event_handler.log_command:Invoked command in '/home/yunfeibi/Ros_projects/ros2-learning/chapt6/build/fishbot_description' returned '0': CMAKE_PREFIX_PATH=${CMAKE_PREFIX_PATH}:/opt/ros/rolling /usr/bin/cmake /home/yunfeibi/Ros_projects/ros2-learning/chapt6/src/fishbot_description -DCMAKE_INSTALL_PREFIX=/home/yunfeibi/Ros_projects/ros2-learning/chapt6/install/fishbot_description
[1.063s] DEBUG:colcon.colcon_core.event_handler.log_command:Invoking command in '/home/yunfeibi/Ros_projects/ros2-learning/chapt6/build/fishbot_description': CMAKE_PREFIX_PATH=${CMAKE_PREFIX_PATH}:/opt/ros/rolling /usr/bin/cmake --build /home/yunfeibi/Ros_projects/ros2-learning/chapt6/build/fishbot_description -- -j12 -l12
[1.108s] DEBUG:colcon.colcon_core.event_handler.log_command:Invoked command in '/home/yunfeibi/Ros_projects/ros2-learning/chapt6/build/fishbot_description' returned '0': CMAKE_PREFIX_PATH=${CMAKE_PREFIX_PATH}:/opt/ros/rolling /usr/bin/cmake --build /home/yunfeibi/Ros_projects/ros2-learning/chapt6/build/fishbot_description -- -j12 -l12
[1.124s] DEBUG:colcon.colcon_core.event_handler.log_command:Invoking command in '/home/yunfeibi/Ros_projects/ros2-learning/chapt6/build/fishbot_description': CMAKE_PREFIX_PATH=${CMAKE_PREFIX_PATH}:/opt/ros/rolling /usr/bin/cmake --install /home/yunfeibi/Ros_projects/ros2-learning/chapt6/build/fishbot_description
[1.136s] Level 1:colcon.colcon_core.environment:create_environment_scripts_only(fishbot_description)
[1.137s] DEBUG:colcon.colcon_core.event_handler.log_command:Invoked command in '/home/yunfeibi/Ros_projects/ros2-learning/chapt6/build/fishbot_description' returned '0': CMAKE_PREFIX_PATH=${CMAKE_PREFIX_PATH}:/opt/ros/rolling /usr/bin/cmake --install /home/yunfeibi/Ros_projects/ros2-learning/chapt6/build/fishbot_description
[1.139s] Level 1:colcon.colcon_core.environment:checking '/home/yunfeibi/Ros_projects/ros2-learning/chapt6/install/fishbot_description' for CMake module files
[1.140s] Level 1:colcon.colcon_core.environment:checking '/home/yunfeibi/Ros_projects/ros2-learning/chapt6/install/fishbot_description' for CMake config files
[1.140s] Level 1:colcon.colcon_core.shell:create_environment_hook('fishbot_description', 'cmake_prefix_path')
[1.141s] INFO:colcon.colcon_core.shell:Creating environment hook '/home/yunfeibi/Ros_projects/ros2-learning/chapt6/install/fishbot_description/share/fishbot_description/hook/cmake_prefix_path.ps1'
[1.141s] INFO:colcon.colcon_core.shell:Creating environment descriptor '/home/yunfeibi/Ros_projects/ros2-learning/chapt6/install/fishbot_description/share/fishbot_description/hook/cmake_prefix_path.dsv'
[1.142s] INFO:colcon.colcon_core.shell:Creating environment hook '/home/yunfeibi/Ros_projects/ros2-learning/chapt6/install/fishbot_description/share/fishbot_description/hook/cmake_prefix_path.sh'
[1.143s] Level 1:colcon.colcon_core.environment:checking '/home/yunfeibi/Ros_projects/ros2-learning/chapt6/install/fishbot_description/bin'
[1.143s] Level 1:colcon.colcon_core.environment:checking '/home/yunfeibi/Ros_projects/ros2-learning/chapt6/install/fishbot_description/lib/pkgconfig/fishbot_description.pc'
[1.143s] Level 1:colcon.colcon_core.environment:checking '/home/yunfeibi/Ros_projects/ros2-learning/chapt6/install/fishbot_description/lib/python3.8/site-packages'
[1.143s] Level 1:colcon.colcon_core.environment:checking '/home/yunfeibi/Ros_projects/ros2-learning/chapt6/install/fishbot_description/bin'
[1.143s] INFO:colcon.colcon_core.shell:Creating package script '/home/yunfeibi/Ros_projects/ros2-learning/chapt6/install/fishbot_description/share/fishbot_description/package.ps1'
[1.144s] INFO:colcon.colcon_core.shell:Creating package descriptor '/home/yunfeibi/Ros_projects/ros2-learning/chapt6/install/fishbot_description/share/fishbot_description/package.dsv'
[1.145s] INFO:colcon.colcon_core.shell:Creating package script '/home/yunfeibi/Ros_projects/ros2-learning/chapt6/install/fishbot_description/share/fishbot_description/package.sh'
[1.145s] INFO:colcon.colcon_core.shell:Creating package script '/home/yunfeibi/Ros_projects/ros2-learning/chapt6/install/fishbot_description/share/fishbot_description/package.bash'
[1.146s] INFO:colcon.colcon_core.shell:Creating package script '/home/yunfeibi/Ros_projects/ros2-learning/chapt6/install/fishbot_description/share/fishbot_description/package.zsh'
[1.147s] Level 1:colcon.colcon_core.environment:create_file_with_runtime_dependencies(/home/yunfeibi/Ros_projects/ros2-learning/chapt6/install/fishbot_description/share/colcon-core/packages/fishbot_description)
[1.147s] Level 1:colcon.colcon_core.environment:create_environment_scripts_only(fishbot_description)
[1.148s] Level 1:colcon.colcon_core.environment:checking '/home/yunfeibi/Ros_projects/ros2-learning/chapt6/install/fishbot_description' for CMake module files
[1.148s] Level 1:colcon.colcon_core.environment:checking '/home/yunfeibi/Ros_projects/ros2-learning/chapt6/install/fishbot_description' for CMake config files
[1.148s] Level 1:colcon.colcon_core.shell:create_environment_hook('fishbot_description', 'cmake_prefix_path')
[1.149s] INFO:colcon.colcon_core.shell:Creating environment hook '/home/yunfeibi/Ros_projects/ros2-learning/chapt6/install/fishbot_description/share/fishbot_description/hook/cmake_prefix_path.ps1'
[1.149s] INFO:colcon.colcon_core.shell:Creating environment descriptor '/home/yunfeibi/Ros_projects/ros2-learning/chapt6/install/fishbot_description/share/fishbot_description/hook/cmake_prefix_path.dsv'
[1.149s] INFO:colcon.colcon_core.shell:Creating environment hook '/home/yunfeibi/Ros_projects/ros2-learning/chapt6/install/fishbot_description/share/fishbot_description/hook/cmake_prefix_path.sh'
[1.150s] Level 1:colcon.colcon_core.environment:checking '/home/yunfeibi/Ros_projects/ros2-learning/chapt6/install/fishbot_description/bin'
[1.150s] Level 1:colcon.colcon_core.environment:checking '/home/yunfeibi/Ros_projects/ros2-learning/chapt6/install/fishbot_description/lib/pkgconfig/fishbot_description.pc'
[1.150s] Level 1:colcon.colcon_core.environment:checking '/home/yunfeibi/Ros_projects/ros2-learning/chapt6/install/fishbot_description/lib/python3.8/site-packages'
[1.151s] Level 1:colcon.colcon_core.environment:checking '/home/yunfeibi/Ros_projects/ros2-learning/chapt6/install/fishbot_description/bin'
[1.151s] INFO:colcon.colcon_core.shell:Creating package script '/home/yunfeibi/Ros_projects/ros2-learning/chapt6/install/fishbot_description/share/fishbot_description/package.ps1'
[1.152s] INFO:colcon.colcon_core.shell:Creating package descriptor '/home/yunfeibi/Ros_projects/ros2-learning/chapt6/install/fishbot_description/share/fishbot_description/package.dsv'
[1.152s] INFO:colcon.colcon_core.shell:Creating package script '/home/yunfeibi/Ros_projects/ros2-learning/chapt6/install/fishbot_description/share/fishbot_description/package.sh'
[1.153s] INFO:colcon.colcon_core.shell:Creating package script '/home/yunfeibi/Ros_projects/ros2-learning/chapt6/install/fishbot_description/share/fishbot_description/package.bash'
[1.153s] INFO:colcon.colcon_core.shell:Creating package script '/home/yunfeibi/Ros_projects/ros2-learning/chapt6/install/fishbot_description/share/fishbot_description/package.zsh'
[1.154s] Level 1:colcon.colcon_core.environment:create_file_with_runtime_dependencies(/home/yunfeibi/Ros_projects/ros2-learning/chapt6/install/fishbot_description/share/colcon-core/packages/fishbot_description)
[1.154s] DEBUG:colcon.colcon_parallel_executor.executor.parallel:closing loop
[1.154s] DEBUG:colcon.colcon_parallel_executor.executor.parallel:loop closed
[1.154s] DEBUG:colcon.colcon_parallel_executor.executor.parallel:run_until_complete finished with '0'
[1.154s] DEBUG:colcon.colcon_core.event_reactor:joining thread
[1.160s] INFO:colcon.colcon_core.plugin_system:Skipping extension 'colcon_notification.desktop_notification.terminal_notifier': Not used on non-Darwin systems
[1.160s] INFO:colcon.colcon_core.plugin_system:Skipping extension 'colcon_notification.desktop_notification.win32': Not used on non-Windows systems
[1.160s] INFO:colcon.colcon_notification.desktop_notification:Sending desktop notification using 'notify2'
[1.175s] DEBUG:colcon.colcon_core.event_reactor:joined thread
[1.176s] INFO:colcon.colcon_core.shell:Creating prefix script '/home/yunfeibi/Ros_projects/ros2-learning/chapt6/install/local_setup.ps1'
[1.177s] INFO:colcon.colcon_core.shell:Creating prefix util module '/home/yunfeibi/Ros_projects/ros2-learning/chapt6/install/_local_setup_util_ps1.py'
[1.178s] INFO:colcon.colcon_core.shell:Creating prefix chain script '/home/yunfeibi/Ros_projects/ros2-learning/chapt6/install/setup.ps1'
[1.179s] INFO:colcon.colcon_core.shell:Creating prefix script '/home/yunfeibi/Ros_projects/ros2-learning/chapt6/install/local_setup.sh'
[1.180s] INFO:colcon.colcon_core.shell:Creating prefix util module '/home/yunfeibi/Ros_projects/ros2-learning/chapt6/install/_local_setup_util_sh.py'
[1.180s] INFO:colcon.colcon_core.shell:Creating prefix chain script '/home/yunfeibi/Ros_projects/ros2-learning/chapt6/install/setup.sh'
[1.181s] INFO:colcon.colcon_core.shell:Creating prefix script '/home/yunfeibi/Ros_projects/ros2-learning/chapt6/install/local_setup.bash'
[1.181s] INFO:colcon.colcon_core.shell:Creating prefix chain script '/home/yunfeibi/Ros_projects/ros2-learning/chapt6/install/setup.bash'
[1.182s] INFO:colcon.colcon_core.shell:Creating prefix script '/home/yunfeibi/Ros_projects/ros2-learning/chapt6/install/local_setup.zsh'
[1.182s] INFO:colcon.colcon_core.shell:Creating prefix chain script '/home/yunfeibi/Ros_projects/ros2-learning/chapt6/install/setup.zsh'
