[0.120s] DEBUG:colcon:Command line arguments: ['/usr/bin/colcon', 'build']
[0.120s] DEBUG:colcon:Parsed command line arguments: Namespace(allow_overriding=[], ament_cmake_args=None, base_paths=['.'], build_base='build', catkin_cmake_args=None, catkin_skip_building_tests=False, cmake_args=None, cmake_clean_cache=False, cmake_clean_first=False, cmake_force_configure=False, cmake_target=None, cmake_target_skip_unavailable=False, continue_on_error=False, event_handlers=None, executor='parallel', ignore_user_meta=False, install_base='install', log_base=None, log_level=None, main=<bound method BuildVerb.main of <colcon_core.verb.build.BuildVerb object at 0x7f6375e9a1c0>>, merge_install=False, metas=['./colcon.meta'], packages_above=None, packages_above_and_dependencies=None, packages_above_depth=None, packages_end=None, packages_ignore=None, packages_ignore_regex=None, packages_select=None, packages_select_build_failed=False, packages_select_by_dep=None, packages_select_regex=None, packages_select_test_failures=False, packages_skip=None, packages_skip_build_finished=False, packages_skip_by_dep=None, packages_skip_regex=None, packages_skip_test_passed=False, packages_skip_up_to=None, packages_start=None, packages_up_to=None, packages_up_to_regex=None, parallel_workers=12, paths=None, symlink_install=False, test_result_base=None, verb_extension=<colcon_core.verb.build.BuildVerb object at 0x7f6375e9a1c0>, verb_name='build', verb_parser=<colcon_defaults.argument_parser.defaults.DefaultArgumentsDecorator object at 0x7f6375de6610>)
[0.219s] Level 1:colcon.colcon_core.package_discovery:discover_packages(colcon_meta) check parameters
[0.219s] Level 1:colcon.colcon_core.package_discovery:discover_packages(recursive) check parameters
[0.219s] Level 1:colcon.colcon_core.package_discovery:discover_packages(ignore) check parameters
[0.219s] Level 1:colcon.colcon_core.package_discovery:discover_packages(path) check parameters
[0.219s] Level 1:colcon.colcon_core.package_discovery:discover_packages(colcon_meta) discover
[0.219s] Level 1:colcon.colcon_core.package_discovery:discover_packages(recursive) discover
[0.219s] INFO:colcon.colcon_core.package_discovery:Crawling recursively for packages in '/home/yunfeibi/Ros_projects/ros2-learning/chapt2/chapt2_ws/src'
[0.219s] Level 1:colcon.colcon_core.package_identification:_identify(.) by extensions ['ignore', 'ignore_ament_install']
[0.219s] Level 1:colcon.colcon_core.package_identification:_identify(.) by extension 'ignore'
[0.219s] Level 1:colcon.colcon_core.package_identification:_identify(.) by extension 'ignore_ament_install'
[0.219s] Level 1:colcon.colcon_core.package_identification:_identify(.) by extensions ['colcon_pkg']
[0.219s] Level 1:colcon.colcon_core.package_identification:_identify(.) by extension 'colcon_pkg'
[0.219s] Level 1:colcon.colcon_core.package_identification:_identify(.) by extensions ['colcon_meta']
[0.219s] Level 1:colcon.colcon_core.package_identification:_identify(.) by extension 'colcon_meta'
[0.219s] Level 1:colcon.colcon_core.package_identification:_identify(.) by extensions ['ros']
[0.219s] Level 1:colcon.colcon_core.package_identification:_identify(.) by extension 'ros'
[0.227s] Level 1:colcon.colcon_core.package_identification:_identify(.) by extensions ['cmake', 'python']
[0.227s] Level 1:colcon.colcon_core.package_identification:_identify(.) by extension 'cmake'
[0.227s] Level 1:colcon.colcon_core.package_identification:_identify(.) by extension 'python'
[0.227s] Level 1:colcon.colcon_core.package_identification:_identify(.) by extensions ['python_setup_py']
[0.227s] Level 1:colcon.colcon_core.package_identification:_identify(.) by extension 'python_setup_py'
[0.227s] Level 1:colcon.colcon_core.package_identification:_identify(build) by extensions ['ignore', 'ignore_ament_install']
[0.227s] Level 1:colcon.colcon_core.package_identification:_identify(build) by extension 'ignore'
[0.227s] Level 1:colcon.colcon_core.package_identification:_identify(build) ignored
[0.227s] Level 1:colcon.colcon_core.package_identification:_identify(demo_cpp_pkg) by extensions ['ignore', 'ignore_ament_install']
[0.227s] Level 1:colcon.colcon_core.package_identification:_identify(demo_cpp_pkg) by extension 'ignore'
[0.227s] Level 1:colcon.colcon_core.package_identification:_identify(demo_cpp_pkg) by extension 'ignore_ament_install'
[0.227s] Level 1:colcon.colcon_core.package_identification:_identify(demo_cpp_pkg) by extensions ['colcon_pkg']
[0.227s] Level 1:colcon.colcon_core.package_identification:_identify(demo_cpp_pkg) by extension 'colcon_pkg'
[0.227s] Level 1:colcon.colcon_core.package_identification:_identify(demo_cpp_pkg) by extensions ['colcon_meta']
[0.227s] Level 1:colcon.colcon_core.package_identification:_identify(demo_cpp_pkg) by extension 'colcon_meta'
[0.227s] Level 1:colcon.colcon_core.package_identification:_identify(demo_cpp_pkg) by extensions ['ros']
[0.227s] Level 1:colcon.colcon_core.package_identification:_identify(demo_cpp_pkg) by extension 'ros'
[0.229s] DEBUG:colcon.colcon_core.package_identification:Package 'demo_cpp_pkg' with type 'ros.ament_cmake' and name 'demo_cpp_pkg'
[0.229s] Level 1:colcon.colcon_core.package_identification:_identify(demo_python_pkg) by extensions ['ignore', 'ignore_ament_install']
[0.229s] Level 1:colcon.colcon_core.package_identification:_identify(demo_python_pkg) by extension 'ignore'
[0.229s] Level 1:colcon.colcon_core.package_identification:_identify(demo_python_pkg) by extension 'ignore_ament_install'
[0.229s] Level 1:colcon.colcon_core.package_identification:_identify(demo_python_pkg) by extensions ['colcon_pkg']
[0.229s] Level 1:colcon.colcon_core.package_identification:_identify(demo_python_pkg) by extension 'colcon_pkg'
[0.229s] Level 1:colcon.colcon_core.package_identification:_identify(demo_python_pkg) by extensions ['colcon_meta']
[0.229s] Level 1:colcon.colcon_core.package_identification:_identify(demo_python_pkg) by extension 'colcon_meta'
[0.229s] Level 1:colcon.colcon_core.package_identification:_identify(demo_python_pkg) by extensions ['ros']
[0.229s] Level 1:colcon.colcon_core.package_identification:_identify(demo_python_pkg) by extension 'ros'
[0.229s] DEBUG:colcon.colcon_core.package_identification:Package 'demo_python_pkg' with type 'ros.ament_python' and name 'demo_python_pkg'
[0.230s] Level 1:colcon.colcon_core.package_identification:_identify(install) by extensions ['ignore', 'ignore_ament_install']
[0.230s] Level 1:colcon.colcon_core.package_identification:_identify(install) by extension 'ignore'
[0.230s] Level 1:colcon.colcon_core.package_identification:_identify(install) ignored
[0.230s] Level 1:colcon.colcon_core.package_identification:_identify(log) by extensions ['ignore', 'ignore_ament_install']
[0.230s] Level 1:colcon.colcon_core.package_identification:_identify(log) by extension 'ignore'
[0.230s] Level 1:colcon.colcon_core.package_identification:_identify(log) ignored
[0.230s] Level 1:colcon.colcon_core.package_discovery:discover_packages(recursive) using defaults
[0.230s] Level 1:colcon.colcon_core.package_discovery:discover_packages(ignore) discover
[0.230s] Level 1:colcon.colcon_core.package_discovery:discover_packages(ignore) using defaults
[0.230s] Level 1:colcon.colcon_core.package_discovery:discover_packages(path) discover
[0.230s] Level 1:colcon.colcon_core.package_discovery:discover_packages(path) using defaults
[0.240s] Level 1:colcon.colcon_core.package_discovery:discover_packages(prefix_path) check parameters
[0.240s] Level 1:colcon.colcon_core.package_discovery:discover_packages(prefix_path) discover
[0.241s] DEBUG:colcon.colcon_installed_package_information.package_discovery:Found 0 installed packages in /home/yunfeibi/Ros_projects/ros2-learning/chapt2/chapt2_ws/src/install
[0.242s] DEBUG:colcon.colcon_installed_package_information.package_discovery:Found 263 installed packages in /opt/ros/foxy
[0.243s] Level 1:colcon.colcon_core.package_discovery:discover_packages(prefix_path) using defaults
[0.288s] Level 5:colcon.colcon_core.verb:set package 'demo_cpp_pkg' build argument 'cmake_args' from command line to 'None'
[0.288s] Level 5:colcon.colcon_core.verb:set package 'demo_cpp_pkg' build argument 'cmake_target' from command line to 'None'
[0.288s] Level 5:colcon.colcon_core.verb:set package 'demo_cpp_pkg' build argument 'cmake_target_skip_unavailable' from command line to 'False'
[0.289s] Level 5:colcon.colcon_core.verb:set package 'demo_cpp_pkg' build argument 'cmake_clean_cache' from command line to 'False'
[0.289s] Level 5:colcon.colcon_core.verb:set package 'demo_cpp_pkg' build argument 'cmake_clean_first' from command line to 'False'
[0.289s] Level 5:colcon.colcon_core.verb:set package 'demo_cpp_pkg' build argument 'cmake_force_configure' from command line to 'False'
[0.289s] Level 5:colcon.colcon_core.verb:set package 'demo_cpp_pkg' build argument 'ament_cmake_args' from command line to 'None'
[0.289s] Level 5:colcon.colcon_core.verb:set package 'demo_cpp_pkg' build argument 'catkin_cmake_args' from command line to 'None'
[0.289s] Level 5:colcon.colcon_core.verb:set package 'demo_cpp_pkg' build argument 'catkin_skip_building_tests' from command line to 'False'
[0.289s] DEBUG:colcon.colcon_core.verb:Building package 'demo_cpp_pkg' with the following arguments: {'ament_cmake_args': None, 'build_base': '/home/yunfeibi/Ros_projects/ros2-learning/chapt2/chapt2_ws/src/build/demo_cpp_pkg', 'catkin_cmake_args': None, 'catkin_skip_building_tests': False, 'cmake_args': None, 'cmake_clean_cache': False, 'cmake_clean_first': False, 'cmake_force_configure': False, 'cmake_target': None, 'cmake_target_skip_unavailable': False, 'install_base': '/home/yunfeibi/Ros_projects/ros2-learning/chapt2/chapt2_ws/src/install/demo_cpp_pkg', 'merge_install': False, 'path': '/home/yunfeibi/Ros_projects/ros2-learning/chapt2/chapt2_ws/src/demo_cpp_pkg', 'symlink_install': False, 'test_result_base': None}
[0.289s] Level 5:colcon.colcon_core.verb:set package 'demo_python_pkg' build argument 'cmake_args' from command line to 'None'
[0.289s] Level 5:colcon.colcon_core.verb:set package 'demo_python_pkg' build argument 'cmake_target' from command line to 'None'
[0.289s] Level 5:colcon.colcon_core.verb:set package 'demo_python_pkg' build argument 'cmake_target_skip_unavailable' from command line to 'False'
[0.289s] Level 5:colcon.colcon_core.verb:set package 'demo_python_pkg' build argument 'cmake_clean_cache' from command line to 'False'
[0.289s] Level 5:colcon.colcon_core.verb:set package 'demo_python_pkg' build argument 'cmake_clean_first' from command line to 'False'
[0.289s] Level 5:colcon.colcon_core.verb:set package 'demo_python_pkg' build argument 'cmake_force_configure' from command line to 'False'
[0.289s] Level 5:colcon.colcon_core.verb:set package 'demo_python_pkg' build argument 'ament_cmake_args' from command line to 'None'
[0.289s] Level 5:colcon.colcon_core.verb:set package 'demo_python_pkg' build argument 'catkin_cmake_args' from command line to 'None'
[0.289s] Level 5:colcon.colcon_core.verb:set package 'demo_python_pkg' build argument 'catkin_skip_building_tests' from command line to 'False'
[0.289s] DEBUG:colcon.colcon_core.verb:Building package 'demo_python_pkg' with the following arguments: {'ament_cmake_args': None, 'build_base': '/home/yunfeibi/Ros_projects/ros2-learning/chapt2/chapt2_ws/src/build/demo_python_pkg', 'catkin_cmake_args': None, 'catkin_skip_building_tests': False, 'cmake_args': None, 'cmake_clean_cache': False, 'cmake_clean_first': False, 'cmake_force_configure': False, 'cmake_target': None, 'cmake_target_skip_unavailable': False, 'install_base': '/home/yunfeibi/Ros_projects/ros2-learning/chapt2/chapt2_ws/src/install/demo_python_pkg', 'merge_install': False, 'path': '/home/yunfeibi/Ros_projects/ros2-learning/chapt2/chapt2_ws/src/demo_python_pkg', 'symlink_install': False, 'test_result_base': None}
[0.289s] INFO:colcon.colcon_core.executor:Executing jobs using 'parallel' executor
[0.290s] DEBUG:colcon.colcon_parallel_executor.executor.parallel:run_until_complete
[0.290s] INFO:colcon.colcon_ros.task.ament_cmake.build:Building ROS package in '/home/yunfeibi/Ros_projects/ros2-learning/chapt2/chapt2_ws/src/demo_cpp_pkg' with build type 'ament_cmake'
[0.290s] INFO:colcon.colcon_cmake.task.cmake.build:Building CMake package in '/home/yunfeibi/Ros_projects/ros2-learning/chapt2/chapt2_ws/src/demo_cpp_pkg'
[0.291s] INFO:colcon.colcon_core.plugin_system:Skipping extension 'colcon_core.shell.bat': Not used on non-Windows systems
[0.291s] INFO:colcon.colcon_core.shell:Skip shell extension 'powershell' for command environment: Not usable outside of PowerShell
[0.291s] DEBUG:colcon.colcon_core.shell:Skip shell extension 'dsv' for command environment
[0.295s] INFO:colcon.colcon_ros.task.ament_python.build:Building ROS package in '/home/yunfeibi/Ros_projects/ros2-learning/chapt2/chapt2_ws/src/demo_python_pkg' with build type 'ament_python'
[0.295s] Level 1:colcon.colcon_core.shell:create_environment_hook('demo_python_pkg', 'ament_prefix_path')
[0.296s] INFO:colcon.colcon_core.shell:Creating environment hook '/home/yunfeibi/Ros_projects/ros2-learning/chapt2/chapt2_ws/src/install/demo_python_pkg/share/demo_python_pkg/hook/ament_prefix_path.ps1'
[0.296s] INFO:colcon.colcon_core.shell:Creating environment descriptor '/home/yunfeibi/Ros_projects/ros2-learning/chapt2/chapt2_ws/src/install/demo_python_pkg/share/demo_python_pkg/hook/ament_prefix_path.dsv'
[0.297s] INFO:colcon.colcon_core.shell:Creating environment hook '/home/yunfeibi/Ros_projects/ros2-learning/chapt2/chapt2_ws/src/install/demo_python_pkg/share/demo_python_pkg/hook/ament_prefix_path.sh'
[0.297s] INFO:colcon.colcon_core.shell:Skip shell extension 'powershell' for command environment: Not usable outside of PowerShell
[0.297s] DEBUG:colcon.colcon_core.shell:Skip shell extension 'dsv' for command environment
[0.305s] DEBUG:colcon.colcon_core.event_handler.log_command:Invoking command in '/home/yunfeibi/Ros_projects/ros2-learning/chapt2/chapt2_ws/src/build/demo_cpp_pkg': CMAKE_PREFIX_PATH=/opt/ros/foxy /usr/bin/cmake /home/yunfeibi/Ros_projects/ros2-learning/chapt2/chapt2_ws/src/demo_cpp_pkg -DCMAKE_INSTALL_PREFIX=/home/yunfeibi/Ros_projects/ros2-learning/chapt2/chapt2_ws/src/install/demo_cpp_pkg
[0.459s] INFO:colcon.colcon_core.task.python.build:Building Python package in '/home/yunfeibi/Ros_projects/ros2-learning/chapt2/chapt2_ws/src/demo_python_pkg'
[0.459s] INFO:colcon.colcon_core.shell:Skip shell extension 'powershell' for command environment: Not usable outside of PowerShell
[0.459s] DEBUG:colcon.colcon_core.shell:Skip shell extension 'dsv' for command environment
[0.749s] DEBUG:colcon.colcon_core.event_handler.log_command:Invoking command in '/home/yunfeibi/Ros_projects/ros2-learning/chapt2/chapt2_ws/src/demo_python_pkg': PYTHONPATH=/home/yunfeibi/Ros_projects/ros2-learning/chapt2/chapt2_ws/src/build/demo_python_pkg/prefix_override:/usr/lib/python3/dist-packages/colcon_core/task/python/colcon_distutils_commands:/home/yunfeibi/Ros_projects/ros2-learning/chapt2/chapt2_ws/src/install/demo_python_pkg/lib/python3.8/site-packages:${PYTHONPATH} /usr/bin/python3 -W ignore:setup.py install is deprecated -W ignore:easy_install command is deprecated setup.py egg_info --egg-base ../build/demo_python_pkg build --build-base /home/yunfeibi/Ros_projects/ros2-learning/chapt2/chapt2_ws/src/build/demo_python_pkg/build install --record /home/yunfeibi/Ros_projects/ros2-learning/chapt2/chapt2_ws/src/build/demo_python_pkg/install.log --install-scripts $base/lib/demo_python_pkg --single-version-externally-managed install_data
[0.944s] DEBUG:colcon.colcon_core.event_handler.log_command:Invoked command in '/home/yunfeibi/Ros_projects/ros2-learning/chapt2/chapt2_ws/src/demo_python_pkg' returned '0': PYTHONPATH=/home/yunfeibi/Ros_projects/ros2-learning/chapt2/chapt2_ws/src/build/demo_python_pkg/prefix_override:/usr/lib/python3/dist-packages/colcon_core/task/python/colcon_distutils_commands:/home/yunfeibi/Ros_projects/ros2-learning/chapt2/chapt2_ws/src/install/demo_python_pkg/lib/python3.8/site-packages:${PYTHONPATH} /usr/bin/python3 -W ignore:setup.py install is deprecated -W ignore:easy_install command is deprecated setup.py egg_info --egg-base ../build/demo_python_pkg build --build-base /home/yunfeibi/Ros_projects/ros2-learning/chapt2/chapt2_ws/src/build/demo_python_pkg/build install --record /home/yunfeibi/Ros_projects/ros2-learning/chapt2/chapt2_ws/src/build/demo_python_pkg/install.log --install-scripts $base/lib/demo_python_pkg --single-version-externally-managed install_data
[0.946s] Level 1:colcon.colcon_core.environment:checking '/home/yunfeibi/Ros_projects/ros2-learning/chapt2/chapt2_ws/src/install/demo_python_pkg' for CMake module files
[0.946s] Level 1:colcon.colcon_core.environment:checking '/home/yunfeibi/Ros_projects/ros2-learning/chapt2/chapt2_ws/src/install/demo_python_pkg' for CMake config files
[0.947s] Level 1:colcon.colcon_core.environment:checking '/home/yunfeibi/Ros_projects/ros2-learning/chapt2/chapt2_ws/src/install/demo_python_pkg/lib'
[0.947s] Level 1:colcon.colcon_core.environment:checking '/home/yunfeibi/Ros_projects/ros2-learning/chapt2/chapt2_ws/src/install/demo_python_pkg/bin'
[0.947s] Level 1:colcon.colcon_core.environment:checking '/home/yunfeibi/Ros_projects/ros2-learning/chapt2/chapt2_ws/src/install/demo_python_pkg/lib/pkgconfig/demo_python_pkg.pc'
[0.947s] Level 1:colcon.colcon_core.environment:checking '/home/yunfeibi/Ros_projects/ros2-learning/chapt2/chapt2_ws/src/install/demo_python_pkg/lib/python3.8/site-packages'
[0.947s] Level 1:colcon.colcon_core.shell:create_environment_hook('demo_python_pkg', 'pythonpath')
[0.948s] INFO:colcon.colcon_core.shell:Creating environment hook '/home/yunfeibi/Ros_projects/ros2-learning/chapt2/chapt2_ws/src/install/demo_python_pkg/share/demo_python_pkg/hook/pythonpath.ps1'
[0.948s] INFO:colcon.colcon_core.shell:Creating environment descriptor '/home/yunfeibi/Ros_projects/ros2-learning/chapt2/chapt2_ws/src/install/demo_python_pkg/share/demo_python_pkg/hook/pythonpath.dsv'
[0.948s] INFO:colcon.colcon_core.shell:Creating environment hook '/home/yunfeibi/Ros_projects/ros2-learning/chapt2/chapt2_ws/src/install/demo_python_pkg/share/demo_python_pkg/hook/pythonpath.sh'
[0.949s] Level 1:colcon.colcon_core.environment:checking '/home/yunfeibi/Ros_projects/ros2-learning/chapt2/chapt2_ws/src/install/demo_python_pkg/bin'
[0.949s] Level 1:colcon.colcon_core.environment:create_environment_scripts_only(demo_python_pkg)
[0.949s] INFO:colcon.colcon_core.shell:Creating package script '/home/yunfeibi/Ros_projects/ros2-learning/chapt2/chapt2_ws/src/install/demo_python_pkg/share/demo_python_pkg/package.ps1'
[0.950s] INFO:colcon.colcon_core.shell:Creating package descriptor '/home/yunfeibi/Ros_projects/ros2-learning/chapt2/chapt2_ws/src/install/demo_python_pkg/share/demo_python_pkg/package.dsv'
[0.950s] INFO:colcon.colcon_core.shell:Creating package script '/home/yunfeibi/Ros_projects/ros2-learning/chapt2/chapt2_ws/src/install/demo_python_pkg/share/demo_python_pkg/package.sh'
[0.951s] INFO:colcon.colcon_core.shell:Creating package script '/home/yunfeibi/Ros_projects/ros2-learning/chapt2/chapt2_ws/src/install/demo_python_pkg/share/demo_python_pkg/package.bash'
[0.952s] INFO:colcon.colcon_core.shell:Creating package script '/home/yunfeibi/Ros_projects/ros2-learning/chapt2/chapt2_ws/src/install/demo_python_pkg/share/demo_python_pkg/package.zsh'
[0.952s] Level 1:colcon.colcon_core.environment:create_file_with_runtime_dependencies(/home/yunfeibi/Ros_projects/ros2-learning/chapt2/chapt2_ws/src/install/demo_python_pkg/share/colcon-core/packages/demo_python_pkg)
[0.957s] DEBUG:colcon.colcon_core.event_handler.log_command:Invoked command in '/home/yunfeibi/Ros_projects/ros2-learning/chapt2/chapt2_ws/src/build/demo_cpp_pkg' returned '0': CMAKE_PREFIX_PATH=/opt/ros/foxy /usr/bin/cmake /home/yunfeibi/Ros_projects/ros2-learning/chapt2/chapt2_ws/src/demo_cpp_pkg -DCMAKE_INSTALL_PREFIX=/home/yunfeibi/Ros_projects/ros2-learning/chapt2/chapt2_ws/src/install/demo_cpp_pkg
[0.960s] DEBUG:colcon.colcon_core.event_handler.log_command:Invoking command in '/home/yunfeibi/Ros_projects/ros2-learning/chapt2/chapt2_ws/src/build/demo_cpp_pkg': CMAKE_PREFIX_PATH=/opt/ros/foxy /usr/bin/cmake --build /home/yunfeibi/Ros_projects/ros2-learning/chapt2/chapt2_ws/src/build/demo_cpp_pkg -- -j12 -l12
[1.002s] DEBUG:colcon.colcon_core.event_handler.log_command:Invoked command in '/home/yunfeibi/Ros_projects/ros2-learning/chapt2/chapt2_ws/src/build/demo_cpp_pkg' returned '0': CMAKE_PREFIX_PATH=/opt/ros/foxy /usr/bin/cmake --build /home/yunfeibi/Ros_projects/ros2-learning/chapt2/chapt2_ws/src/build/demo_cpp_pkg -- -j12 -l12
[1.013s] DEBUG:colcon.colcon_core.event_handler.log_command:Invoking command in '/home/yunfeibi/Ros_projects/ros2-learning/chapt2/chapt2_ws/src/build/demo_cpp_pkg': CMAKE_PREFIX_PATH=/opt/ros/foxy /usr/bin/cmake --install /home/yunfeibi/Ros_projects/ros2-learning/chapt2/chapt2_ws/src/build/demo_cpp_pkg
[1.023s] Level 1:colcon.colcon_core.environment:create_environment_scripts_only(demo_cpp_pkg)
[1.023s] Level 1:colcon.colcon_core.environment:checking '/home/yunfeibi/Ros_projects/ros2-learning/chapt2/chapt2_ws/src/install/demo_cpp_pkg' for CMake module files
[1.023s] DEBUG:colcon.colcon_core.event_handler.log_command:Invoked command in '/home/yunfeibi/Ros_projects/ros2-learning/chapt2/chapt2_ws/src/build/demo_cpp_pkg' returned '0': CMAKE_PREFIX_PATH=/opt/ros/foxy /usr/bin/cmake --install /home/yunfeibi/Ros_projects/ros2-learning/chapt2/chapt2_ws/src/build/demo_cpp_pkg
[1.024s] Level 1:colcon.colcon_core.environment:checking '/home/yunfeibi/Ros_projects/ros2-learning/chapt2/chapt2_ws/src/install/demo_cpp_pkg' for CMake config files
[1.024s] Level 1:colcon.colcon_core.shell:create_environment_hook('demo_cpp_pkg', 'cmake_prefix_path')
[1.024s] INFO:colcon.colcon_core.shell:Creating environment hook '/home/yunfeibi/Ros_projects/ros2-learning/chapt2/chapt2_ws/src/install/demo_cpp_pkg/share/demo_cpp_pkg/hook/cmake_prefix_path.ps1'
[1.025s] INFO:colcon.colcon_core.shell:Creating environment descriptor '/home/yunfeibi/Ros_projects/ros2-learning/chapt2/chapt2_ws/src/install/demo_cpp_pkg/share/demo_cpp_pkg/hook/cmake_prefix_path.dsv'
[1.025s] INFO:colcon.colcon_core.shell:Creating environment hook '/home/yunfeibi/Ros_projects/ros2-learning/chapt2/chapt2_ws/src/install/demo_cpp_pkg/share/demo_cpp_pkg/hook/cmake_prefix_path.sh'
[1.026s] Level 1:colcon.colcon_core.environment:checking '/home/yunfeibi/Ros_projects/ros2-learning/chapt2/chapt2_ws/src/install/demo_cpp_pkg/bin'
[1.026s] Level 1:colcon.colcon_core.environment:checking '/home/yunfeibi/Ros_projects/ros2-learning/chapt2/chapt2_ws/src/install/demo_cpp_pkg/lib/pkgconfig/demo_cpp_pkg.pc'
[1.026s] Level 1:colcon.colcon_core.environment:checking '/home/yunfeibi/Ros_projects/ros2-learning/chapt2/chapt2_ws/src/install/demo_cpp_pkg/lib/python3.8/site-packages'
[1.026s] Level 1:colcon.colcon_core.environment:checking '/home/yunfeibi/Ros_projects/ros2-learning/chapt2/chapt2_ws/src/install/demo_cpp_pkg/bin'
[1.027s] INFO:colcon.colcon_core.shell:Creating package script '/home/yunfeibi/Ros_projects/ros2-learning/chapt2/chapt2_ws/src/install/demo_cpp_pkg/share/demo_cpp_pkg/package.ps1'
[1.027s] INFO:colcon.colcon_core.shell:Creating package descriptor '/home/yunfeibi/Ros_projects/ros2-learning/chapt2/chapt2_ws/src/install/demo_cpp_pkg/share/demo_cpp_pkg/package.dsv'
[1.027s] INFO:colcon.colcon_core.shell:Creating package script '/home/yunfeibi/Ros_projects/ros2-learning/chapt2/chapt2_ws/src/install/demo_cpp_pkg/share/demo_cpp_pkg/package.sh'
[1.028s] INFO:colcon.colcon_core.shell:Creating package script '/home/yunfeibi/Ros_projects/ros2-learning/chapt2/chapt2_ws/src/install/demo_cpp_pkg/share/demo_cpp_pkg/package.bash'
[1.028s] INFO:colcon.colcon_core.shell:Creating package script '/home/yunfeibi/Ros_projects/ros2-learning/chapt2/chapt2_ws/src/install/demo_cpp_pkg/share/demo_cpp_pkg/package.zsh'
[1.028s] Level 1:colcon.colcon_core.environment:create_file_with_runtime_dependencies(/home/yunfeibi/Ros_projects/ros2-learning/chapt2/chapt2_ws/src/install/demo_cpp_pkg/share/colcon-core/packages/demo_cpp_pkg)
[1.029s] Level 1:colcon.colcon_core.environment:create_environment_scripts_only(demo_cpp_pkg)
[1.029s] Level 1:colcon.colcon_core.environment:checking '/home/yunfeibi/Ros_projects/ros2-learning/chapt2/chapt2_ws/src/install/demo_cpp_pkg' for CMake module files
[1.029s] Level 1:colcon.colcon_core.environment:checking '/home/yunfeibi/Ros_projects/ros2-learning/chapt2/chapt2_ws/src/install/demo_cpp_pkg' for CMake config files
[1.029s] Level 1:colcon.colcon_core.shell:create_environment_hook('demo_cpp_pkg', 'cmake_prefix_path')
[1.030s] INFO:colcon.colcon_core.shell:Creating environment hook '/home/yunfeibi/Ros_projects/ros2-learning/chapt2/chapt2_ws/src/install/demo_cpp_pkg/share/demo_cpp_pkg/hook/cmake_prefix_path.ps1'
[1.030s] INFO:colcon.colcon_core.shell:Creating environment descriptor '/home/yunfeibi/Ros_projects/ros2-learning/chapt2/chapt2_ws/src/install/demo_cpp_pkg/share/demo_cpp_pkg/hook/cmake_prefix_path.dsv'
[1.030s] INFO:colcon.colcon_core.shell:Creating environment hook '/home/yunfeibi/Ros_projects/ros2-learning/chapt2/chapt2_ws/src/install/demo_cpp_pkg/share/demo_cpp_pkg/hook/cmake_prefix_path.sh'
[1.031s] Level 1:colcon.colcon_core.environment:checking '/home/yunfeibi/Ros_projects/ros2-learning/chapt2/chapt2_ws/src/install/demo_cpp_pkg/bin'
[1.031s] Level 1:colcon.colcon_core.environment:checking '/home/yunfeibi/Ros_projects/ros2-learning/chapt2/chapt2_ws/src/install/demo_cpp_pkg/lib/pkgconfig/demo_cpp_pkg.pc'
[1.031s] Level 1:colcon.colcon_core.environment:checking '/home/yunfeibi/Ros_projects/ros2-learning/chapt2/chapt2_ws/src/install/demo_cpp_pkg/lib/python3.8/site-packages'
[1.031s] Level 1:colcon.colcon_core.environment:checking '/home/yunfeibi/Ros_projects/ros2-learning/chapt2/chapt2_ws/src/install/demo_cpp_pkg/bin'
[1.031s] INFO:colcon.colcon_core.shell:Creating package script '/home/yunfeibi/Ros_projects/ros2-learning/chapt2/chapt2_ws/src/install/demo_cpp_pkg/share/demo_cpp_pkg/package.ps1'
[1.032s] INFO:colcon.colcon_core.shell:Creating package descriptor '/home/yunfeibi/Ros_projects/ros2-learning/chapt2/chapt2_ws/src/install/demo_cpp_pkg/share/demo_cpp_pkg/package.dsv'
[1.032s] INFO:colcon.colcon_core.shell:Creating package script '/home/yunfeibi/Ros_projects/ros2-learning/chapt2/chapt2_ws/src/install/demo_cpp_pkg/share/demo_cpp_pkg/package.sh'
[1.032s] INFO:colcon.colcon_core.shell:Creating package script '/home/yunfeibi/Ros_projects/ros2-learning/chapt2/chapt2_ws/src/install/demo_cpp_pkg/share/demo_cpp_pkg/package.bash'
[1.033s] INFO:colcon.colcon_core.shell:Creating package script '/home/yunfeibi/Ros_projects/ros2-learning/chapt2/chapt2_ws/src/install/demo_cpp_pkg/share/demo_cpp_pkg/package.zsh'
[1.033s] Level 1:colcon.colcon_core.environment:create_file_with_runtime_dependencies(/home/yunfeibi/Ros_projects/ros2-learning/chapt2/chapt2_ws/src/install/demo_cpp_pkg/share/colcon-core/packages/demo_cpp_pkg)
[1.033s] DEBUG:colcon.colcon_parallel_executor.executor.parallel:closing loop
[1.034s] DEBUG:colcon.colcon_parallel_executor.executor.parallel:loop closed
[1.034s] DEBUG:colcon.colcon_parallel_executor.executor.parallel:run_until_complete finished with '0'
[1.034s] DEBUG:colcon.colcon_core.event_reactor:joining thread
[1.039s] INFO:colcon.colcon_core.plugin_system:Skipping extension 'colcon_notification.desktop_notification.terminal_notifier': Not used on non-Darwin systems
[1.039s] INFO:colcon.colcon_core.plugin_system:Skipping extension 'colcon_notification.desktop_notification.win32': Not used on non-Windows systems
[1.039s] INFO:colcon.colcon_notification.desktop_notification:Sending desktop notification using 'notify2'
[1.055s] DEBUG:colcon.colcon_core.event_reactor:joined thread
[1.055s] INFO:colcon.colcon_core.shell:Creating prefix script '/home/yunfeibi/Ros_projects/ros2-learning/chapt2/chapt2_ws/src/install/local_setup.ps1'
[1.056s] INFO:colcon.colcon_core.shell:Creating prefix util module '/home/yunfeibi/Ros_projects/ros2-learning/chapt2/chapt2_ws/src/install/_local_setup_util_ps1.py'
[1.057s] INFO:colcon.colcon_core.shell:Creating prefix chain script '/home/yunfeibi/Ros_projects/ros2-learning/chapt2/chapt2_ws/src/install/setup.ps1'
[1.057s] INFO:colcon.colcon_core.shell:Creating prefix script '/home/yunfeibi/Ros_projects/ros2-learning/chapt2/chapt2_ws/src/install/local_setup.sh'
[1.058s] INFO:colcon.colcon_core.shell:Creating prefix util module '/home/yunfeibi/Ros_projects/ros2-learning/chapt2/chapt2_ws/src/install/_local_setup_util_sh.py'
[1.058s] INFO:colcon.colcon_core.shell:Creating prefix chain script '/home/yunfeibi/Ros_projects/ros2-learning/chapt2/chapt2_ws/src/install/setup.sh'
[1.059s] INFO:colcon.colcon_core.shell:Creating prefix script '/home/yunfeibi/Ros_projects/ros2-learning/chapt2/chapt2_ws/src/install/local_setup.bash'
[1.059s] INFO:colcon.colcon_core.shell:Creating prefix chain script '/home/yunfeibi/Ros_projects/ros2-learning/chapt2/chapt2_ws/src/install/setup.bash'
[1.059s] INFO:colcon.colcon_core.shell:Creating prefix script '/home/yunfeibi/Ros_projects/ros2-learning/chapt2/chapt2_ws/src/install/local_setup.zsh'
[1.060s] INFO:colcon.colcon_core.shell:Creating prefix chain script '/home/yunfeibi/Ros_projects/ros2-learning/chapt2/chapt2_ws/src/install/setup.zsh'
